[ 2016-07-07T11:16:30+08:00 ] ::1 /520you/Admin/Login/login.html
INFO: [ app_init ] --START--
INFO: Run Behavior\BuildLiteBehavior [ RunTime:0.000000s ]
INFO: [ app_init ] --END-- [ RunTime:0.005000s ]
INFO: [ app_begin ] --START--
INFO: Run Behavior\ReadHtmlCacheBehavior [ RunTime:0.007001s ]
INFO: [ app_begin ] --END-- [ RunTime:0.007001s ]
INFO: [ view_parse ] --START--
INFO: [ template_filter ] --START--
INFO: Run Behavior\ContentReplaceBehavior [ RunTime:0.000000s ]
INFO: [ template_filter ] --END-- [ RunTime:0.000000s ]
INFO: Run Behavior\ParseTemplateBehavior [ RunTime:0.066004s ]
INFO: [ view_parse ] --END-- [ RunTime:0.066004s ]
INFO: [ view_filter ] --START--
INFO: Run Behavior\WriteHtmlCacheBehavior [ RunTime:0.002000s ]
INFO: [ view_filter ] --END-- [ RunTime:0.002000s ]
INFO: [ app_end ] --START--
INFO: Run Behavior\ShowPageTraceBehavior [ RunTime:0.011001s ]
INFO: [ app_end ] --END-- [ RunTime:0.011001s ]

[ 2016-07-07T11:16:31+08:00 ] ::1 /520you/Admin/Login/login.html
INFO: [ app_init ] --START--
INFO: Run Behavior\BuildLiteBehavior [ RunTime:0.000000s ]
INFO: [ app_init ] --END-- [ RunTime:0.000000s ]
INFO: [ app_begin ] --START--
INFO: Run Behavior\ReadHtmlCacheBehavior [ RunTime:0.000000s ]
INFO: [ app_begin ] --END-- [ RunTime:0.000000s ]
INFO: [ view_parse ] --START--
INFO: [ template_filter ] --START--
INFO: Run Behavior\ContentReplaceBehavior [ RunTime:0.000000s ]
INFO: [ template_filter ] --END-- [ RunTime:0.000000s ]
INFO: Run Behavior\ParseTemplateBehavior [ RunTime:0.006000s ]
INFO: [ view_parse ] --END-- [ RunTime:0.006000s ]
INFO: [ view_filter ] --START--
INFO: Run Behavior\WriteHtmlCacheBehavior [ RunTime:0.000000s ]
INFO: [ view_filter ] --END-- [ RunTime:0.000000s ]
INFO: [ app_end ] --START--
INFO: Run Behavior\ShowPageTraceBehavior [ RunTime:0.001000s ]
INFO: [ app_end ] --END-- [ RunTime:0.001000s ]

[ 2016-07-07T11:16:58+08:00 ] ::1 /520you/index.php/Admin/Login/dologin
INFO: [ app_init ] --START--
INFO: Run Behavior\BuildLiteBehavior [ RunTime:0.000000s ]
INFO: [ app_init ] --END-- [ RunTime:0.001000s ]
INFO: [ app_begin ] --START--
INFO: Run Behavior\ReadHtmlCacheBehavior [ RunTime:0.001000s ]
INFO: [ app_begin ] --END-- [ RunTime:0.001000s ]
SQL: SHOW COLUMNS FROM `gp_master` [ RunTime:0.0210s ]
NOTIC: [8] Undefined index: code E:\wamp\www\520you\Application\Admin\Controller\LoginController.class.php 第 19 行.
SQL: SELECT * FROM `gp_master` WHERE `username` = 'admin' AND `password` = '21232f297a57a5a743894a0e4a801fc3' AND `status` = 1 LIMIT 1   [ RunTime:0.0000s ]

[ 2016-07-07T11:16:58+08:00 ] ::1 /520you/index.php/Admin/Index/index
INFO: [ app_init ] --START--
INFO: Run Behavior\BuildLiteBehavior [ RunTime:0.000000s ]
INFO: [ app_init ] --END-- [ RunTime:0.001000s ]
INFO: [ app_begin ] --START--
INFO: Run Behavior\ReadHtmlCacheBehavior [ RunTime:0.001000s ]
INFO: [ app_begin ] --END-- [ RunTime:0.001000s ]
SQL: SHOW COLUMNS FROM `gp_admins_msg` [ RunTime:0.0140s ]
SQL: SHOW COLUMNS FROM `gp_admins_msg_read` [ RunTime:0.0200s ]
SQL: SELECT COUNT(*) AS tp_count FROM `gp_admins_msg_read` WHERE `userid` = 1 AND `read` = 1 LIMIT 1   [ RunTime:0.0000s ]
INFO: [ view_parse ] --START--
INFO: [ template_filter ] --START--
INFO: Run Behavior\ContentReplaceBehavior [ RunTime:0.001000s ]
INFO: [ template_filter ] --END-- [ RunTime:0.001000s ]
INFO: Run Behavior\ParseTemplateBehavior [ RunTime:0.058004s ]
INFO: [ view_parse ] --END-- [ RunTime:0.059004s ]
INFO: [ view_filter ] --START--
INFO: Run Behavior\WriteHtmlCacheBehavior [ RunTime:0.001000s ]
INFO: [ view_filter ] --END-- [ RunTime:0.001000s ]
INFO: [ app_end ] --START--
INFO: Run Behavior\ShowPageTraceBehavior [ RunTime:0.001000s ]
INFO: [ app_end ] --END-- [ RunTime:0.001000s ]

[ 2016-07-07T11:17:08+08:00 ] ::1 /520you/Admin/News/index.html
INFO: [ app_init ] --START--
INFO: Run Behavior\BuildLiteBehavior [ RunTime:0.000000s ]
INFO: [ app_init ] --END-- [ RunTime:0.001000s ]
INFO: [ app_begin ] --START--
INFO: Run Behavior\ReadHtmlCacheBehavior [ RunTime:0.000000s ]
INFO: [ app_begin ] --END-- [ RunTime:0.000000s ]
SQL: SHOW COLUMNS FROM `gp_admins_msg` [ RunTime:0.0020s ]
SQL: SHOW COLUMNS FROM `gp_admins_msg_read` [ RunTime:0.0020s ]
SQL: SELECT COUNT(*) AS tp_count FROM `gp_admins_msg_read` WHERE `userid` = 1 AND `read` = 1 LIMIT 1   [ RunTime:0.0000s ]
INFO: [ view_parse ] --START--
INFO: [ template_filter ] --START--
INFO: Run Behavior\ContentReplaceBehavior [ RunTime:0.001000s ]
INFO: [ template_filter ] --END-- [ RunTime:0.001000s ]
INFO: Run Behavior\ParseTemplateBehavior [ RunTime:0.010001s ]
INFO: [ view_parse ] --END-- [ RunTime:0.010001s ]
INFO: [ view_filter ] --START--
INFO: Run Behavior\WriteHtmlCacheBehavior [ RunTime:0.001000s ]
INFO: [ view_filter ] --END-- [ RunTime:0.001000s ]
INFO: [ app_end ] --START--
INFO: Run Behavior\ShowPageTraceBehavior [ RunTime:0.000000s ]
INFO: [ app_end ] --END-- [ RunTime:0.001000s ]

[ 2016-07-07T11:17:08+08:00 ] ::1 /520you/index.php/Admin/News/getNewsList
INFO: [ app_init ] --START--
INFO: Run Behavior\BuildLiteBehavior [ RunTime:0.000000s ]
INFO: [ app_init ] --END-- [ RunTime:0.000000s ]
INFO: [ app_begin ] --START--
INFO: Run Behavior\ReadHtmlCacheBehavior [ RunTime:0.000000s ]
INFO: [ app_begin ] --END-- [ RunTime:0.000000s ]
SQL: SHOW COLUMNS FROM `gp_admins_msg` [ RunTime:0.0020s ]
SQL: SHOW COLUMNS FROM `gp_admins_msg_read` [ RunTime:0.0020s ]
SQL: SELECT COUNT(*) AS tp_count FROM `gp_admins_msg_read` WHERE `userid` = 1 AND `read` = 1 LIMIT 1   [ RunTime:0.0000s ]
SQL: SHOW COLUMNS FROM `gp_news` [ RunTime:0.0160s ]
NOTIC: [8] Use of undefined constant title - assumed 'title' E:\wamp\www\520you\Application\Admin\Model\NewsModel.class.php 第 19 行.
NOTIC: [8] Use of undefined constant views - assumed 'views' E:\wamp\www\520you\Application\Admin\Model\NewsModel.class.php 第 19 行.
NOTIC: [8] Use of undefined constant recommended - assumed 'recommended' E:\wamp\www\520you\Application\Admin\Model\NewsModel.class.php 第 19 行.
NOTIC: [8] Use of undefined constant createdate - assumed 'createdate' E:\wamp\www\520you\Application\Admin\Model\NewsModel.class.php 第 19 行.
SQL: SELECT gp_news.id as newsid,`title`,`views`,`recommended`,`createdate`,name as typename FROM `gp_news` INNER JOIN gp_dictionary On gp_dictionary.id=gp_news.type  WHERE `status` = 1 ORDER BY createdate desc  [ RunTime:0.0190s ]
NOTIC: [8] Undefined variable: flag E:\wamp\www\520you\Application\Admin\Controller\CommonController.class.php 第 30 行.
NOTIC: [8] Undefined variable: url E:\wamp\www\520you\Application\Admin\Controller\CommonController.class.php 第 35 行.
NOTIC: [2] Missing argument 7 for AjaxPage::__construct(), called in E:\wamp\www\520you\Application\Admin\Controller\CommonController.class.php on line 35 and defined E:\wamp\www\520you\ThinkPHP\Library\Vendor\AjaxPage\AjaxPage.php 第 52 行.
NOTIC: [8] Undefined variable: scroll E:\wamp\www\520you\ThinkPHP\Library\Vendor\AjaxPage\AjaxPage.php 第 53 行.
NOTIC: [8] Undefined variable: flag E:\wamp\www\520you\Application\Admin\Controller\CommonController.class.php 第 39 行.
NOTIC: [2] Invalid argument supplied for foreach() E:\wamp\www\520you\Application\Admin\Controller\CommonController.class.php 第 47 行.
NOTIC: [8] Undefined variable: upPage E:\wamp\www\520you\ThinkPHP\Library\Vendor\AjaxPage\AjaxPage.php 第 200 行.
NOTIC: [8] Undefined variable: downPage E:\wamp\www\520you\ThinkPHP\Library\Vendor\AjaxPage\AjaxPage.php 第 200 行.
INFO: [ view_parse ] --START--
INFO: [ template_filter ] --START--
INFO: Run Behavior\ContentReplaceBehavior [ RunTime:0.000000s ]
INFO: [ template_filter ] --END-- [ RunTime:0.000000s ]
INFO: Run Behavior\ParseTemplateBehavior [ RunTime:0.008000s ]
INFO: [ view_parse ] --END-- [ RunTime:0.008000s ]
INFO: [ view_filter ] --START--
INFO: Run Behavior\WriteHtmlCacheBehavior [ RunTime:0.000000s ]
INFO: [ view_filter ] --END-- [ RunTime:0.000000s ]

[ 2016-07-07T11:17:16+08:00 ] ::1 /520you/Admin/News/addNew.html
INFO: [ app_init ] --START--
INFO: Run Behavior\BuildLiteBehavior [ RunTime:0.000000s ]
INFO: [ app_init ] --END-- [ RunTime:0.000000s ]
INFO: [ app_begin ] --START--
INFO: Run Behavior\ReadHtmlCacheBehavior [ RunTime:0.000000s ]
INFO: [ app_begin ] --END-- [ RunTime:0.000000s ]
SQL: SHOW COLUMNS FROM `gp_admins_msg` [ RunTime:0.0030s ]
SQL: SHOW COLUMNS FROM `gp_admins_msg_read` [ RunTime:0.0030s ]
SQL: SELECT COUNT(*) AS tp_count FROM `gp_admins_msg_read` WHERE `userid` = 1 AND `read` = 1 LIMIT 1   [ RunTime:0.0000s ]
SQL: SHOW COLUMNS FROM `gp_news` [ RunTime:0.0030s ]
SQL: SHOW COLUMNS FROM `gp_dictionary` [ RunTime:0.0020s ]
SQL: SELECT * FROM `gp_dictionary` WHERE `type` = 'newtype'  [ RunTime:0.0000s ]
INFO: [ view_parse ] --START--
INFO: [ template_filter ] --START--
INFO: Run Behavior\ContentReplaceBehavior [ RunTime:0.000000s ]
INFO: [ template_filter ] --END-- [ RunTime:0.000000s ]
NOTIC: [8] Undefined variable: title E:\wamp\www\520you\Application\Runtime\Cache\Admin\ba994227a99e134b4718749529a96706.php 第 6 行.
INFO: Run Behavior\ParseTemplateBehavior [ RunTime:0.030002s ]
INFO: [ view_parse ] --END-- [ RunTime:0.030002s ]
INFO: [ view_filter ] --START--
INFO: Run Behavior\WriteHtmlCacheBehavior [ RunTime:0.000000s ]
INFO: [ view_filter ] --END-- [ RunTime:0.000000s ]
INFO: [ app_end ] --START--
INFO: Run Behavior\ShowPageTraceBehavior [ RunTime:0.001000s ]
INFO: [ app_end ] --END-- [ RunTime:0.001000s ]

[ 2016-07-07T11:17:38+08:00 ] ::1 /520you/Admin/News/addNew.html
INFO: [ app_init ] --START--
INFO: Run Behavior\BuildLiteBehavior [ RunTime:0.000000s ]
INFO: [ app_init ] --END-- [ RunTime:0.000000s ]
INFO: [ app_begin ] --START--
INFO: Run Behavior\ReadHtmlCacheBehavior [ RunTime:0.000000s ]
INFO: [ app_begin ] --END-- [ RunTime:0.000000s ]
SQL: SHOW COLUMNS FROM `gp_admins_msg` [ RunTime:0.0030s ]
SQL: SHOW COLUMNS FROM `gp_admins_msg_read` [ RunTime:0.0020s ]
SQL: SELECT COUNT(*) AS tp_count FROM `gp_admins_msg_read` WHERE `userid` = 1 AND `read` = 1 LIMIT 1   [ RunTime:0.0000s ]
SQL: SHOW COLUMNS FROM `gp_news` [ RunTime:0.0020s ]
SQL: SHOW COLUMNS FROM `gp_dictionary` [ RunTime:0.0020s ]
SQL: SELECT * FROM `gp_dictionary` WHERE `type` = 'newtype'  [ RunTime:0.0000s ]
INFO: [ view_parse ] --START--
INFO: [ template_filter ] --START--
INFO: Run Behavior\ContentReplaceBehavior [ RunTime:0.000000s ]
INFO: [ template_filter ] --END-- [ RunTime:0.000000s ]
NOTIC: [8] Undefined variable: title E:\wamp\www\520you\Application\Runtime\Cache\Admin\ba994227a99e134b4718749529a96706.php 第 6 行.
INFO: Run Behavior\ParseTemplateBehavior [ RunTime:0.012001s ]
INFO: [ view_parse ] --END-- [ RunTime:0.012001s ]
INFO: [ view_filter ] --START--
INFO: Run Behavior\WriteHtmlCacheBehavior [ RunTime:0.000000s ]
INFO: [ view_filter ] --END-- [ RunTime:0.001000s ]
INFO: [ app_end ] --START--
INFO: Run Behavior\ShowPageTraceBehavior [ RunTime:0.001000s ]
INFO: [ app_end ] --END-- [ RunTime:0.001000s ]

[ 2016-07-07T11:19:52+08:00 ] ::1 /520you/Admin/News/addNew.html
INFO: [ app_init ] --START--
INFO: Run Behavior\BuildLiteBehavior [ RunTime:0.000000s ]
INFO: [ app_init ] --END-- [ RunTime:0.001000s ]
INFO: [ app_begin ] --START--
INFO: Run Behavior\ReadHtmlCacheBehavior [ RunTime:0.001000s ]
INFO: [ app_begin ] --END-- [ RunTime:0.001000s ]
SQL: SHOW COLUMNS FROM `gp_admins_msg` [ RunTime:0.0030s ]
SQL: SHOW COLUMNS FROM `gp_admins_msg_read` [ RunTime:0.0020s ]
SQL: SELECT COUNT(*) AS tp_count FROM `gp_admins_msg_read` WHERE `userid` = 1 AND `read` = 1 LIMIT 1   [ RunTime:0.0000s ]
SQL: SHOW COLUMNS FROM `gp_news` [ RunTime:0.0030s ]
SQL: SHOW COLUMNS FROM `gp_dictionary` [ RunTime:0.0030s ]
SQL: SELECT * FROM `gp_dictionary` WHERE `type` = 'newtype'  [ RunTime:0.0000s ]
INFO: [ view_parse ] --START--
INFO: [ template_filter ] --START--
INFO: Run Behavior\ContentReplaceBehavior [ RunTime:0.000000s ]
INFO: [ template_filter ] --END-- [ RunTime:0.000000s ]
NOTIC: [8] Undefined variable: title E:\wamp\www\520you\Application\Runtime\Cache\Admin\ba994227a99e134b4718749529a96706.php 第 6 行.
INFO: Run Behavior\ParseTemplateBehavior [ RunTime:0.011001s ]
INFO: [ view_parse ] --END-- [ RunTime:0.011001s ]
INFO: [ view_filter ] --START--
INFO: Run Behavior\WriteHtmlCacheBehavior [ RunTime:0.000000s ]
INFO: [ view_filter ] --END-- [ RunTime:0.000000s ]
INFO: [ app_end ] --START--
INFO: Run Behavior\ShowPageTraceBehavior [ RunTime:0.001000s ]
INFO: [ app_end ] --END-- [ RunTime:0.001000s ]

[ 2016-07-07T11:19:59+08:00 ] ::1 /520you/index.php/Admin/News/addNew
INFO: [ app_init ] --START--
INFO: Run Behavior\BuildLiteBehavior [ RunTime:0.000000s ]
INFO: [ app_init ] --END-- [ RunTime:0.000000s ]
INFO: [ app_begin ] --START--
INFO: Run Behavior\ReadHtmlCacheBehavior [ RunTime:0.001000s ]
INFO: [ app_begin ] --END-- [ RunTime:0.001000s ]
SQL: SHOW COLUMNS FROM `gp_admins_msg` [ RunTime:0.0020s ]
SQL: SHOW COLUMNS FROM `gp_admins_msg_read` [ RunTime:0.0020s ]
SQL: SELECT COUNT(*) AS tp_count FROM `gp_admins_msg_read` WHERE `userid` = 1 AND `read` = 1 LIMIT 1   [ RunTime:0.0010s ]
SQL: SHOW COLUMNS FROM `gp_news` [ RunTime:0.0020s ]
SQL: SHOW COLUMNS FROM `gp_dictionary` [ RunTime:0.0020s ]
SQL: SELECT * FROM `gp_dictionary` WHERE `type` = 'newtype'  [ RunTime:0.0000s ]
NOTIC: [2] strpos() expects parameter 1 to be string, array given E:\wamp\www\520you\ThinkPHP\Library\Think\Model.class.php 第 1196 行.
NOTIC: [2] strpos() expects parameter 1 to be string, array given E:\wamp\www\520you\ThinkPHP\Library\Think\Model.class.php 第 1196 行.
NOTIC: [2] strpos() expects parameter 1 to be string, array given E:\wamp\www\520you\ThinkPHP\Library\Think\Model.class.php 第 1196 行.
NOTIC: [2] strpos() expects parameter 1 to be string, array given E:\wamp\www\520you\ThinkPHP\Library\Think\Model.class.php 第 1196 行.

[ 2016-07-07T11:20:11+08:00 ] ::1 /520you/index.php/Admin/News/addNew
INFO: [ app_init ] --START--
INFO: Run Behavior\BuildLiteBehavior [ RunTime:0.000000s ]
INFO: [ app_init ] --END-- [ RunTime:0.001000s ]
INFO: [ app_begin ] --START--
INFO: Run Behavior\ReadHtmlCacheBehavior [ RunTime:0.000000s ]
INFO: [ app_begin ] --END-- [ RunTime:0.000000s ]
SQL: SHOW COLUMNS FROM `gp_admins_msg` [ RunTime:0.0030s ]
SQL: SHOW COLUMNS FROM `gp_admins_msg_read` [ RunTime:0.0030s ]
SQL: SELECT COUNT(*) AS tp_count FROM `gp_admins_msg_read` WHERE `userid` = 1 AND `read` = 1 LIMIT 1   [ RunTime:0.0000s ]
SQL: SHOW COLUMNS FROM `gp_news` [ RunTime:0.0040s ]
SQL: SHOW COLUMNS FROM `gp_dictionary` [ RunTime:0.0030s ]
SQL: SELECT * FROM `gp_dictionary` WHERE `type` = 'newtype'  [ RunTime:0.0010s ]
NOTIC: [2] strpos() expects parameter 1 to be string, array given E:\wamp\www\520you\ThinkPHP\Library\Think\Model.class.php 第 1196 行.
NOTIC: [2] strpos() expects parameter 1 to be string, array given E:\wamp\www\520you\ThinkPHP\Library\Think\Model.class.php 第 1196 行.
NOTIC: [2] strpos() expects parameter 1 to be string, array given E:\wamp\www\520you\ThinkPHP\Library\Think\Model.class.php 第 1196 行.
NOTIC: [2] strpos() expects parameter 1 to be string, array given E:\wamp\www\520you\ThinkPHP\Library\Think\Model.class.php 第 1196 行.
NOTIC: [2] strpos() expects parameter 1 to be string, array given E:\wamp\www\520you\ThinkPHP\Library\Think\Model.class.php 第 1196 行.
NOTIC: [2] strpos() expects parameter 1 to be string, array given E:\wamp\www\520you\ThinkPHP\Library\Think\Model.class.php 第 1196 行.
SQL: INSERT INTO `gp_news` (`title`,`author`,`recommended`,`type`,`content`,`createdate`,`createby`) VALUES ('8686866666','6868','0','1','<p>86868</p>','1467861611','admin') [ RunTime:0.1010s ]

[ 2016-07-07T11:20:13+08:00 ] ::1 /520you/index.php/Admin/News/index
INFO: [ app_init ] --START--
INFO: Run Behavior\BuildLiteBehavior [ RunTime:0.000000s ]
INFO: [ app_init ] --END-- [ RunTime:0.000000s ]
INFO: [ app_begin ] --START--
INFO: Run Behavior\ReadHtmlCacheBehavior [ RunTime:0.001000s ]
INFO: [ app_begin ] --END-- [ RunTime:0.001000s ]
SQL: SHOW COLUMNS FROM `gp_admins_msg` [ RunTime:0.0030s ]
SQL: SHOW COLUMNS FROM `gp_admins_msg_read` [ RunTime:0.0030s ]
SQL: SELECT COUNT(*) AS tp_count FROM `gp_admins_msg_read` WHERE `userid` = 1 AND `read` = 1 LIMIT 1   [ RunTime:0.0000s ]
INFO: [ view_parse ] --START--
INFO: [ template_filter ] --START--
INFO: Run Behavior\ContentReplaceBehavior [ RunTime:0.000000s ]
INFO: [ template_filter ] --END-- [ RunTime:0.000000s ]
INFO: Run Behavior\ParseTemplateBehavior [ RunTime:0.010000s ]
INFO: [ view_parse ] --END-- [ RunTime:0.010000s ]
INFO: [ view_filter ] --START--
INFO: Run Behavior\WriteHtmlCacheBehavior [ RunTime:0.000000s ]
INFO: [ view_filter ] --END-- [ RunTime:0.000000s ]
INFO: [ app_end ] --START--
INFO: Run Behavior\ShowPageTraceBehavior [ RunTime:0.001000s ]
INFO: [ app_end ] --END-- [ RunTime:0.001000s ]

[ 2016-07-07T11:20:14+08:00 ] ::1 /520you/index.php/Admin/News/getNewsList
INFO: [ app_init ] --START--
INFO: Run Behavior\BuildLiteBehavior [ RunTime:0.000000s ]
INFO: [ app_init ] --END-- [ RunTime:0.000000s ]
INFO: [ app_begin ] --START--
INFO: Run Behavior\ReadHtmlCacheBehavior [ RunTime:0.001000s ]
INFO: [ app_begin ] --END-- [ RunTime:0.001000s ]
SQL: SHOW COLUMNS FROM `gp_admins_msg` [ RunTime:0.0020s ]
SQL: SHOW COLUMNS FROM `gp_admins_msg_read` [ RunTime:0.0030s ]
SQL: SELECT COUNT(*) AS tp_count FROM `gp_admins_msg_read` WHERE `userid` = 1 AND `read` = 1 LIMIT 1   [ RunTime:0.0000s ]
SQL: SHOW COLUMNS FROM `gp_news` [ RunTime:0.0030s ]
NOTIC: [8] Use of undefined constant title - assumed 'title' E:\wamp\www\520you\Application\Admin\Model\NewsModel.class.php 第 19 行.
NOTIC: [8] Use of undefined constant views - assumed 'views' E:\wamp\www\520you\Application\Admin\Model\NewsModel.class.php 第 19 行.
NOTIC: [8] Use of undefined constant recommended - assumed 'recommended' E:\wamp\www\520you\Application\Admin\Model\NewsModel.class.php 第 19 行.
NOTIC: [8] Use of undefined constant createdate - assumed 'createdate' E:\wamp\www\520you\Application\Admin\Model\NewsModel.class.php 第 19 行.
SQL: SELECT gp_news.id as newsid,`title`,`views`,`recommended`,`createdate`,name as typename FROM `gp_news` INNER JOIN gp_dictionary On gp_dictionary.id=gp_news.type  WHERE `status` = 1 ORDER BY createdate desc  [ RunTime:0.0000s ]
NOTIC: [8] Undefined variable: flag E:\wamp\www\520you\Application\Admin\Controller\CommonController.class.php 第 30 行.
NOTIC: [8] Undefined variable: url E:\wamp\www\520you\Application\Admin\Controller\CommonController.class.php 第 35 行.
NOTIC: [2] Missing argument 7 for AjaxPage::__construct(), called in E:\wamp\www\520you\Application\Admin\Controller\CommonController.class.php on line 35 and defined E:\wamp\www\520you\ThinkPHP\Library\Vendor\AjaxPage\AjaxPage.php 第 52 行.
NOTIC: [8] Undefined variable: scroll E:\wamp\www\520you\ThinkPHP\Library\Vendor\AjaxPage\AjaxPage.php 第 53 行.
NOTIC: [8] Undefined variable: flag E:\wamp\www\520you\Application\Admin\Controller\CommonController.class.php 第 39 行.
NOTIC: [2] Invalid argument supplied for foreach() E:\wamp\www\520you\Application\Admin\Controller\CommonController.class.php 第 47 行.
NOTIC: [8] Undefined variable: upPage E:\wamp\www\520you\ThinkPHP\Library\Vendor\AjaxPage\AjaxPage.php 第 200 行.
NOTIC: [8] Undefined variable: downPage E:\wamp\www\520you\ThinkPHP\Library\Vendor\AjaxPage\AjaxPage.php 第 200 行.
INFO: [ view_parse ] --START--
INFO: [ template_filter ] --START--
INFO: Run Behavior\ContentReplaceBehavior [ RunTime:0.000000s ]
INFO: [ template_filter ] --END-- [ RunTime:0.000000s ]
INFO: Run Behavior\ParseTemplateBehavior [ RunTime:0.009001s ]
INFO: [ view_parse ] --END-- [ RunTime:0.009001s ]
INFO: [ view_filter ] --START--
INFO: Run Behavior\WriteHtmlCacheBehavior [ RunTime:0.001000s ]
INFO: [ view_filter ] --END-- [ RunTime:0.001000s ]

