[ 2016-06-13T10:40:13+08:00 ] ::1 /520you/Admin/Login/login.html
INFO: [ app_init ] --START--
INFO: Run Behavior\BuildLiteBehavior [ RunTime:0.000000s ]
INFO: [ app_init ] --END-- [ RunTime:0.004000s ]
INFO: [ app_begin ] --START--
INFO: Run Behavior\ReadHtmlCacheBehavior [ RunTime:0.007000s ]
INFO: [ app_begin ] --END-- [ RunTime:0.007000s ]
INFO: [ view_parse ] --START--
INFO: [ template_filter ] --START--
INFO: Run Behavior\ContentReplaceBehavior [ RunTime:0.000000s ]
INFO: [ template_filter ] --END-- [ RunTime:0.000000s ]
INFO: Run Behavior\ParseTemplateBehavior [ RunTime:0.027002s ]
INFO: [ view_parse ] --END-- [ RunTime:0.027002s ]
INFO: [ view_filter ] --START--
INFO: Run Behavior\WriteHtmlCacheBehavior [ RunTime:0.001000s ]
INFO: [ view_filter ] --END-- [ RunTime:0.001000s ]
INFO: [ app_end ] --START--
INFO: Run Behavior\ShowPageTraceBehavior [ RunTime:0.008000s ]
INFO: [ app_end ] --END-- [ RunTime:0.009000s ]

[ 2016-06-13T15:53:48+08:00 ] ::1 /520you/Admin/Login/login.html
INFO: [ app_init ] --START--
INFO: Run Behavior\BuildLiteBehavior [ RunTime:0.000000s ]
INFO: [ app_init ] --END-- [ RunTime:0.001000s ]
INFO: [ app_begin ] --START--
INFO: Run Behavior\ReadHtmlCacheBehavior [ RunTime:0.001000s ]
INFO: [ app_begin ] --END-- [ RunTime:0.001000s ]
INFO: [ view_parse ] --START--
INFO: [ template_filter ] --START--
INFO: Run Behavior\ContentReplaceBehavior [ RunTime:0.000000s ]
INFO: [ template_filter ] --END-- [ RunTime:0.000000s ]
INFO: Run Behavior\ParseTemplateBehavior [ RunTime:0.007001s ]
INFO: [ view_parse ] --END-- [ RunTime:0.007001s ]
INFO: [ view_filter ] --START--
INFO: Run Behavior\WriteHtmlCacheBehavior [ RunTime:0.001000s ]
INFO: [ view_filter ] --END-- [ RunTime:0.001000s ]
INFO: [ app_end ] --START--
INFO: Run Behavior\ShowPageTraceBehavior [ RunTime:0.001000s ]
INFO: [ app_end ] --END-- [ RunTime:0.001000s ]

[ 2016-06-13T15:53:59+08:00 ] ::1 /520you/Admin/Login/login.html
INFO: [ app_init ] --START--
INFO: Run Behavior\BuildLiteBehavior [ RunTime:0.000000s ]
INFO: [ app_init ] --END-- [ RunTime:0.001001s ]
INFO: [ app_begin ] --START--
INFO: Run Behavior\ReadHtmlCacheBehavior [ RunTime:0.001000s ]
INFO: [ app_begin ] --END-- [ RunTime:0.001000s ]
INFO: [ view_parse ] --START--
INFO: [ template_filter ] --START--
INFO: Run Behavior\ContentReplaceBehavior [ RunTime:0.000000s ]
INFO: [ template_filter ] --END-- [ RunTime:0.000000s ]
INFO: Run Behavior\ParseTemplateBehavior [ RunTime:0.008000s ]
INFO: [ view_parse ] --END-- [ RunTime:0.008000s ]
INFO: [ view_filter ] --START--
INFO: Run Behavior\WriteHtmlCacheBehavior [ RunTime:0.000000s ]
INFO: [ view_filter ] --END-- [ RunTime:0.000000s ]
INFO: [ app_end ] --START--
INFO: Run Behavior\ShowPageTraceBehavior [ RunTime:0.001000s ]
INFO: [ app_end ] --END-- [ RunTime:0.001000s ]

[ 2016-06-13T15:54:00+08:00 ] ::1 /520you/Admin/Login/login.html
INFO: [ app_init ] --START--
INFO: Run Behavior\BuildLiteBehavior [ RunTime:0.000000s ]
INFO: [ app_init ] --END-- [ RunTime:0.002001s ]
INFO: [ app_begin ] --START--
INFO: Run Behavior\ReadHtmlCacheBehavior [ RunTime:0.001000s ]
INFO: [ app_begin ] --END-- [ RunTime:0.002000s ]
INFO: [ view_parse ] --START--
INFO: [ template_filter ] --START--
INFO: Run Behavior\ContentReplaceBehavior [ RunTime:0.000000s ]
INFO: [ template_filter ] --END-- [ RunTime:0.001000s ]
INFO: Run Behavior\ParseTemplateBehavior [ RunTime:0.010001s ]
INFO: [ view_parse ] --END-- [ RunTime:0.010001s ]
INFO: [ view_filter ] --START--
INFO: Run Behavior\WriteHtmlCacheBehavior [ RunTime:0.000000s ]
INFO: [ view_filter ] --END-- [ RunTime:0.000000s ]
INFO: [ app_end ] --START--
INFO: Run Behavior\ShowPageTraceBehavior [ RunTime:0.000000s ]
INFO: [ app_end ] --END-- [ RunTime:0.000000s ]

[ 2016-06-13T15:54:00+08:00 ] ::1 /520you/Admin/Login/login.html
INFO: [ app_init ] --START--
INFO: Run Behavior\BuildLiteBehavior [ RunTime:0.001000s ]
INFO: [ app_init ] --END-- [ RunTime:0.001000s ]
INFO: [ app_begin ] --START--
INFO: Run Behavior\ReadHtmlCacheBehavior [ RunTime:0.001000s ]
INFO: [ app_begin ] --END-- [ RunTime:0.001000s ]
INFO: [ view_parse ] --START--
INFO: [ template_filter ] --START--
INFO: Run Behavior\ContentReplaceBehavior [ RunTime:0.001000s ]
INFO: [ template_filter ] --END-- [ RunTime:0.001000s ]
INFO: Run Behavior\ParseTemplateBehavior [ RunTime:0.006000s ]
INFO: [ view_parse ] --END-- [ RunTime:0.006000s ]
INFO: [ view_filter ] --START--
INFO: Run Behavior\WriteHtmlCacheBehavior [ RunTime:0.001000s ]
INFO: [ view_filter ] --END-- [ RunTime:0.001000s ]
INFO: [ app_end ] --START--
INFO: Run Behavior\ShowPageTraceBehavior [ RunTime:0.001000s ]
INFO: [ app_end ] --END-- [ RunTime:0.001000s ]

[ 2016-06-13T15:54:07+08:00 ] ::1 /520you/index.php/Admin/Login/dologin
INFO: [ app_init ] --START--
INFO: Run Behavior\BuildLiteBehavior [ RunTime:0.000000s ]
INFO: [ app_init ] --END-- [ RunTime:0.001000s ]
INFO: [ app_begin ] --START--
INFO: Run Behavior\ReadHtmlCacheBehavior [ RunTime:0.001000s ]
INFO: [ app_begin ] --END-- [ RunTime:0.001000s ]
SQL: SHOW COLUMNS FROM `gp_master` [ RunTime:0.0220s ]
NOTIC: [8] Undefined index: code E:\wamp\www\520you\Application\Admin\Controller\LoginController.class.php 第 19 行.
SQL: SELECT * FROM `gp_master` WHERE `username` = 'admin' AND `password` = '21232f297a57a5a743894a0e4a801fc3' AND `status` = 1 LIMIT 1   [ RunTime:0.0750s ]

[ 2016-06-13T15:54:08+08:00 ] ::1 /520you/index.php/Admin/Index/index
INFO: [ app_init ] --START--
INFO: Run Behavior\BuildLiteBehavior [ RunTime:0.000000s ]
INFO: [ app_init ] --END-- [ RunTime:0.001000s ]
INFO: [ app_begin ] --START--
INFO: Run Behavior\ReadHtmlCacheBehavior [ RunTime:0.002000s ]
INFO: [ app_begin ] --END-- [ RunTime:0.002000s ]
SQL: SHOW COLUMNS FROM `gp_admins_msg` [ RunTime:0.0130s ]
SQL: SHOW COLUMNS FROM `gp_admins_msg_read` [ RunTime:0.0210s ]
SQL: SELECT COUNT(*) AS tp_count FROM `gp_admins_msg_read` WHERE `userid` = 1 AND `read` = 1 LIMIT 1   [ RunTime:0.0090s ]
INFO: [ view_parse ] --START--
INFO: [ template_filter ] --START--
INFO: Run Behavior\ContentReplaceBehavior [ RunTime:0.001000s ]
INFO: [ template_filter ] --END-- [ RunTime:0.001000s ]
INFO: Run Behavior\ParseTemplateBehavior [ RunTime:0.074005s ]
INFO: [ view_parse ] --END-- [ RunTime:0.074005s ]
INFO: [ view_filter ] --START--
INFO: Run Behavior\WriteHtmlCacheBehavior [ RunTime:0.002000s ]
INFO: [ view_filter ] --END-- [ RunTime:0.002000s ]
INFO: [ app_end ] --START--
INFO: Run Behavior\ShowPageTraceBehavior [ RunTime:0.001000s ]
INFO: [ app_end ] --END-- [ RunTime:0.001000s ]

[ 2016-06-13T15:54:09+08:00 ] ::1 /520you/Admin/Admins/index.html
INFO: [ app_init ] --START--
INFO: Run Behavior\BuildLiteBehavior [ RunTime:0.000000s ]
INFO: [ app_init ] --END-- [ RunTime:0.000000s ]
INFO: [ app_begin ] --START--
INFO: Run Behavior\ReadHtmlCacheBehavior [ RunTime:0.000000s ]
INFO: [ app_begin ] --END-- [ RunTime:0.002001s ]
SQL: SHOW COLUMNS FROM `gp_admins_msg` [ RunTime:0.0030s ]
SQL: SHOW COLUMNS FROM `gp_admins_msg_read` [ RunTime:0.0030s ]
SQL: SELECT COUNT(*) AS tp_count FROM `gp_admins_msg_read` WHERE `userid` = 1 AND `read` = 1 LIMIT 1   [ RunTime:0.0010s ]
SQL: SHOW COLUMNS FROM `gp_master` [ RunTime:0.0030s ]
NOTIC: [8] Use of undefined constant id - assumed 'id' E:\wamp\www\520you\Application\Admin\Model\AdminsModel.class.php 第 21 行.
NOTIC: [8] Use of undefined constant username - assumed 'username' E:\wamp\www\520you\Application\Admin\Model\AdminsModel.class.php 第 21 行.
NOTIC: [8] Use of undefined constant groupname - assumed 'groupname' E:\wamp\www\520you\Application\Admin\Model\AdminsModel.class.php 第 21 行.
NOTIC: [8] Use of undefined constant createdate - assumed 'createdate' E:\wamp\www\520you\Application\Admin\Model\AdminsModel.class.php 第 21 行.
SQL: SELECT `id`,`username`,`groupname`,`createdate` FROM `gp_master` INNER JOIN gp_groupmanager On gp_groupmanager.groupid=gp_master.groupid  WHERE `status` = 1 ORDER BY groupname desc  [ RunTime:0.0290s ]
INFO: [ view_parse ] --START--
INFO: [ template_filter ] --START--
INFO: Run Behavior\ContentReplaceBehavior [ RunTime:0.000000s ]
INFO: [ template_filter ] --END-- [ RunTime:0.000000s ]
INFO: Run Behavior\ParseTemplateBehavior [ RunTime:0.024002s ]
INFO: [ view_parse ] --END-- [ RunTime:0.024002s ]
INFO: [ view_filter ] --START--
INFO: Run Behavior\WriteHtmlCacheBehavior [ RunTime:0.001000s ]
INFO: [ view_filter ] --END-- [ RunTime:0.001000s ]
INFO: [ app_end ] --START--
INFO: Run Behavior\ShowPageTraceBehavior [ RunTime:0.001000s ]
INFO: [ app_end ] --END-- [ RunTime:0.001000s ]

[ 2016-06-13T15:54:17+08:00 ] ::1 /520you/Admin/Admins/addAccount.html
INFO: [ app_init ] --START--
INFO: Run Behavior\BuildLiteBehavior [ RunTime:0.000000s ]
INFO: [ app_init ] --END-- [ RunTime:0.001000s ]
INFO: [ app_begin ] --START--
INFO: Run Behavior\ReadHtmlCacheBehavior [ RunTime:0.001000s ]
INFO: [ app_begin ] --END-- [ RunTime:0.001000s ]
SQL: SHOW COLUMNS FROM `gp_admins_msg` [ RunTime:0.0030s ]
SQL: SHOW COLUMNS FROM `gp_admins_msg_read` [ RunTime:0.0030s ]
SQL: SELECT COUNT(*) AS tp_count FROM `gp_admins_msg_read` WHERE `userid` = 1 AND `read` = 1 LIMIT 1   [ RunTime:0.0010s ]
SQL: SHOW COLUMNS FROM `gp_master` [ RunTime:0.0020s ]
SQL: SHOW COLUMNS FROM `gp_groupmanager` [ RunTime:0.0020s ]
SQL: SELECT * FROM `gp_groupmanager`  [ RunTime:0.0000s ]
INFO: [ view_parse ] --START--
INFO: [ template_filter ] --START--
INFO: Run Behavior\ContentReplaceBehavior [ RunTime:0.000000s ]
INFO: [ template_filter ] --END-- [ RunTime:0.000000s ]
NOTIC: [8] Undefined variable: title E:\wamp\www\520you\Application\Runtime\Cache\Admin\7f759776859b4d54b6b33632e627c56c.php 第 6 行.
INFO: Run Behavior\ParseTemplateBehavior [ RunTime:0.020002s ]
INFO: [ view_parse ] --END-- [ RunTime:0.021002s ]
INFO: [ view_filter ] --START--
INFO: Run Behavior\WriteHtmlCacheBehavior [ RunTime:0.000000s ]
INFO: [ view_filter ] --END-- [ RunTime:0.000000s ]
INFO: [ app_end ] --START--
INFO: Run Behavior\ShowPageTraceBehavior [ RunTime:0.000000s ]
INFO: [ app_end ] --END-- [ RunTime:0.000000s ]

[ 2016-06-13T15:55:02+08:00 ] ::1 /520you/index.php/Admin/Admins/addAccount
INFO: [ app_init ] --START--
INFO: Run Behavior\BuildLiteBehavior [ RunTime:0.000000s ]
INFO: [ app_init ] --END-- [ RunTime:0.000000s ]
INFO: [ app_begin ] --START--
INFO: Run Behavior\ReadHtmlCacheBehavior [ RunTime:0.001000s ]
INFO: [ app_begin ] --END-- [ RunTime:0.001000s ]
SQL: SHOW COLUMNS FROM `gp_admins_msg` [ RunTime:0.0030s ]
SQL: SHOW COLUMNS FROM `gp_admins_msg_read` [ RunTime:0.0020s ]
SQL: SELECT COUNT(*) AS tp_count FROM `gp_admins_msg_read` WHERE `userid` = 1 AND `read` = 1 LIMIT 1   [ RunTime:0.0010s ]
SQL: SHOW COLUMNS FROM `gp_master` [ RunTime:0.0020s ]
SQL: SHOW COLUMNS FROM `gp_groupmanager` [ RunTime:0.0030s ]
SQL: SELECT * FROM `gp_groupmanager`  [ RunTime:0.0000s ]
NOTIC: [2] strpos() expects parameter 1 to be string, array given E:\wamp\www\520you\ThinkPHP\Library\Think\Model.class.php 第 1196 行.
NOTIC: [2] strpos() expects parameter 1 to be string, array given E:\wamp\www\520you\ThinkPHP\Library\Think\Model.class.php 第 1196 行.
NOTIC: [2] strpos() expects parameter 1 to be string, array given E:\wamp\www\520you\ThinkPHP\Library\Think\Model.class.php 第 1196 行.
NOTIC: [2] strpos() expects parameter 1 to be string, array given E:\wamp\www\520you\ThinkPHP\Library\Think\Model.class.php 第 1196 行.
SQL: SELECT * FROM `gp_master` WHERE `username` = 'guangpu' LIMIT 1   [ RunTime:0.0000s ]
NOTIC: [2] strpos() expects parameter 1 to be string, array given E:\wamp\www\520you\ThinkPHP\Library\Think\Model.class.php 第 1196 行.
NOTIC: [2] strpos() expects parameter 1 to be string, array given E:\wamp\www\520you\ThinkPHP\Library\Think\Model.class.php 第 1196 行.
NOTIC: [2] strpos() expects parameter 1 to be string, array given E:\wamp\www\520you\ThinkPHP\Library\Think\Model.class.php 第 1196 行.
NOTIC: [2] strpos() expects parameter 1 to be string, array given E:\wamp\www\520you\ThinkPHP\Library\Think\Model.class.php 第 1196 行.
NOTIC: [2] strpos() expects parameter 1 to be string, array given E:\wamp\www\520you\ThinkPHP\Library\Think\Model.class.php 第 1196 行.
NOTIC: [2] strpos() expects parameter 1 to be string, array given E:\wamp\www\520you\ThinkPHP\Library\Think\Model.class.php 第 1196 行.
NOTIC: [2] strpos() expects parameter 1 to be string, array given E:\wamp\www\520you\ThinkPHP\Library\Think\Model.class.php 第 1196 行.
NOTIC: [2] strpos() expects parameter 1 to be string, array given E:\wamp\www\520you\ThinkPHP\Library\Think\Model.class.php 第 1196 行.
NOTIC: [2] strpos() expects parameter 1 to be string, array given E:\wamp\www\520you\ThinkPHP\Library\Think\Model.class.php 第 1196 行.
NOTIC: [2] strpos() expects parameter 1 to be string, array given E:\wamp\www\520you\ThinkPHP\Library\Think\Model.class.php 第 1196 行.
SQL: INSERT INTO `gp_master` (`username`,`password`,`groupid`,`original`,`createdate`) VALUES ('guangpu','96e79218965eb72c92a549dd5a330112','2','111111','1465804502') [ RunTime:0.0440s ]

[ 2016-06-13T15:55:04+08:00 ] ::1 /520you/index.php/Admin/Admins/index
INFO: [ app_init ] --START--
INFO: Run Behavior\BuildLiteBehavior [ RunTime:0.000000s ]
INFO: [ app_init ] --END-- [ RunTime:0.000000s ]
INFO: [ app_begin ] --START--
INFO: Run Behavior\ReadHtmlCacheBehavior [ RunTime:0.001000s ]
INFO: [ app_begin ] --END-- [ RunTime:0.002000s ]
SQL: SHOW COLUMNS FROM `gp_admins_msg` [ RunTime:0.0020s ]
SQL: SHOW COLUMNS FROM `gp_admins_msg_read` [ RunTime:0.0020s ]
SQL: SELECT COUNT(*) AS tp_count FROM `gp_admins_msg_read` WHERE `userid` = 1 AND `read` = 1 LIMIT 1   [ RunTime:0.0000s ]
SQL: SHOW COLUMNS FROM `gp_master` [ RunTime:0.0020s ]
NOTIC: [8] Use of undefined constant id - assumed 'id' E:\wamp\www\520you\Application\Admin\Model\AdminsModel.class.php 第 21 行.
NOTIC: [8] Use of undefined constant username - assumed 'username' E:\wamp\www\520you\Application\Admin\Model\AdminsModel.class.php 第 21 行.
NOTIC: [8] Use of undefined constant groupname - assumed 'groupname' E:\wamp\www\520you\Application\Admin\Model\AdminsModel.class.php 第 21 行.
NOTIC: [8] Use of undefined constant createdate - assumed 'createdate' E:\wamp\www\520you\Application\Admin\Model\AdminsModel.class.php 第 21 行.
SQL: SELECT `id`,`username`,`groupname`,`createdate` FROM `gp_master` INNER JOIN gp_groupmanager On gp_groupmanager.groupid=gp_master.groupid  WHERE `status` = 1 ORDER BY groupname desc  [ RunTime:0.0010s ]
INFO: [ view_parse ] --START--
INFO: [ template_filter ] --START--
INFO: Run Behavior\ContentReplaceBehavior [ RunTime:0.000000s ]
INFO: [ template_filter ] --END-- [ RunTime:0.000000s ]
INFO: Run Behavior\ParseTemplateBehavior [ RunTime:0.013000s ]
INFO: [ view_parse ] --END-- [ RunTime:0.013000s ]
INFO: [ view_filter ] --START--
INFO: Run Behavior\WriteHtmlCacheBehavior [ RunTime:0.001000s ]
INFO: [ view_filter ] --END-- [ RunTime:0.001000s ]
INFO: [ app_end ] --START--
INFO: Run Behavior\ShowPageTraceBehavior [ RunTime:0.001001s ]
INFO: [ app_end ] --END-- [ RunTime:0.001001s ]

