[ 2016-07-08T13:40:36+08:00 ] ::1 /520you/Admin/Login/login.html
INFO: [ app_init ] --START--
INFO: Run Behavior\BuildLiteBehavior [ RunTime:0.000000s ]
INFO: [ app_init ] --END-- [ RunTime:0.002000s ]
INFO: [ app_begin ] --START--
INFO: Run Behavior\ReadHtmlCacheBehavior [ RunTime:0.008000s ]
INFO: [ app_begin ] --END-- [ RunTime:0.008000s ]
INFO: [ view_parse ] --START--
INFO: [ template_filter ] --START--
INFO: Run Behavior\ContentReplaceBehavior [ RunTime:0.000000s ]
INFO: [ template_filter ] --END-- [ RunTime:0.001000s ]
INFO: Run Behavior\ParseTemplateBehavior [ RunTime:0.032002s ]
INFO: [ view_parse ] --END-- [ RunTime:0.032002s ]
INFO: [ view_filter ] --START--
INFO: Run Behavior\WriteHtmlCacheBehavior [ RunTime:0.000000s ]
INFO: [ view_filter ] --END-- [ RunTime:0.000000s ]
INFO: [ app_end ] --START--
INFO: Run Behavior\ShowPageTraceBehavior [ RunTime:0.004000s ]
INFO: [ app_end ] --END-- [ RunTime:0.004000s ]

[ 2016-07-08T13:40:54+08:00 ] ::1 /520you/index.php/Admin/Login/dologin
INFO: [ app_init ] --START--
INFO: Run Behavior\BuildLiteBehavior [ RunTime:0.000000s ]
INFO: [ app_init ] --END-- [ RunTime:0.001000s ]
INFO: [ app_begin ] --START--
INFO: Run Behavior\ReadHtmlCacheBehavior [ RunTime:0.001000s ]
INFO: [ app_begin ] --END-- [ RunTime:0.001000s ]
SQL: SHOW COLUMNS FROM `gp_master` [ RunTime:0.0250s ]
NOTIC: [8] Undefined index: code E:\wamp\www\520you\Application\Admin\Controller\LoginController.class.php 第 19 行.
SQL: SELECT * FROM `gp_master` WHERE `username` = 'admin' AND `password` = '21232f297a57a5a743894a0e4a801fc3' AND `status` = 1 LIMIT 1   [ RunTime:0.0010s ]

[ 2016-07-08T13:40:54+08:00 ] ::1 /520you/index.php/Admin/Index/index
INFO: [ app_init ] --START--
INFO: Run Behavior\BuildLiteBehavior [ RunTime:0.000000s ]
INFO: [ app_init ] --END-- [ RunTime:0.001000s ]
INFO: [ app_begin ] --START--
INFO: Run Behavior\ReadHtmlCacheBehavior [ RunTime:0.000000s ]
INFO: [ app_begin ] --END-- [ RunTime:0.002000s ]
SQL: SHOW COLUMNS FROM `gp_admins_msg` [ RunTime:0.0100s ]
SQL: SHOW COLUMNS FROM `gp_admins_msg_read` [ RunTime:0.0110s ]
SQL: SELECT COUNT(*) AS tp_count FROM `gp_admins_msg_read` WHERE `userid` = 1 AND `read` = 1 LIMIT 1   [ RunTime:0.0000s ]
INFO: [ view_parse ] --START--
INFO: [ template_filter ] --START--
INFO: Run Behavior\ContentReplaceBehavior [ RunTime:0.001000s ]
INFO: [ template_filter ] --END-- [ RunTime:0.001000s ]
INFO: Run Behavior\ParseTemplateBehavior [ RunTime:0.106006s ]
INFO: [ view_parse ] --END-- [ RunTime:0.106006s ]
INFO: [ view_filter ] --START--
INFO: Run Behavior\WriteHtmlCacheBehavior [ RunTime:0.001000s ]
INFO: [ view_filter ] --END-- [ RunTime:0.001000s ]
INFO: [ app_end ] --START--
INFO: Run Behavior\ShowPageTraceBehavior [ RunTime:0.002000s ]
INFO: [ app_end ] --END-- [ RunTime:0.002000s ]

[ 2016-07-08T13:42:19+08:00 ] ::1 /520you/index.php/Admin/Index/index
INFO: [ app_init ] --START--
INFO: Run Behavior\BuildLiteBehavior [ RunTime:0.000000s ]
INFO: [ app_init ] --END-- [ RunTime:0.001000s ]
INFO: [ app_begin ] --START--
INFO: Run Behavior\ReadHtmlCacheBehavior [ RunTime:0.001000s ]
INFO: [ app_begin ] --END-- [ RunTime:0.001000s ]
SQL: SHOW COLUMNS FROM `gp_admins_msg` [ RunTime:0.0030s ]
SQL: SHOW COLUMNS FROM `gp_admins_msg_read` [ RunTime:0.0030s ]
SQL: SELECT COUNT(*) AS tp_count FROM `gp_admins_msg_read` WHERE `userid` = 1 AND `read` = 1 LIMIT 1   [ RunTime:0.0010s ]
INFO: [ view_parse ] --START--
INFO: [ template_filter ] --START--
INFO: Run Behavior\ContentReplaceBehavior [ RunTime:0.000000s ]
INFO: [ template_filter ] --END-- [ RunTime:0.000000s ]
INFO: Run Behavior\ParseTemplateBehavior [ RunTime:0.012001s ]
INFO: [ view_parse ] --END-- [ RunTime:0.012001s ]
INFO: [ view_filter ] --START--
INFO: Run Behavior\WriteHtmlCacheBehavior [ RunTime:0.000000s ]
INFO: [ view_filter ] --END-- [ RunTime:0.000000s ]
INFO: [ app_end ] --START--
INFO: Run Behavior\ShowPageTraceBehavior [ RunTime:0.000000s ]
INFO: [ app_end ] --END-- [ RunTime:0.001000s ]

[ 2016-07-08T13:57:06+08:00 ] ::1 /520you/index.php/Admin/Index/index
INFO: [ app_init ] --START--
INFO: Run Behavior\BuildLiteBehavior [ RunTime:0.000000s ]
INFO: [ app_init ] --END-- [ RunTime:0.000000s ]
INFO: [ app_begin ] --START--
INFO: Run Behavior\ReadHtmlCacheBehavior [ RunTime:0.001000s ]
INFO: [ app_begin ] --END-- [ RunTime:0.001000s ]
SQL: SHOW COLUMNS FROM `gp_admins_msg` [ RunTime:0.0030s ]
SQL: SHOW COLUMNS FROM `gp_admins_msg_read` [ RunTime:0.0030s ]
SQL: SELECT COUNT(*) AS tp_count FROM `gp_admins_msg_read` WHERE `userid` = 1 AND `read` = 1 LIMIT 1   [ RunTime:0.0000s ]
INFO: [ view_parse ] --START--
INFO: [ template_filter ] --START--
INFO: Run Behavior\ContentReplaceBehavior [ RunTime:0.000000s ]
INFO: [ template_filter ] --END-- [ RunTime:0.001000s ]
INFO: Run Behavior\ParseTemplateBehavior [ RunTime:0.011000s ]
INFO: [ view_parse ] --END-- [ RunTime:0.013001s ]
INFO: [ view_filter ] --START--
INFO: Run Behavior\WriteHtmlCacheBehavior [ RunTime:0.000000s ]
INFO: [ view_filter ] --END-- [ RunTime:0.000000s ]
INFO: [ app_end ] --START--
INFO: Run Behavior\ShowPageTraceBehavior [ RunTime:0.001000s ]
INFO: [ app_end ] --END-- [ RunTime:0.001000s ]

[ 2016-07-08T13:57:11+08:00 ] ::1 /520you/Admin/AdminsMsg/index.html
INFO: [ app_init ] --START--
INFO: Run Behavior\BuildLiteBehavior [ RunTime:0.000000s ]
INFO: [ app_init ] --END-- [ RunTime:0.000000s ]
INFO: [ app_begin ] --START--
INFO: Run Behavior\ReadHtmlCacheBehavior [ RunTime:0.000000s ]
INFO: [ app_begin ] --END-- [ RunTime:0.001000s ]
SQL: SHOW COLUMNS FROM `gp_admins_msg` [ RunTime:0.0030s ]
SQL: SHOW COLUMNS FROM `gp_admins_msg_read` [ RunTime:0.0030s ]
SQL: SELECT COUNT(*) AS tp_count FROM `gp_admins_msg_read` WHERE `userid` = 1 AND `read` = 1 LIMIT 1   [ RunTime:0.0000s ]
NOTIC: [8] Undefined index: userid E:\wamp\www\520you\Application\Admin\Model\AdminsMsgModel.class.php 第 16 行.
SQL: SELECT gp_admins_msg.id as mid,`title`,`groupname`,`createtime`,`createby` FROM `gp_admins_msg` INNER JOIN gp_groupmanager On gp_groupmanager.groupid=gp_admins_msg.pushobj  WHERE `status` = 1 ORDER BY createtime desc  [ RunTime:0.0260s ]
INFO: [ view_parse ] --START--
INFO: [ template_filter ] --START--
INFO: Run Behavior\ContentReplaceBehavior [ RunTime:0.000000s ]
INFO: [ template_filter ] --END-- [ RunTime:0.001000s ]
NOTIC: [8] Undefined index: id E:\wamp\www\520you\Application\Runtime\Cache\Admin\0c6c3c9dbe6ce2ffe00fd9a3264b711b.php 第 136 行.
NOTIC: [8] Undefined index: read E:\wamp\www\520you\Application\Runtime\Cache\Admin\0c6c3c9dbe6ce2ffe00fd9a3264b711b.php 第 139 行.
NOTIC: [8] Undefined index: id E:\wamp\www\520you\Application\Runtime\Cache\Admin\0c6c3c9dbe6ce2ffe00fd9a3264b711b.php 第 136 行.
NOTIC: [8] Undefined index: read E:\wamp\www\520you\Application\Runtime\Cache\Admin\0c6c3c9dbe6ce2ffe00fd9a3264b711b.php 第 139 行.
NOTIC: [8] Undefined index: id E:\wamp\www\520you\Application\Runtime\Cache\Admin\0c6c3c9dbe6ce2ffe00fd9a3264b711b.php 第 136 行.
NOTIC: [8] Undefined index: read E:\wamp\www\520you\Application\Runtime\Cache\Admin\0c6c3c9dbe6ce2ffe00fd9a3264b711b.php 第 139 行.
NOTIC: [8] Undefined index: id E:\wamp\www\520you\Application\Runtime\Cache\Admin\0c6c3c9dbe6ce2ffe00fd9a3264b711b.php 第 136 行.
NOTIC: [8] Undefined index: read E:\wamp\www\520you\Application\Runtime\Cache\Admin\0c6c3c9dbe6ce2ffe00fd9a3264b711b.php 第 139 行.
NOTIC: [8] Undefined index: id E:\wamp\www\520you\Application\Runtime\Cache\Admin\0c6c3c9dbe6ce2ffe00fd9a3264b711b.php 第 136 行.
NOTIC: [8] Undefined index: read E:\wamp\www\520you\Application\Runtime\Cache\Admin\0c6c3c9dbe6ce2ffe00fd9a3264b711b.php 第 139 行.
INFO: Run Behavior\ParseTemplateBehavior [ RunTime:0.019001s ]
INFO: [ view_parse ] --END-- [ RunTime:0.019001s ]
INFO: [ view_filter ] --START--
INFO: Run Behavior\WriteHtmlCacheBehavior [ RunTime:0.000000s ]
INFO: [ view_filter ] --END-- [ RunTime:0.001000s ]
INFO: [ app_end ] --START--
INFO: Run Behavior\ShowPageTraceBehavior [ RunTime:0.001000s ]
INFO: [ app_end ] --END-- [ RunTime:0.001000s ]

[ 2016-07-08T13:57:13+08:00 ] ::1 /520you/Admin/AdminsMsg/addMsg.html
INFO: [ app_init ] --START--
INFO: Run Behavior\BuildLiteBehavior [ RunTime:0.000000s ]
INFO: [ app_init ] --END-- [ RunTime:0.001000s ]
INFO: [ app_begin ] --START--
INFO: Run Behavior\ReadHtmlCacheBehavior [ RunTime:0.000000s ]
INFO: [ app_begin ] --END-- [ RunTime:0.001000s ]
SQL: SHOW COLUMNS FROM `gp_admins_msg` [ RunTime:0.0030s ]
SQL: SHOW COLUMNS FROM `gp_admins_msg_read` [ RunTime:0.0030s ]
SQL: SELECT COUNT(*) AS tp_count FROM `gp_admins_msg_read` WHERE `userid` = 1 AND `read` = 1 LIMIT 1   [ RunTime:0.0010s ]
SQL: SHOW COLUMNS FROM `gp_groupmanager` [ RunTime:0.0030s ]
SQL: SELECT * FROM `gp_groupmanager`  [ RunTime:0.0000s ]
INFO: [ view_parse ] --START--
INFO: [ template_filter ] --START--
INFO: Run Behavior\ContentReplaceBehavior [ RunTime:0.000000s ]
INFO: [ template_filter ] --END-- [ RunTime:0.000000s ]
INFO: Run Behavior\ParseTemplateBehavior [ RunTime:0.011001s ]
INFO: [ view_parse ] --END-- [ RunTime:0.011001s ]
INFO: [ view_filter ] --START--
INFO: Run Behavior\WriteHtmlCacheBehavior [ RunTime:0.000000s ]
INFO: [ view_filter ] --END-- [ RunTime:0.000000s ]
INFO: [ app_end ] --START--
INFO: Run Behavior\ShowPageTraceBehavior [ RunTime:0.001000s ]
INFO: [ app_end ] --END-- [ RunTime:0.001000s ]

[ 2016-07-08T13:57:20+08:00 ] ::1 /520you/index.php/Admin/AdminsMsg/addMsg
INFO: [ app_init ] --START--
INFO: Run Behavior\BuildLiteBehavior [ RunTime:0.000000s ]
INFO: [ app_init ] --END-- [ RunTime:0.000000s ]
INFO: [ app_begin ] --START--
INFO: Run Behavior\ReadHtmlCacheBehavior [ RunTime:0.001000s ]
INFO: [ app_begin ] --END-- [ RunTime:0.001000s ]
SQL: SHOW COLUMNS FROM `gp_admins_msg` [ RunTime:0.0020s ]
SQL: SHOW COLUMNS FROM `gp_admins_msg_read` [ RunTime:0.0030s ]
SQL: SELECT COUNT(*) AS tp_count FROM `gp_admins_msg_read` WHERE `userid` = 1 AND `read` = 1 LIMIT 1   [ RunTime:0.0000s ]
NOTIC: [2] strpos() expects parameter 1 to be string, array given E:\wamp\www\520you\ThinkPHP\Library\Think\Model.class.php 第 1196 行.
NOTIC: [2] strpos() expects parameter 1 to be string, array given E:\wamp\www\520you\ThinkPHP\Library\Think\Model.class.php 第 1196 行.
NOTIC: [2] strpos() expects parameter 1 to be string, array given E:\wamp\www\520you\ThinkPHP\Library\Think\Model.class.php 第 1196 行.
NOTIC: [2] strpos() expects parameter 1 to be string, array given E:\wamp\www\520you\ThinkPHP\Library\Think\Model.class.php 第 1196 行.
NOTIC: [2] strpos() expects parameter 1 to be string, array given E:\wamp\www\520you\ThinkPHP\Library\Think\Model.class.php 第 1196 行.
NOTIC: [2] strpos() expects parameter 1 to be string, array given E:\wamp\www\520you\ThinkPHP\Library\Think\Model.class.php 第 1196 行.
SQL: INSERT INTO `gp_admins_msg` (`title`,`pushobj`,`content`,`createtime`,`createby`) VALUES ('123123132','1','<p>1313</p>','1467957440','admin') [ RunTime:0.0440s ]
SQL: SHOW COLUMNS FROM `gp_master` [ RunTime:0.0050s ]
SQL: SELECT `id` FROM `gp_master` WHERE `groupid` = 1 AND `status` = 1  [ RunTime:0.0000s ]
SQL: INSERT INTO `gp_admins_msg_read` (`msgid`,`userid`) VALUES ('55','1') [ RunTime:0.0390s ]

[ 2016-07-08T13:57:22+08:00 ] ::1 /520you/index.php/Admin/AdminsMsg/pushMsg
INFO: [ app_init ] --START--
INFO: Run Behavior\BuildLiteBehavior [ RunTime:0.000000s ]
INFO: [ app_init ] --END-- [ RunTime:0.000000s ]
INFO: [ app_begin ] --START--
INFO: Run Behavior\ReadHtmlCacheBehavior [ RunTime:0.001000s ]
INFO: [ app_begin ] --END-- [ RunTime:0.001000s ]
SQL: SHOW COLUMNS FROM `gp_admins_msg` [ RunTime:0.0040s ]
SQL: SHOW COLUMNS FROM `gp_admins_msg_read` [ RunTime:0.0030s ]
SQL: SELECT COUNT(*) AS tp_count FROM `gp_admins_msg_read` WHERE `userid` = 1 AND `read` = 1 LIMIT 1   [ RunTime:0.0000s ]
SQL: SHOW COLUMNS FROM `gp_master` [ RunTime:0.0020s ]
SQL: SELECT `id` FROM `gp_master` WHERE `groupid` = 1 AND `status` = 1  [ RunTime:0.0000s ]
SQL: SELECT COUNT(*) AS tp_count FROM `gp_admins_msg_read` WHERE `userid` = 1 AND `read` = 1 LIMIT 1   [ RunTime:0.0000s ]
INFO: [ app_end ] --START--
INFO: Run Behavior\ShowPageTraceBehavior [ RunTime:0.001000s ]
INFO: [ app_end ] --END-- [ RunTime:0.001000s ]

[ 2016-07-08T13:57:25+08:00 ] ::1 /520you/index.php/Admin/AdminsMsg/index
INFO: [ app_init ] --START--
INFO: Run Behavior\BuildLiteBehavior [ RunTime:0.000000s ]
INFO: [ app_init ] --END-- [ RunTime:0.001000s ]
INFO: [ app_begin ] --START--
INFO: Run Behavior\ReadHtmlCacheBehavior [ RunTime:0.001000s ]
INFO: [ app_begin ] --END-- [ RunTime:0.001000s ]
SQL: SHOW COLUMNS FROM `gp_admins_msg` [ RunTime:0.0040s ]
SQL: SHOW COLUMNS FROM `gp_admins_msg_read` [ RunTime:0.0040s ]
SQL: SELECT COUNT(*) AS tp_count FROM `gp_admins_msg_read` WHERE `userid` = 1 AND `read` = 1 LIMIT 1   [ RunTime:0.0010s ]
NOTIC: [8] Undefined index: userid E:\wamp\www\520you\Application\Admin\Model\AdminsMsgModel.class.php 第 16 行.
SQL: SELECT gp_admins_msg.id as mid,`title`,`groupname`,`createtime`,`createby` FROM `gp_admins_msg` INNER JOIN gp_groupmanager On gp_groupmanager.groupid=gp_admins_msg.pushobj  WHERE `status` = 1 ORDER BY createtime desc  [ RunTime:0.0000s ]
INFO: [ view_parse ] --START--
INFO: [ template_filter ] --START--
INFO: Run Behavior\ContentReplaceBehavior [ RunTime:0.000000s ]
INFO: [ template_filter ] --END-- [ RunTime:0.000000s ]
NOTIC: [8] Undefined index: id E:\wamp\www\520you\Application\Runtime\Cache\Admin\0c6c3c9dbe6ce2ffe00fd9a3264b711b.php 第 136 行.
NOTIC: [8] Undefined index: read E:\wamp\www\520you\Application\Runtime\Cache\Admin\0c6c3c9dbe6ce2ffe00fd9a3264b711b.php 第 139 行.
NOTIC: [8] Undefined index: id E:\wamp\www\520you\Application\Runtime\Cache\Admin\0c6c3c9dbe6ce2ffe00fd9a3264b711b.php 第 136 行.
NOTIC: [8] Undefined index: read E:\wamp\www\520you\Application\Runtime\Cache\Admin\0c6c3c9dbe6ce2ffe00fd9a3264b711b.php 第 139 行.
NOTIC: [8] Undefined index: id E:\wamp\www\520you\Application\Runtime\Cache\Admin\0c6c3c9dbe6ce2ffe00fd9a3264b711b.php 第 136 行.
NOTIC: [8] Undefined index: read E:\wamp\www\520you\Application\Runtime\Cache\Admin\0c6c3c9dbe6ce2ffe00fd9a3264b711b.php 第 139 行.
NOTIC: [8] Undefined index: id E:\wamp\www\520you\Application\Runtime\Cache\Admin\0c6c3c9dbe6ce2ffe00fd9a3264b711b.php 第 136 行.
NOTIC: [8] Undefined index: read E:\wamp\www\520you\Application\Runtime\Cache\Admin\0c6c3c9dbe6ce2ffe00fd9a3264b711b.php 第 139 行.
NOTIC: [8] Undefined index: id E:\wamp\www\520you\Application\Runtime\Cache\Admin\0c6c3c9dbe6ce2ffe00fd9a3264b711b.php 第 136 行.
NOTIC: [8] Undefined index: read E:\wamp\www\520you\Application\Runtime\Cache\Admin\0c6c3c9dbe6ce2ffe00fd9a3264b711b.php 第 139 行.
NOTIC: [8] Undefined index: id E:\wamp\www\520you\Application\Runtime\Cache\Admin\0c6c3c9dbe6ce2ffe00fd9a3264b711b.php 第 136 行.
NOTIC: [8] Undefined index: read E:\wamp\www\520you\Application\Runtime\Cache\Admin\0c6c3c9dbe6ce2ffe00fd9a3264b711b.php 第 139 行.
INFO: Run Behavior\ParseTemplateBehavior [ RunTime:0.021001s ]
INFO: [ view_parse ] --END-- [ RunTime:0.021001s ]
INFO: [ view_filter ] --START--
INFO: Run Behavior\WriteHtmlCacheBehavior [ RunTime:0.001000s ]
INFO: [ view_filter ] --END-- [ RunTime:0.001000s ]
INFO: [ app_end ] --START--
INFO: Run Behavior\ShowPageTraceBehavior [ RunTime:0.001000s ]
INFO: [ app_end ] --END-- [ RunTime:0.001000s ]

[ 2016-07-08T13:57:29+08:00 ] ::1 /520you/index.php/Admin/AdminsMsg/index
INFO: [ app_init ] --START--
INFO: Run Behavior\BuildLiteBehavior [ RunTime:0.000000s ]
INFO: [ app_init ] --END-- [ RunTime:0.000000s ]
INFO: [ app_begin ] --START--
INFO: Run Behavior\ReadHtmlCacheBehavior [ RunTime:0.001000s ]
INFO: [ app_begin ] --END-- [ RunTime:0.001000s ]
SQL: SHOW COLUMNS FROM `gp_admins_msg` [ RunTime:0.0040s ]
SQL: SHOW COLUMNS FROM `gp_admins_msg_read` [ RunTime:0.0040s ]
SQL: SELECT COUNT(*) AS tp_count FROM `gp_admins_msg_read` WHERE `userid` = 1 AND `read` = 1 LIMIT 1   [ RunTime:0.0000s ]
NOTIC: [8] Undefined index: userid E:\wamp\www\520you\Application\Admin\Model\AdminsMsgModel.class.php 第 16 行.
SQL: SELECT gp_admins_msg.id as mid,`title`,`groupname`,`createtime`,`createby` FROM `gp_admins_msg` INNER JOIN gp_groupmanager On gp_groupmanager.groupid=gp_admins_msg.pushobj  WHERE `status` = 1 ORDER BY createtime desc  [ RunTime:0.0010s ]
INFO: [ view_parse ] --START--
INFO: [ template_filter ] --START--
INFO: Run Behavior\ContentReplaceBehavior [ RunTime:0.000000s ]
INFO: [ template_filter ] --END-- [ RunTime:0.000000s ]
NOTIC: [8] Undefined index: id E:\wamp\www\520you\Application\Runtime\Cache\Admin\0c6c3c9dbe6ce2ffe00fd9a3264b711b.php 第 136 行.
NOTIC: [8] Undefined index: read E:\wamp\www\520you\Application\Runtime\Cache\Admin\0c6c3c9dbe6ce2ffe00fd9a3264b711b.php 第 139 行.
NOTIC: [8] Undefined index: id E:\wamp\www\520you\Application\Runtime\Cache\Admin\0c6c3c9dbe6ce2ffe00fd9a3264b711b.php 第 136 行.
NOTIC: [8] Undefined index: read E:\wamp\www\520you\Application\Runtime\Cache\Admin\0c6c3c9dbe6ce2ffe00fd9a3264b711b.php 第 139 行.
NOTIC: [8] Undefined index: id E:\wamp\www\520you\Application\Runtime\Cache\Admin\0c6c3c9dbe6ce2ffe00fd9a3264b711b.php 第 136 行.
NOTIC: [8] Undefined index: read E:\wamp\www\520you\Application\Runtime\Cache\Admin\0c6c3c9dbe6ce2ffe00fd9a3264b711b.php 第 139 行.
NOTIC: [8] Undefined index: id E:\wamp\www\520you\Application\Runtime\Cache\Admin\0c6c3c9dbe6ce2ffe00fd9a3264b711b.php 第 136 行.
NOTIC: [8] Undefined index: read E:\wamp\www\520you\Application\Runtime\Cache\Admin\0c6c3c9dbe6ce2ffe00fd9a3264b711b.php 第 139 行.
NOTIC: [8] Undefined index: id E:\wamp\www\520you\Application\Runtime\Cache\Admin\0c6c3c9dbe6ce2ffe00fd9a3264b711b.php 第 136 行.
NOTIC: [8] Undefined index: read E:\wamp\www\520you\Application\Runtime\Cache\Admin\0c6c3c9dbe6ce2ffe00fd9a3264b711b.php 第 139 行.
NOTIC: [8] Undefined index: id E:\wamp\www\520you\Application\Runtime\Cache\Admin\0c6c3c9dbe6ce2ffe00fd9a3264b711b.php 第 136 行.
NOTIC: [8] Undefined index: read E:\wamp\www\520you\Application\Runtime\Cache\Admin\0c6c3c9dbe6ce2ffe00fd9a3264b711b.php 第 139 行.
INFO: Run Behavior\ParseTemplateBehavior [ RunTime:0.022002s ]
INFO: [ view_parse ] --END-- [ RunTime:0.022002s ]
INFO: [ view_filter ] --START--
INFO: Run Behavior\WriteHtmlCacheBehavior [ RunTime:0.000000s ]
INFO: [ view_filter ] --END-- [ RunTime:0.000000s ]
INFO: [ app_end ] --START--
INFO: Run Behavior\ShowPageTraceBehavior [ RunTime:0.000000s ]
INFO: [ app_end ] --END-- [ RunTime:0.000000s ]

[ 2016-07-08T14:02:54+08:00 ] ::1 /520you/index.php/Admin/AdminsMsg/index
INFO: [ app_init ] --START--
INFO: Run Behavior\BuildLiteBehavior [ RunTime:0.000000s ]
INFO: [ app_init ] --END-- [ RunTime:0.001000s ]
INFO: [ app_begin ] --START--
INFO: Run Behavior\ReadHtmlCacheBehavior [ RunTime:0.001000s ]
INFO: [ app_begin ] --END-- [ RunTime:0.001000s ]
SQL: SHOW COLUMNS FROM `gp_admins_msg` [ RunTime:0.0030s ]
SQL: SHOW COLUMNS FROM `gp_admins_msg_read` [ RunTime:0.0020s ]
SQL: SELECT COUNT(*) AS tp_count FROM `gp_admins_msg_read` WHERE `userid` = 1 AND `read` = 1 LIMIT 1   [ RunTime:0.0000s ]
NOTIC: [8] Undefined index: userid E:\wamp\www\520you\Application\Admin\Model\AdminsMsgModel.class.php 第 16 行.
SQL: SELECT gp_admins_msg.id as mid,`title`,`groupname`,`createtime`,`createby` FROM `gp_admins_msg` INNER JOIN gp_groupmanager On gp_groupmanager.groupid=gp_admins_msg.pushobj  WHERE `status` = 1 ORDER BY createtime desc  [ RunTime:0.0010s ]
INFO: [ view_parse ] --START--
INFO: [ template_filter ] --START--
INFO: Run Behavior\ContentReplaceBehavior [ RunTime:0.000000s ]
INFO: [ template_filter ] --END-- [ RunTime:0.000000s ]
NOTIC: [8] Undefined index: id E:\wamp\www\520you\Application\Runtime\Cache\Admin\0c6c3c9dbe6ce2ffe00fd9a3264b711b.php 第 136 行.
NOTIC: [8] Undefined index: read E:\wamp\www\520you\Application\Runtime\Cache\Admin\0c6c3c9dbe6ce2ffe00fd9a3264b711b.php 第 139 行.
NOTIC: [8] Undefined index: id E:\wamp\www\520you\Application\Runtime\Cache\Admin\0c6c3c9dbe6ce2ffe00fd9a3264b711b.php 第 136 行.
NOTIC: [8] Undefined index: read E:\wamp\www\520you\Application\Runtime\Cache\Admin\0c6c3c9dbe6ce2ffe00fd9a3264b711b.php 第 139 行.
NOTIC: [8] Undefined index: id E:\wamp\www\520you\Application\Runtime\Cache\Admin\0c6c3c9dbe6ce2ffe00fd9a3264b711b.php 第 136 行.
NOTIC: [8] Undefined index: read E:\wamp\www\520you\Application\Runtime\Cache\Admin\0c6c3c9dbe6ce2ffe00fd9a3264b711b.php 第 139 行.
NOTIC: [8] Undefined index: id E:\wamp\www\520you\Application\Runtime\Cache\Admin\0c6c3c9dbe6ce2ffe00fd9a3264b711b.php 第 136 行.
NOTIC: [8] Undefined index: read E:\wamp\www\520you\Application\Runtime\Cache\Admin\0c6c3c9dbe6ce2ffe00fd9a3264b711b.php 第 139 行.
NOTIC: [8] Undefined index: id E:\wamp\www\520you\Application\Runtime\Cache\Admin\0c6c3c9dbe6ce2ffe00fd9a3264b711b.php 第 136 行.
NOTIC: [8] Undefined index: read E:\wamp\www\520you\Application\Runtime\Cache\Admin\0c6c3c9dbe6ce2ffe00fd9a3264b711b.php 第 139 行.
NOTIC: [8] Undefined index: id E:\wamp\www\520you\Application\Runtime\Cache\Admin\0c6c3c9dbe6ce2ffe00fd9a3264b711b.php 第 136 行.
NOTIC: [8] Undefined index: read E:\wamp\www\520you\Application\Runtime\Cache\Admin\0c6c3c9dbe6ce2ffe00fd9a3264b711b.php 第 139 行.
INFO: Run Behavior\ParseTemplateBehavior [ RunTime:0.019001s ]
INFO: [ view_parse ] --END-- [ RunTime:0.019001s ]
INFO: [ view_filter ] --START--
INFO: Run Behavior\WriteHtmlCacheBehavior [ RunTime:0.001000s ]
INFO: [ view_filter ] --END-- [ RunTime:0.001000s ]
INFO: [ app_end ] --START--
INFO: Run Behavior\ShowPageTraceBehavior [ RunTime:0.001000s ]
INFO: [ app_end ] --END-- [ RunTime:0.001000s ]

[ 2016-07-08T14:02:57+08:00 ] ::1 /520you/Admin/Admins/index.html
INFO: [ app_init ] --START--
INFO: Run Behavior\BuildLiteBehavior [ RunTime:0.000000s ]
INFO: [ app_init ] --END-- [ RunTime:0.001000s ]
INFO: [ app_begin ] --START--
INFO: Run Behavior\ReadHtmlCacheBehavior [ RunTime:0.000000s ]
INFO: [ app_begin ] --END-- [ RunTime:0.001000s ]
SQL: SHOW COLUMNS FROM `gp_admins_msg` [ RunTime:0.0020s ]
SQL: SHOW COLUMNS FROM `gp_admins_msg_read` [ RunTime:0.0020s ]
SQL: SELECT COUNT(*) AS tp_count FROM `gp_admins_msg_read` WHERE `userid` = 1 AND `read` = 1 LIMIT 1   [ RunTime:0.0000s ]
SQL: SHOW COLUMNS FROM `gp_master` [ RunTime:0.0030s ]
NOTIC: [8] Use of undefined constant id - assumed 'id' E:\wamp\www\520you\Application\Admin\Model\AdminsModel.class.php 第 21 行.
NOTIC: [8] Use of undefined constant username - assumed 'username' E:\wamp\www\520you\Application\Admin\Model\AdminsModel.class.php 第 21 行.
NOTIC: [8] Use of undefined constant groupname - assumed 'groupname' E:\wamp\www\520you\Application\Admin\Model\AdminsModel.class.php 第 21 行.
NOTIC: [8] Use of undefined constant createdate - assumed 'createdate' E:\wamp\www\520you\Application\Admin\Model\AdminsModel.class.php 第 21 行.
SQL: SELECT `id`,`username`,`groupname`,`createdate` FROM `gp_master` INNER JOIN gp_groupmanager On gp_groupmanager.groupid=gp_master.groupid  WHERE `status` = 1 ORDER BY groupname desc  [ RunTime:0.0000s ]
INFO: [ view_parse ] --START--
INFO: [ template_filter ] --START--
INFO: Run Behavior\ContentReplaceBehavior [ RunTime:0.000000s ]
INFO: [ template_filter ] --END-- [ RunTime:0.000000s ]
INFO: Run Behavior\ParseTemplateBehavior [ RunTime:0.013001s ]
INFO: [ view_parse ] --END-- [ RunTime:0.013001s ]
INFO: [ view_filter ] --START--
INFO: Run Behavior\WriteHtmlCacheBehavior [ RunTime:0.001000s ]
INFO: [ view_filter ] --END-- [ RunTime:0.001000s ]
INFO: [ app_end ] --START--
INFO: Run Behavior\ShowPageTraceBehavior [ RunTime:0.001000s ]
INFO: [ app_end ] --END-- [ RunTime:0.001000s ]

[ 2016-07-08T14:03:57+08:00 ] ::1 /520you/Admin/Admins/index.html
INFO: [ app_init ] --START--
INFO: Run Behavior\BuildLiteBehavior [ RunTime:0.000000s ]
INFO: [ app_init ] --END-- [ RunTime:0.000000s ]
INFO: [ app_begin ] --START--
INFO: Run Behavior\ReadHtmlCacheBehavior [ RunTime:0.000000s ]
INFO: [ app_begin ] --END-- [ RunTime:0.001000s ]
SQL: SHOW COLUMNS FROM `gp_admins_msg` [ RunTime:0.0030s ]
SQL: SHOW COLUMNS FROM `gp_admins_msg_read` [ RunTime:0.0030s ]
SQL: SELECT COUNT(*) AS tp_count FROM `gp_admins_msg_read` WHERE `userid` = 1 AND `read` = 1 LIMIT 1   [ RunTime:0.0010s ]
SQL: SHOW COLUMNS FROM `gp_master` [ RunTime:0.0020s ]
NOTIC: [8] Use of undefined constant id - assumed 'id' E:\wamp\www\520you\Application\Admin\Model\AdminsModel.class.php 第 21 行.
NOTIC: [8] Use of undefined constant username - assumed 'username' E:\wamp\www\520you\Application\Admin\Model\AdminsModel.class.php 第 21 行.
NOTIC: [8] Use of undefined constant groupname - assumed 'groupname' E:\wamp\www\520you\Application\Admin\Model\AdminsModel.class.php 第 21 行.
NOTIC: [8] Use of undefined constant createdate - assumed 'createdate' E:\wamp\www\520you\Application\Admin\Model\AdminsModel.class.php 第 21 行.
SQL: SELECT `id`,`username`,`groupname`,`createdate` FROM `gp_master` INNER JOIN gp_groupmanager On gp_groupmanager.groupid=gp_master.groupid  WHERE `status` = 1 ORDER BY groupname desc  [ RunTime:0.0010s ]
INFO: [ view_parse ] --START--
INFO: [ template_filter ] --START--
INFO: Run Behavior\ContentReplaceBehavior [ RunTime:0.001000s ]
INFO: [ template_filter ] --END-- [ RunTime:0.001000s ]
INFO: Run Behavior\ParseTemplateBehavior [ RunTime:0.014001s ]
INFO: [ view_parse ] --END-- [ RunTime:0.014001s ]
INFO: [ view_filter ] --START--
INFO: Run Behavior\WriteHtmlCacheBehavior [ RunTime:0.000000s ]
INFO: [ view_filter ] --END-- [ RunTime:0.000000s ]
INFO: [ app_end ] --START--
INFO: Run Behavior\ShowPageTraceBehavior [ RunTime:0.000000s ]
INFO: [ app_end ] --END-- [ RunTime:0.000000s ]

[ 2016-07-08T14:03:59+08:00 ] ::1 /520you/Admin/Admins/index.html
INFO: [ app_init ] --START--
INFO: Run Behavior\BuildLiteBehavior [ RunTime:0.000000s ]
INFO: [ app_init ] --END-- [ RunTime:0.000000s ]
INFO: [ app_begin ] --START--
INFO: Run Behavior\ReadHtmlCacheBehavior [ RunTime:0.000000s ]
INFO: [ app_begin ] --END-- [ RunTime:0.000000s ]
SQL: SHOW COLUMNS FROM `gp_admins_msg` [ RunTime:0.0030s ]
SQL: SHOW COLUMNS FROM `gp_admins_msg_read` [ RunTime:0.0020s ]
SQL: SELECT COUNT(*) AS tp_count FROM `gp_admins_msg_read` WHERE `userid` = 1 AND `read` = 1 LIMIT 1   [ RunTime:0.0010s ]
SQL: SHOW COLUMNS FROM `gp_master` [ RunTime:0.0030s ]
NOTIC: [8] Use of undefined constant id - assumed 'id' E:\wamp\www\520you\Application\Admin\Model\AdminsModel.class.php 第 21 行.
NOTIC: [8] Use of undefined constant username - assumed 'username' E:\wamp\www\520you\Application\Admin\Model\AdminsModel.class.php 第 21 行.
NOTIC: [8] Use of undefined constant groupname - assumed 'groupname' E:\wamp\www\520you\Application\Admin\Model\AdminsModel.class.php 第 21 行.
NOTIC: [8] Use of undefined constant createdate - assumed 'createdate' E:\wamp\www\520you\Application\Admin\Model\AdminsModel.class.php 第 21 行.
SQL: SELECT `id`,`username`,`groupname`,`createdate` FROM `gp_master` INNER JOIN gp_groupmanager On gp_groupmanager.groupid=gp_master.groupid  WHERE `status` = 1 ORDER BY groupname desc  [ RunTime:0.0000s ]
INFO: [ view_parse ] --START--
INFO: [ template_filter ] --START--
INFO: Run Behavior\ContentReplaceBehavior [ RunTime:0.000000s ]
INFO: [ template_filter ] --END-- [ RunTime:0.000000s ]
INFO: Run Behavior\ParseTemplateBehavior [ RunTime:0.014001s ]
INFO: [ view_parse ] --END-- [ RunTime:0.014001s ]
INFO: [ view_filter ] --START--
INFO: Run Behavior\WriteHtmlCacheBehavior [ RunTime:0.001000s ]
INFO: [ view_filter ] --END-- [ RunTime:0.001000s ]
INFO: [ app_end ] --START--
INFO: Run Behavior\ShowPageTraceBehavior [ RunTime:0.001000s ]
INFO: [ app_end ] --END-- [ RunTime:0.001000s ]

[ 2016-07-08T14:04:03+08:00 ] ::1 /520you/Admin/News/index.html
INFO: [ app_init ] --START--
INFO: Run Behavior\BuildLiteBehavior [ RunTime:0.000000s ]
INFO: [ app_init ] --END-- [ RunTime:0.000000s ]
INFO: [ app_begin ] --START--
INFO: Run Behavior\ReadHtmlCacheBehavior [ RunTime:0.000000s ]
INFO: [ app_begin ] --END-- [ RunTime:0.001000s ]
SQL: SHOW COLUMNS FROM `gp_admins_msg` [ RunTime:0.0030s ]
SQL: SHOW COLUMNS FROM `gp_admins_msg_read` [ RunTime:0.0030s ]
SQL: SELECT COUNT(*) AS tp_count FROM `gp_admins_msg_read` WHERE `userid` = 1 AND `read` = 1 LIMIT 1   [ RunTime:0.0000s ]
INFO: [ view_parse ] --START--
INFO: [ template_filter ] --START--
INFO: Run Behavior\ContentReplaceBehavior [ RunTime:0.000000s ]
INFO: [ template_filter ] --END-- [ RunTime:0.000000s ]
INFO: Run Behavior\ParseTemplateBehavior [ RunTime:0.013001s ]
INFO: [ view_parse ] --END-- [ RunTime:0.014001s ]
INFO: [ view_filter ] --START--
INFO: Run Behavior\WriteHtmlCacheBehavior [ RunTime:0.000000s ]
INFO: [ view_filter ] --END-- [ RunTime:0.000000s ]
INFO: [ app_end ] --START--
INFO: Run Behavior\ShowPageTraceBehavior [ RunTime:0.000000s ]
INFO: [ app_end ] --END-- [ RunTime:0.000000s ]

[ 2016-07-08T14:04:04+08:00 ] ::1 /520you/index.php/Admin/News/getNewsList
INFO: [ app_init ] --START--
INFO: Run Behavior\BuildLiteBehavior [ RunTime:0.000000s ]
INFO: [ app_init ] --END-- [ RunTime:0.000000s ]
INFO: [ app_begin ] --START--
INFO: Run Behavior\ReadHtmlCacheBehavior [ RunTime:0.001000s ]
INFO: [ app_begin ] --END-- [ RunTime:0.001000s ]
SQL: SHOW COLUMNS FROM `gp_admins_msg` [ RunTime:0.0020s ]
SQL: SHOW COLUMNS FROM `gp_admins_msg_read` [ RunTime:0.0020s ]
SQL: SELECT COUNT(*) AS tp_count FROM `gp_admins_msg_read` WHERE `userid` = 1 AND `read` = 1 LIMIT 1   [ RunTime:0.0000s ]
SQL: SHOW COLUMNS FROM `gp_news` [ RunTime:0.0140s ]
NOTIC: [8] Use of undefined constant title - assumed 'title' E:\wamp\www\520you\Application\Admin\Model\NewsModel.class.php 第 19 行.
NOTIC: [8] Use of undefined constant views - assumed 'views' E:\wamp\www\520you\Application\Admin\Model\NewsModel.class.php 第 19 行.
NOTIC: [8] Use of undefined constant recommended - assumed 'recommended' E:\wamp\www\520you\Application\Admin\Model\NewsModel.class.php 第 19 行.
NOTIC: [8] Use of undefined constant createdate - assumed 'createdate' E:\wamp\www\520you\Application\Admin\Model\NewsModel.class.php 第 19 行.
SQL: SELECT gp_news.id as newsid,`title`,`views`,`recommended`,`createdate`,name as typename FROM `gp_news` INNER JOIN gp_dictionary On gp_dictionary.id=gp_news.type  WHERE `status` = 1 ORDER BY createdate desc  [ RunTime:0.0180s ]
NOTIC: [8] Undefined variable: flag E:\wamp\www\520you\Application\Admin\Controller\CommonController.class.php 第 30 行.
NOTIC: [8] Undefined variable: url E:\wamp\www\520you\Application\Admin\Controller\CommonController.class.php 第 35 行.
NOTIC: [2] Missing argument 7 for AjaxPage::__construct(), called in E:\wamp\www\520you\Application\Admin\Controller\CommonController.class.php on line 35 and defined E:\wamp\www\520you\ThinkPHP\Library\Vendor\AjaxPage\AjaxPage.php 第 52 行.
NOTIC: [8] Undefined variable: scroll E:\wamp\www\520you\ThinkPHP\Library\Vendor\AjaxPage\AjaxPage.php 第 53 行.
NOTIC: [8] Undefined variable: flag E:\wamp\www\520you\Application\Admin\Controller\CommonController.class.php 第 39 行.
NOTIC: [2] Invalid argument supplied for foreach() E:\wamp\www\520you\Application\Admin\Controller\CommonController.class.php 第 47 行.
NOTIC: [8] Undefined variable: upPage E:\wamp\www\520you\ThinkPHP\Library\Vendor\AjaxPage\AjaxPage.php 第 200 行.
NOTIC: [8] Undefined variable: downPage E:\wamp\www\520you\ThinkPHP\Library\Vendor\AjaxPage\AjaxPage.php 第 200 行.
INFO: [ view_parse ] --START--
INFO: [ template_filter ] --START--
INFO: Run Behavior\ContentReplaceBehavior [ RunTime:0.000000s ]
INFO: [ template_filter ] --END-- [ RunTime:0.000000s ]
INFO: Run Behavior\ParseTemplateBehavior [ RunTime:0.009001s ]
INFO: [ view_parse ] --END-- [ RunTime:0.009001s ]
INFO: [ view_filter ] --START--
INFO: Run Behavior\WriteHtmlCacheBehavior [ RunTime:0.001000s ]
INFO: [ view_filter ] --END-- [ RunTime:0.001000s ]

[ 2016-07-08T16:53:04+08:00 ] ::1 /520you/index.php/Admin/News/index.html
INFO: [ app_init ] --START--
INFO: Run Behavior\BuildLiteBehavior [ RunTime:0.000000s ]
INFO: [ app_init ] --END-- [ RunTime:0.001000s ]
INFO: [ app_begin ] --START--
INFO: Run Behavior\ReadHtmlCacheBehavior [ RunTime:0.000000s ]
INFO: [ app_begin ] --END-- [ RunTime:0.001000s ]

[ 2016-07-08T16:53:04+08:00 ] ::1 /520you/Admin/Login/login.html
INFO: [ app_init ] --START--
INFO: Run Behavior\BuildLiteBehavior [ RunTime:0.000000s ]
INFO: [ app_init ] --END-- [ RunTime:0.001000s ]
INFO: [ app_begin ] --START--
INFO: Run Behavior\ReadHtmlCacheBehavior [ RunTime:0.000000s ]
INFO: [ app_begin ] --END-- [ RunTime:0.001000s ]
INFO: [ view_parse ] --START--
INFO: [ template_filter ] --START--
INFO: Run Behavior\ContentReplaceBehavior [ RunTime:0.000000s ]
INFO: [ template_filter ] --END-- [ RunTime:0.000000s ]
INFO: Run Behavior\ParseTemplateBehavior [ RunTime:0.007000s ]
INFO: [ view_parse ] --END-- [ RunTime:0.007000s ]
INFO: [ view_filter ] --START--
INFO: Run Behavior\WriteHtmlCacheBehavior [ RunTime:0.000000s ]
INFO: [ view_filter ] --END-- [ RunTime:0.000000s ]
INFO: [ app_end ] --START--
INFO: Run Behavior\ShowPageTraceBehavior [ RunTime:0.000000s ]
INFO: [ app_end ] --END-- [ RunTime:0.000000s ]

