[ 2016-06-07T14:42:22+08:00 ] ::1 /520you/Admin/Login/login.html
INFO: [ app_init ] --START--
INFO: Run Behavior\BuildLiteBehavior [ RunTime:0.001000s ]
INFO: [ app_init ] --END-- [ RunTime:0.008001s ]
INFO: [ app_begin ] --START--
INFO: Run Behavior\ReadHtmlCacheBehavior [ RunTime:0.007000s ]
INFO: [ app_begin ] --END-- [ RunTime:0.007000s ]
INFO: [ view_parse ] --START--
INFO: [ template_filter ] --START--
INFO: Run Behavior\ContentReplaceBehavior [ RunTime:0.001000s ]
INFO: [ template_filter ] --END-- [ RunTime:0.001000s ]
INFO: Run Behavior\ParseTemplateBehavior [ RunTime:0.037002s ]
INFO: [ view_parse ] --END-- [ RunTime:0.038002s ]
INFO: [ view_filter ] --START--
INFO: Run Behavior\WriteHtmlCacheBehavior [ RunTime:0.002000s ]
INFO: [ view_filter ] --END-- [ RunTime:0.002000s ]
INFO: [ app_end ] --START--
INFO: Run Behavior\ShowPageTraceBehavior [ RunTime:0.014001s ]
INFO: [ app_end ] --END-- [ RunTime:0.015001s ]

[ 2016-06-07T14:42:32+08:00 ] ::1 /520you/index.php/Admin/Login/dologin
INFO: [ app_init ] --START--
INFO: Run Behavior\BuildLiteBehavior [ RunTime:0.001000s ]
INFO: [ app_init ] --END-- [ RunTime:0.001000s ]
INFO: [ app_begin ] --START--
INFO: Run Behavior\ReadHtmlCacheBehavior [ RunTime:0.001001s ]
INFO: [ app_begin ] --END-- [ RunTime:0.001001s ]
SQL: SHOW COLUMNS FROM `gp_master` [ RunTime:0.0680s ]
NOTIC: [8] Undefined index: code E:\wamp\www\520you\Application\Admin\Controller\LoginController.class.php 第 19 行.
SQL: SELECT * FROM `gp_master` WHERE `username` = 'admin' AND `password` = '21232f297a57a5a743894a0e4a801fc3' AND `status` = 1 LIMIT 1   [ RunTime:0.0120s ]

[ 2016-06-07T14:42:32+08:00 ] ::1 /520you/index.php/Admin/Index/index
INFO: [ app_init ] --START--
INFO: Run Behavior\BuildLiteBehavior [ RunTime:0.000000s ]
INFO: [ app_init ] --END-- [ RunTime:0.002000s ]
INFO: [ app_begin ] --START--
INFO: Run Behavior\ReadHtmlCacheBehavior [ RunTime:0.000000s ]
INFO: [ app_begin ] --END-- [ RunTime:0.000000s ]
SQL: SHOW COLUMNS FROM `gp_admins_msg` [ RunTime:0.0100s ]
SQL: SHOW COLUMNS FROM `gp_admins_msg_read` [ RunTime:0.0200s ]
SQL: SELECT COUNT(*) AS tp_count FROM `gp_admins_msg_read` WHERE `userid` = 1 AND `read` = 1 LIMIT 1   [ RunTime:0.0140s ]
INFO: [ view_parse ] --START--
INFO: [ template_filter ] --START--
INFO: Run Behavior\ContentReplaceBehavior [ RunTime:0.000000s ]
INFO: [ template_filter ] --END-- [ RunTime:0.000000s ]
INFO: Run Behavior\ParseTemplateBehavior [ RunTime:0.074004s ]
INFO: [ view_parse ] --END-- [ RunTime:0.074004s ]
INFO: [ view_filter ] --START--
INFO: Run Behavior\WriteHtmlCacheBehavior [ RunTime:0.000000s ]
INFO: [ view_filter ] --END-- [ RunTime:0.001000s ]
INFO: [ app_end ] --START--
INFO: Run Behavior\ShowPageTraceBehavior [ RunTime:0.001000s ]
INFO: [ app_end ] --END-- [ RunTime:0.001000s ]

[ 2016-06-07T14:42:35+08:00 ] ::1 /520you/Admin/Admins/index.html
INFO: [ app_init ] --START--
INFO: Run Behavior\BuildLiteBehavior [ RunTime:0.000000s ]
INFO: [ app_init ] --END-- [ RunTime:0.000000s ]
INFO: [ app_begin ] --START--
INFO: Run Behavior\ReadHtmlCacheBehavior [ RunTime:0.001000s ]
INFO: [ app_begin ] --END-- [ RunTime:0.001000s ]
SQL: SHOW COLUMNS FROM `gp_admins_msg` [ RunTime:0.0030s ]
SQL: SHOW COLUMNS FROM `gp_admins_msg_read` [ RunTime:0.0030s ]
SQL: SELECT COUNT(*) AS tp_count FROM `gp_admins_msg_read` WHERE `userid` = 1 AND `read` = 1 LIMIT 1   [ RunTime:0.0000s ]
SQL: SHOW COLUMNS FROM `gp_master` [ RunTime:0.0030s ]
NOTIC: [8] Use of undefined constant id - assumed 'id' E:\wamp\www\520you\Application\Admin\Model\AdminsModel.class.php 第 21 行.
NOTIC: [8] Use of undefined constant username - assumed 'username' E:\wamp\www\520you\Application\Admin\Model\AdminsModel.class.php 第 21 行.
NOTIC: [8] Use of undefined constant groupname - assumed 'groupname' E:\wamp\www\520you\Application\Admin\Model\AdminsModel.class.php 第 21 行.
NOTIC: [8] Use of undefined constant createdate - assumed 'createdate' E:\wamp\www\520you\Application\Admin\Model\AdminsModel.class.php 第 21 行.
SQL: SELECT `id`,`username`,`groupname`,`createdate` FROM `gp_master` INNER JOIN gp_groupmanager On gp_groupmanager.groupid=gp_master.groupid  WHERE `status` = 1 ORDER BY groupname desc  [ RunTime:0.0270s ]
INFO: [ view_parse ] --START--
INFO: [ template_filter ] --START--
INFO: Run Behavior\ContentReplaceBehavior [ RunTime:0.001000s ]
INFO: [ template_filter ] --END-- [ RunTime:0.001000s ]
INFO: Run Behavior\ParseTemplateBehavior [ RunTime:0.013001s ]
INFO: [ view_parse ] --END-- [ RunTime:0.013001s ]
INFO: [ view_filter ] --START--
INFO: Run Behavior\WriteHtmlCacheBehavior [ RunTime:0.001000s ]
INFO: [ view_filter ] --END-- [ RunTime:0.001000s ]
INFO: [ app_end ] --START--
INFO: Run Behavior\ShowPageTraceBehavior [ RunTime:0.001000s ]
INFO: [ app_end ] --END-- [ RunTime:0.001000s ]

[ 2016-06-07T14:43:27+08:00 ] ::1 /520you/Admin/Admins/index.html
INFO: [ app_init ] --START--
INFO: Run Behavior\BuildLiteBehavior [ RunTime:0.000000s ]
INFO: [ app_init ] --END-- [ RunTime:0.001000s ]
INFO: [ app_begin ] --START--
INFO: Run Behavior\ReadHtmlCacheBehavior [ RunTime:0.000000s ]
INFO: [ app_begin ] --END-- [ RunTime:0.001000s ]
SQL: SHOW COLUMNS FROM `gp_admins_msg` [ RunTime:0.0030s ]
SQL: SHOW COLUMNS FROM `gp_admins_msg_read` [ RunTime:0.0030s ]
SQL: SELECT COUNT(*) AS tp_count FROM `gp_admins_msg_read` WHERE `userid` = 1 AND `read` = 1 LIMIT 1   [ RunTime:0.0000s ]
SQL: SHOW COLUMNS FROM `gp_master` [ RunTime:0.0030s ]
NOTIC: [8] Use of undefined constant id - assumed 'id' E:\wamp\www\520you\Application\Admin\Model\AdminsModel.class.php 第 21 行.
NOTIC: [8] Use of undefined constant username - assumed 'username' E:\wamp\www\520you\Application\Admin\Model\AdminsModel.class.php 第 21 行.
NOTIC: [8] Use of undefined constant groupname - assumed 'groupname' E:\wamp\www\520you\Application\Admin\Model\AdminsModel.class.php 第 21 行.
NOTIC: [8] Use of undefined constant createdate - assumed 'createdate' E:\wamp\www\520you\Application\Admin\Model\AdminsModel.class.php 第 21 行.
SQL: SELECT `id`,`username`,`groupname`,`createdate` FROM `gp_master` INNER JOIN gp_groupmanager On gp_groupmanager.groupid=gp_master.groupid  WHERE `status` = 1 ORDER BY groupname desc  [ RunTime:0.0010s ]
INFO: [ view_parse ] --START--
INFO: [ template_filter ] --START--
INFO: Run Behavior\ContentReplaceBehavior [ RunTime:0.001001s ]
INFO: [ template_filter ] --END-- [ RunTime:0.001001s ]
INFO: Run Behavior\ParseTemplateBehavior [ RunTime:0.014001s ]
INFO: [ view_parse ] --END-- [ RunTime:0.014001s ]
INFO: [ view_filter ] --START--
INFO: Run Behavior\WriteHtmlCacheBehavior [ RunTime:0.001000s ]
INFO: [ view_filter ] --END-- [ RunTime:0.001000s ]
INFO: [ app_end ] --START--
INFO: Run Behavior\ShowPageTraceBehavior [ RunTime:0.001000s ]
INFO: [ app_end ] --END-- [ RunTime:0.001000s ]

[ 2016-06-07T14:44:03+08:00 ] ::1 /520you/Admin/Admins/index.html
INFO: [ app_init ] --START--
INFO: Run Behavior\BuildLiteBehavior [ RunTime:0.000000s ]
INFO: [ app_init ] --END-- [ RunTime:0.001000s ]
INFO: [ app_begin ] --START--
INFO: Run Behavior\ReadHtmlCacheBehavior [ RunTime:0.001000s ]
INFO: [ app_begin ] --END-- [ RunTime:0.001000s ]
SQL: SHOW COLUMNS FROM `gp_admins_msg` [ RunTime:0.0040s ]
SQL: SHOW COLUMNS FROM `gp_admins_msg_read` [ RunTime:0.0030s ]
SQL: SELECT COUNT(*) AS tp_count FROM `gp_admins_msg_read` WHERE `userid` = 1 AND `read` = 1 LIMIT 1   [ RunTime:0.0010s ]
SQL: SHOW COLUMNS FROM `gp_master` [ RunTime:0.0030s ]
NOTIC: [8] Use of undefined constant id - assumed 'id' E:\wamp\www\520you\Application\Admin\Model\AdminsModel.class.php 第 21 行.
NOTIC: [8] Use of undefined constant username - assumed 'username' E:\wamp\www\520you\Application\Admin\Model\AdminsModel.class.php 第 21 行.
NOTIC: [8] Use of undefined constant groupname - assumed 'groupname' E:\wamp\www\520you\Application\Admin\Model\AdminsModel.class.php 第 21 行.
NOTIC: [8] Use of undefined constant createdate - assumed 'createdate' E:\wamp\www\520you\Application\Admin\Model\AdminsModel.class.php 第 21 行.
SQL: SELECT `id`,`username`,`groupname`,`createdate` FROM `gp_master` INNER JOIN gp_groupmanager On gp_groupmanager.groupid=gp_master.groupid  WHERE `status` = 1 ORDER BY groupname desc  [ RunTime:0.0010s ]
INFO: [ view_parse ] --START--
INFO: [ template_filter ] --START--
INFO: Run Behavior\ContentReplaceBehavior [ RunTime:0.000000s ]
INFO: [ template_filter ] --END-- [ RunTime:0.001000s ]
INFO: Run Behavior\ParseTemplateBehavior [ RunTime:0.019001s ]
INFO: [ view_parse ] --END-- [ RunTime:0.019001s ]
INFO: [ view_filter ] --START--
INFO: Run Behavior\WriteHtmlCacheBehavior [ RunTime:0.000000s ]
INFO: [ view_filter ] --END-- [ RunTime:0.001000s ]
INFO: [ app_end ] --START--
INFO: Run Behavior\ShowPageTraceBehavior [ RunTime:0.002000s ]
INFO: [ app_end ] --END-- [ RunTime:0.002000s ]

[ 2016-06-07T14:44:05+08:00 ] ::1 /520you/Admin/Admins/index.html
INFO: [ app_init ] --START--
INFO: Run Behavior\BuildLiteBehavior [ RunTime:0.000000s ]
INFO: [ app_init ] --END-- [ RunTime:0.001000s ]
INFO: [ app_begin ] --START--
INFO: Run Behavior\ReadHtmlCacheBehavior [ RunTime:0.000000s ]
INFO: [ app_begin ] --END-- [ RunTime:0.000000s ]
SQL: SHOW COLUMNS FROM `gp_admins_msg` [ RunTime:0.0260s ]
SQL: SHOW COLUMNS FROM `gp_admins_msg_read` [ RunTime:0.0030s ]
SQL: SELECT COUNT(*) AS tp_count FROM `gp_admins_msg_read` WHERE `userid` = 1 AND `read` = 1 LIMIT 1   [ RunTime:0.0010s ]
SQL: SHOW COLUMNS FROM `gp_master` [ RunTime:0.0020s ]
NOTIC: [8] Use of undefined constant id - assumed 'id' E:\wamp\www\520you\Application\Admin\Model\AdminsModel.class.php 第 21 行.
NOTIC: [8] Use of undefined constant username - assumed 'username' E:\wamp\www\520you\Application\Admin\Model\AdminsModel.class.php 第 21 行.
NOTIC: [8] Use of undefined constant groupname - assumed 'groupname' E:\wamp\www\520you\Application\Admin\Model\AdminsModel.class.php 第 21 行.
NOTIC: [8] Use of undefined constant createdate - assumed 'createdate' E:\wamp\www\520you\Application\Admin\Model\AdminsModel.class.php 第 21 行.
SQL: SELECT `id`,`username`,`groupname`,`createdate` FROM `gp_master` INNER JOIN gp_groupmanager On gp_groupmanager.groupid=gp_master.groupid  WHERE `status` = 1 ORDER BY groupname desc  [ RunTime:0.0000s ]
INFO: [ view_parse ] --START--
INFO: [ template_filter ] --START--
INFO: Run Behavior\ContentReplaceBehavior [ RunTime:0.000000s ]
INFO: [ template_filter ] --END-- [ RunTime:0.000000s ]
INFO: Run Behavior\ParseTemplateBehavior [ RunTime:0.012001s ]
INFO: [ view_parse ] --END-- [ RunTime:0.012001s ]
INFO: [ view_filter ] --START--
INFO: Run Behavior\WriteHtmlCacheBehavior [ RunTime:0.000000s ]
INFO: [ view_filter ] --END-- [ RunTime:0.001000s ]
INFO: [ app_end ] --START--
INFO: Run Behavior\ShowPageTraceBehavior [ RunTime:0.000000s ]
INFO: [ app_end ] --END-- [ RunTime:0.000000s ]

[ 2016-06-07T14:44:10+08:00 ] ::1 /520you/Admin/Admins/index.html
INFO: [ app_init ] --START--
INFO: Run Behavior\BuildLiteBehavior [ RunTime:0.000000s ]
INFO: [ app_init ] --END-- [ RunTime:0.000000s ]
INFO: [ app_begin ] --START--
INFO: Run Behavior\ReadHtmlCacheBehavior [ RunTime:0.001000s ]
INFO: [ app_begin ] --END-- [ RunTime:0.001000s ]
SQL: SHOW COLUMNS FROM `gp_admins_msg` [ RunTime:0.0040s ]
SQL: SHOW COLUMNS FROM `gp_admins_msg_read` [ RunTime:0.0040s ]
SQL: SELECT COUNT(*) AS tp_count FROM `gp_admins_msg_read` WHERE `userid` = 1 AND `read` = 1 LIMIT 1   [ RunTime:0.0000s ]
SQL: SHOW COLUMNS FROM `gp_master` [ RunTime:0.0030s ]
NOTIC: [8] Use of undefined constant id - assumed 'id' E:\wamp\www\520you\Application\Admin\Model\AdminsModel.class.php 第 21 行.
NOTIC: [8] Use of undefined constant username - assumed 'username' E:\wamp\www\520you\Application\Admin\Model\AdminsModel.class.php 第 21 行.
NOTIC: [8] Use of undefined constant groupname - assumed 'groupname' E:\wamp\www\520you\Application\Admin\Model\AdminsModel.class.php 第 21 行.
NOTIC: [8] Use of undefined constant createdate - assumed 'createdate' E:\wamp\www\520you\Application\Admin\Model\AdminsModel.class.php 第 21 行.
SQL: SELECT `id`,`username`,`groupname`,`createdate` FROM `gp_master` INNER JOIN gp_groupmanager On gp_groupmanager.groupid=gp_master.groupid  WHERE `status` = 1 ORDER BY groupname desc  [ RunTime:0.0000s ]
INFO: [ view_parse ] --START--
INFO: [ template_filter ] --START--
INFO: Run Behavior\ContentReplaceBehavior [ RunTime:0.000000s ]
INFO: [ template_filter ] --END-- [ RunTime:0.000000s ]
INFO: Run Behavior\ParseTemplateBehavior [ RunTime:0.012000s ]
INFO: [ view_parse ] --END-- [ RunTime:0.012000s ]
INFO: [ view_filter ] --START--
INFO: Run Behavior\WriteHtmlCacheBehavior [ RunTime:0.000000s ]
INFO: [ view_filter ] --END-- [ RunTime:0.000000s ]
INFO: [ app_end ] --START--
INFO: Run Behavior\ShowPageTraceBehavior [ RunTime:0.000000s ]
INFO: [ app_end ] --END-- [ RunTime:0.000000s ]

[ 2016-06-07T14:44:33+08:00 ] ::1 /520you/Admin/Admins/index.html
INFO: [ app_init ] --START--
INFO: Run Behavior\BuildLiteBehavior [ RunTime:0.000000s ]
INFO: [ app_init ] --END-- [ RunTime:0.001000s ]
INFO: [ app_begin ] --START--
INFO: Run Behavior\ReadHtmlCacheBehavior [ RunTime:0.001000s ]
INFO: [ app_begin ] --END-- [ RunTime:0.001000s ]
SQL: SHOW COLUMNS FROM `gp_admins_msg` [ RunTime:0.0020s ]
SQL: SHOW COLUMNS FROM `gp_admins_msg_read` [ RunTime:0.0020s ]
SQL: SELECT COUNT(*) AS tp_count FROM `gp_admins_msg_read` WHERE `userid` = 1 AND `read` = 1 LIMIT 1   [ RunTime:0.0000s ]
SQL: SHOW COLUMNS FROM `gp_master` [ RunTime:0.0030s ]
NOTIC: [8] Use of undefined constant id - assumed 'id' E:\wamp\www\520you\Application\Admin\Model\AdminsModel.class.php 第 21 行.
NOTIC: [8] Use of undefined constant username - assumed 'username' E:\wamp\www\520you\Application\Admin\Model\AdminsModel.class.php 第 21 行.
NOTIC: [8] Use of undefined constant groupname - assumed 'groupname' E:\wamp\www\520you\Application\Admin\Model\AdminsModel.class.php 第 21 行.
NOTIC: [8] Use of undefined constant createdate - assumed 'createdate' E:\wamp\www\520you\Application\Admin\Model\AdminsModel.class.php 第 21 行.
SQL: SELECT `id`,`username`,`groupname`,`createdate` FROM `gp_master` INNER JOIN gp_groupmanager On gp_groupmanager.groupid=gp_master.groupid  WHERE `status` = 1 ORDER BY groupname desc  [ RunTime:0.0010s ]
INFO: [ view_parse ] --START--
INFO: [ template_filter ] --START--
INFO: Run Behavior\ContentReplaceBehavior [ RunTime:0.000000s ]
INFO: [ template_filter ] --END-- [ RunTime:0.000000s ]

[ 2016-06-07T14:44:33+08:00 ] ::1 /520you/Admin/Admins/index.html
INFO: [ app_init ] --START--
INFO: Run Behavior\BuildLiteBehavior [ RunTime:0.000000s ]
INFO: [ app_init ] --END-- [ RunTime:0.001000s ]
INFO: [ app_begin ] --START--
INFO: Run Behavior\ReadHtmlCacheBehavior [ RunTime:0.001000s ]
INFO: [ app_begin ] --END-- [ RunTime:0.001000s ]
SQL: SHOW COLUMNS FROM `gp_admins_msg` [ RunTime:0.0030s ]
SQL: SHOW COLUMNS FROM `gp_admins_msg_read` [ RunTime:0.0020s ]
SQL: SELECT COUNT(*) AS tp_count FROM `gp_admins_msg_read` WHERE `userid` = 1 AND `read` = 1 LIMIT 1   [ RunTime:0.0000s ]
SQL: SHOW COLUMNS FROM `gp_master` [ RunTime:0.0020s ]
NOTIC: [8] Use of undefined constant id - assumed 'id' E:\wamp\www\520you\Application\Admin\Model\AdminsModel.class.php 第 21 行.
NOTIC: [8] Use of undefined constant username - assumed 'username' E:\wamp\www\520you\Application\Admin\Model\AdminsModel.class.php 第 21 行.
NOTIC: [8] Use of undefined constant groupname - assumed 'groupname' E:\wamp\www\520you\Application\Admin\Model\AdminsModel.class.php 第 21 行.
NOTIC: [8] Use of undefined constant createdate - assumed 'createdate' E:\wamp\www\520you\Application\Admin\Model\AdminsModel.class.php 第 21 行.
SQL: SELECT `id`,`username`,`groupname`,`createdate` FROM `gp_master` INNER JOIN gp_groupmanager On gp_groupmanager.groupid=gp_master.groupid  WHERE `status` = 1 ORDER BY groupname desc  [ RunTime:0.0000s ]
INFO: [ view_parse ] --START--
INFO: [ template_filter ] --START--
INFO: Run Behavior\ContentReplaceBehavior [ RunTime:0.000000s ]
INFO: [ template_filter ] --END-- [ RunTime:0.000000s ]
INFO: Run Behavior\ParseTemplateBehavior [ RunTime:0.023001s ]
INFO: [ view_parse ] --END-- [ RunTime:0.023001s ]
INFO: [ view_filter ] --START--
INFO: Run Behavior\WriteHtmlCacheBehavior [ RunTime:0.000000s ]
INFO: [ view_filter ] --END-- [ RunTime:0.001001s ]
INFO: [ app_end ] --START--
INFO: Run Behavior\ShowPageTraceBehavior [ RunTime:0.001000s ]
INFO: [ app_end ] --END-- [ RunTime:0.001000s ]

[ 2016-06-07T14:44:33+08:00 ] ::1 /520you/Admin/Admins/index.html
INFO: [ app_init ] --START--
INFO: Run Behavior\BuildLiteBehavior [ RunTime:0.000000s ]
INFO: [ app_init ] --END-- [ RunTime:0.000000s ]
INFO: [ app_begin ] --START--
INFO: Run Behavior\ReadHtmlCacheBehavior [ RunTime:0.001000s ]
INFO: [ app_begin ] --END-- [ RunTime:0.001000s ]
SQL: SHOW COLUMNS FROM `gp_admins_msg` [ RunTime:0.0030s ]
SQL: SHOW COLUMNS FROM `gp_admins_msg_read` [ RunTime:0.0030s ]
SQL: SELECT COUNT(*) AS tp_count FROM `gp_admins_msg_read` WHERE `userid` = 1 AND `read` = 1 LIMIT 1   [ RunTime:0.0000s ]
SQL: SHOW COLUMNS FROM `gp_master` [ RunTime:0.0030s ]
NOTIC: [8] Use of undefined constant id - assumed 'id' E:\wamp\www\520you\Application\Admin\Model\AdminsModel.class.php 第 21 行.
NOTIC: [8] Use of undefined constant username - assumed 'username' E:\wamp\www\520you\Application\Admin\Model\AdminsModel.class.php 第 21 行.
NOTIC: [8] Use of undefined constant groupname - assumed 'groupname' E:\wamp\www\520you\Application\Admin\Model\AdminsModel.class.php 第 21 行.
NOTIC: [8] Use of undefined constant createdate - assumed 'createdate' E:\wamp\www\520you\Application\Admin\Model\AdminsModel.class.php 第 21 行.
SQL: SELECT `id`,`username`,`groupname`,`createdate` FROM `gp_master` INNER JOIN gp_groupmanager On gp_groupmanager.groupid=gp_master.groupid  WHERE `status` = 1 ORDER BY groupname desc  [ RunTime:0.0000s ]
INFO: [ view_parse ] --START--
INFO: [ template_filter ] --START--
INFO: Run Behavior\ContentReplaceBehavior [ RunTime:0.000000s ]
INFO: [ template_filter ] --END-- [ RunTime:0.000000s ]
INFO: Run Behavior\ParseTemplateBehavior [ RunTime:0.012001s ]
INFO: [ view_parse ] --END-- [ RunTime:0.013001s ]
INFO: [ view_filter ] --START--
INFO: Run Behavior\WriteHtmlCacheBehavior [ RunTime:0.000000s ]
INFO: [ view_filter ] --END-- [ RunTime:0.000000s ]
INFO: [ app_end ] --START--
INFO: Run Behavior\ShowPageTraceBehavior [ RunTime:0.001000s ]
INFO: [ app_end ] --END-- [ RunTime:0.001000s ]

[ 2016-06-07T14:45:20+08:00 ] ::1 /520you/Admin/Admins/index.html
INFO: [ app_init ] --START--
INFO: Run Behavior\BuildLiteBehavior [ RunTime:0.000000s ]
INFO: [ app_init ] --END-- [ RunTime:0.000000s ]
INFO: [ app_begin ] --START--
INFO: Run Behavior\ReadHtmlCacheBehavior [ RunTime:0.001000s ]
INFO: [ app_begin ] --END-- [ RunTime:0.001000s ]
SQL: SHOW COLUMNS FROM `gp_admins_msg` [ RunTime:0.0030s ]
SQL: SHOW COLUMNS FROM `gp_admins_msg_read` [ RunTime:0.0020s ]
SQL: SELECT COUNT(*) AS tp_count FROM `gp_admins_msg_read` WHERE `userid` = 1 AND `read` = 1 LIMIT 1   [ RunTime:0.0000s ]
SQL: SHOW COLUMNS FROM `gp_master` [ RunTime:0.0020s ]
NOTIC: [8] Use of undefined constant id - assumed 'id' E:\wamp\www\520you\Application\Admin\Model\AdminsModel.class.php 第 21 行.
NOTIC: [8] Use of undefined constant username - assumed 'username' E:\wamp\www\520you\Application\Admin\Model\AdminsModel.class.php 第 21 行.
NOTIC: [8] Use of undefined constant groupname - assumed 'groupname' E:\wamp\www\520you\Application\Admin\Model\AdminsModel.class.php 第 21 行.
NOTIC: [8] Use of undefined constant createdate - assumed 'createdate' E:\wamp\www\520you\Application\Admin\Model\AdminsModel.class.php 第 21 行.
SQL: SELECT `id`,`username`,`groupname`,`createdate` FROM `gp_master` INNER JOIN gp_groupmanager On gp_groupmanager.groupid=gp_master.groupid  WHERE `status` = 1 ORDER BY groupname desc  [ RunTime:0.0000s ]
INFO: [ view_parse ] --START--
INFO: [ template_filter ] --START--
INFO: Run Behavior\ContentReplaceBehavior [ RunTime:0.000000s ]
INFO: [ template_filter ] --END-- [ RunTime:0.000000s ]
INFO: Run Behavior\ParseTemplateBehavior [ RunTime:0.012000s ]
INFO: [ view_parse ] --END-- [ RunTime:0.012000s ]
INFO: [ view_filter ] --START--
INFO: Run Behavior\WriteHtmlCacheBehavior [ RunTime:0.001000s ]
INFO: [ view_filter ] --END-- [ RunTime:0.001000s ]
INFO: [ app_end ] --START--
INFO: Run Behavior\ShowPageTraceBehavior [ RunTime:0.001000s ]
INFO: [ app_end ] --END-- [ RunTime:0.001000s ]

[ 2016-06-07T14:45:28+08:00 ] ::1 /520you/Admin/Admins/index.html
INFO: [ app_init ] --START--
INFO: Run Behavior\BuildLiteBehavior [ RunTime:0.000000s ]
INFO: [ app_init ] --END-- [ RunTime:0.001000s ]
INFO: [ app_begin ] --START--
INFO: Run Behavior\ReadHtmlCacheBehavior [ RunTime:0.001001s ]
INFO: [ app_begin ] --END-- [ RunTime:0.001001s ]
SQL: SHOW COLUMNS FROM `gp_admins_msg` [ RunTime:0.0040s ]
SQL: SHOW COLUMNS FROM `gp_admins_msg_read` [ RunTime:0.0040s ]
SQL: SELECT COUNT(*) AS tp_count FROM `gp_admins_msg_read` WHERE `userid` = 1 AND `read` = 1 LIMIT 1   [ RunTime:0.0000s ]
SQL: SHOW COLUMNS FROM `gp_master` [ RunTime:0.0040s ]
NOTIC: [8] Use of undefined constant id - assumed 'id' E:\wamp\www\520you\Application\Admin\Model\AdminsModel.class.php 第 21 行.
NOTIC: [8] Use of undefined constant username - assumed 'username' E:\wamp\www\520you\Application\Admin\Model\AdminsModel.class.php 第 21 行.
NOTIC: [8] Use of undefined constant groupname - assumed 'groupname' E:\wamp\www\520you\Application\Admin\Model\AdminsModel.class.php 第 21 行.
NOTIC: [8] Use of undefined constant createdate - assumed 'createdate' E:\wamp\www\520you\Application\Admin\Model\AdminsModel.class.php 第 21 行.
SQL: SELECT `id`,`username`,`groupname`,`createdate` FROM `gp_master` INNER JOIN gp_groupmanager On gp_groupmanager.groupid=gp_master.groupid  WHERE `status` = 1 ORDER BY groupname desc  [ RunTime:0.0010s ]
INFO: [ view_parse ] --START--
INFO: [ template_filter ] --START--
INFO: Run Behavior\ContentReplaceBehavior [ RunTime:0.000000s ]
INFO: [ template_filter ] --END-- [ RunTime:0.001001s ]
INFO: Run Behavior\ParseTemplateBehavior [ RunTime:0.020001s ]
INFO: [ view_parse ] --END-- [ RunTime:0.020001s ]
INFO: [ view_filter ] --START--
INFO: Run Behavior\WriteHtmlCacheBehavior [ RunTime:0.001000s ]
INFO: [ view_filter ] --END-- [ RunTime:0.001000s ]
INFO: [ app_end ] --START--
INFO: Run Behavior\ShowPageTraceBehavior [ RunTime:0.001000s ]
INFO: [ app_end ] --END-- [ RunTime:0.001000s ]

[ 2016-06-07T14:45:38+08:00 ] ::1 /520you/Admin/Admins/index.html
INFO: [ app_init ] --START--
INFO: Run Behavior\BuildLiteBehavior [ RunTime:0.000000s ]
INFO: [ app_init ] --END-- [ RunTime:0.000000s ]
INFO: [ app_begin ] --START--
INFO: Run Behavior\ReadHtmlCacheBehavior [ RunTime:0.001000s ]
INFO: [ app_begin ] --END-- [ RunTime:0.001000s ]
SQL: SHOW COLUMNS FROM `gp_admins_msg` [ RunTime:0.0030s ]
SQL: SHOW COLUMNS FROM `gp_admins_msg_read` [ RunTime:0.0020s ]
SQL: SELECT COUNT(*) AS tp_count FROM `gp_admins_msg_read` WHERE `userid` = 1 AND `read` = 1 LIMIT 1   [ RunTime:0.0000s ]
SQL: SHOW COLUMNS FROM `gp_master` [ RunTime:0.0020s ]
NOTIC: [8] Use of undefined constant id - assumed 'id' E:\wamp\www\520you\Application\Admin\Model\AdminsModel.class.php 第 21 行.
NOTIC: [8] Use of undefined constant username - assumed 'username' E:\wamp\www\520you\Application\Admin\Model\AdminsModel.class.php 第 21 行.
NOTIC: [8] Use of undefined constant groupname - assumed 'groupname' E:\wamp\www\520you\Application\Admin\Model\AdminsModel.class.php 第 21 行.
NOTIC: [8] Use of undefined constant createdate - assumed 'createdate' E:\wamp\www\520you\Application\Admin\Model\AdminsModel.class.php 第 21 行.
SQL: SELECT `id`,`username`,`groupname`,`createdate` FROM `gp_master` INNER JOIN gp_groupmanager On gp_groupmanager.groupid=gp_master.groupid  WHERE `status` = 1 ORDER BY groupname desc  [ RunTime:0.0000s ]
INFO: [ view_parse ] --START--
INFO: [ template_filter ] --START--
INFO: Run Behavior\ContentReplaceBehavior [ RunTime:0.000000s ]
INFO: [ template_filter ] --END-- [ RunTime:0.000000s ]
INFO: Run Behavior\ParseTemplateBehavior [ RunTime:0.013001s ]
INFO: [ view_parse ] --END-- [ RunTime:0.013001s ]
INFO: [ view_filter ] --START--
INFO: Run Behavior\WriteHtmlCacheBehavior [ RunTime:0.001000s ]
INFO: [ view_filter ] --END-- [ RunTime:0.001000s ]
INFO: [ app_end ] --START--
INFO: Run Behavior\ShowPageTraceBehavior [ RunTime:0.001000s ]
INFO: [ app_end ] --END-- [ RunTime:0.001000s ]

[ 2016-06-07T14:49:00+08:00 ] ::1 /520you/Admin/Admins/index.html
INFO: [ app_init ] --START--
INFO: Run Behavior\BuildLiteBehavior [ RunTime:0.000000s ]
INFO: [ app_init ] --END-- [ RunTime:0.000000s ]
INFO: [ app_begin ] --START--
INFO: Run Behavior\ReadHtmlCacheBehavior [ RunTime:0.001000s ]
INFO: [ app_begin ] --END-- [ RunTime:0.001000s ]
SQL: SHOW COLUMNS FROM `gp_admins_msg` [ RunTime:0.0040s ]
SQL: SHOW COLUMNS FROM `gp_admins_msg_read` [ RunTime:0.0030s ]
SQL: SELECT COUNT(*) AS tp_count FROM `gp_admins_msg_read` WHERE `userid` = 1 AND `read` = 1 LIMIT 1   [ RunTime:0.0010s ]
SQL: SHOW COLUMNS FROM `gp_master` [ RunTime:0.0040s ]
NOTIC: [8] Use of undefined constant id - assumed 'id' E:\wamp\www\520you\Application\Admin\Model\AdminsModel.class.php 第 21 行.
NOTIC: [8] Use of undefined constant username - assumed 'username' E:\wamp\www\520you\Application\Admin\Model\AdminsModel.class.php 第 21 行.
NOTIC: [8] Use of undefined constant groupname - assumed 'groupname' E:\wamp\www\520you\Application\Admin\Model\AdminsModel.class.php 第 21 行.
NOTIC: [8] Use of undefined constant createdate - assumed 'createdate' E:\wamp\www\520you\Application\Admin\Model\AdminsModel.class.php 第 21 行.
SQL: SELECT `id`,`username`,`groupname`,`createdate` FROM `gp_master` INNER JOIN gp_groupmanager On gp_groupmanager.groupid=gp_master.groupid  WHERE `status` = 1 ORDER BY groupname desc  [ RunTime:0.0010s ]
INFO: [ view_parse ] --START--
INFO: [ template_filter ] --START--
INFO: Run Behavior\ContentReplaceBehavior [ RunTime:0.000000s ]
INFO: [ template_filter ] --END-- [ RunTime:0.001000s ]
INFO: Run Behavior\ParseTemplateBehavior [ RunTime:0.019001s ]
INFO: [ view_parse ] --END-- [ RunTime:0.019001s ]
INFO: [ view_filter ] --START--
INFO: Run Behavior\WriteHtmlCacheBehavior [ RunTime:0.000000s ]
INFO: [ view_filter ] --END-- [ RunTime:0.000000s ]
INFO: [ app_end ] --START--
INFO: Run Behavior\ShowPageTraceBehavior [ RunTime:0.000000s ]
INFO: [ app_end ] --END-- [ RunTime:0.000000s ]

[ 2016-06-07T14:49:00+08:00 ] ::1 /520you/Admin/Admins/index.html
INFO: [ app_init ] --START--
INFO: Run Behavior\BuildLiteBehavior [ RunTime:0.000000s ]
INFO: [ app_init ] --END-- [ RunTime:0.000000s ]
INFO: [ app_begin ] --START--
INFO: Run Behavior\ReadHtmlCacheBehavior [ RunTime:0.001000s ]
INFO: [ app_begin ] --END-- [ RunTime:0.001000s ]
SQL: SHOW COLUMNS FROM `gp_admins_msg` [ RunTime:0.0030s ]
SQL: SHOW COLUMNS FROM `gp_admins_msg_read` [ RunTime:0.0030s ]
SQL: SELECT COUNT(*) AS tp_count FROM `gp_admins_msg_read` WHERE `userid` = 1 AND `read` = 1 LIMIT 1   [ RunTime:0.0010s ]
SQL: SHOW COLUMNS FROM `gp_master` [ RunTime:0.0030s ]
NOTIC: [8] Use of undefined constant id - assumed 'id' E:\wamp\www\520you\Application\Admin\Model\AdminsModel.class.php 第 21 行.
NOTIC: [8] Use of undefined constant username - assumed 'username' E:\wamp\www\520you\Application\Admin\Model\AdminsModel.class.php 第 21 行.
NOTIC: [8] Use of undefined constant groupname - assumed 'groupname' E:\wamp\www\520you\Application\Admin\Model\AdminsModel.class.php 第 21 行.
NOTIC: [8] Use of undefined constant createdate - assumed 'createdate' E:\wamp\www\520you\Application\Admin\Model\AdminsModel.class.php 第 21 行.
SQL: SELECT `id`,`username`,`groupname`,`createdate` FROM `gp_master` INNER JOIN gp_groupmanager On gp_groupmanager.groupid=gp_master.groupid  WHERE `status` = 1 ORDER BY groupname desc  [ RunTime:0.0000s ]
INFO: [ view_parse ] --START--
INFO: [ template_filter ] --START--
INFO: Run Behavior\ContentReplaceBehavior [ RunTime:0.000000s ]
INFO: [ template_filter ] --END-- [ RunTime:0.000000s ]
INFO: Run Behavior\ParseTemplateBehavior [ RunTime:0.013001s ]
INFO: [ view_parse ] --END-- [ RunTime:0.013001s ]
INFO: [ view_filter ] --START--
INFO: Run Behavior\WriteHtmlCacheBehavior [ RunTime:0.001000s ]
INFO: [ view_filter ] --END-- [ RunTime:0.001000s ]
INFO: [ app_end ] --START--
INFO: Run Behavior\ShowPageTraceBehavior [ RunTime:0.001000s ]
INFO: [ app_end ] --END-- [ RunTime:0.001000s ]

[ 2016-06-07T14:49:01+08:00 ] ::1 /520you/Admin/Admins/index.html
INFO: [ app_init ] --START--
INFO: Run Behavior\BuildLiteBehavior [ RunTime:0.001000s ]
INFO: [ app_init ] --END-- [ RunTime:0.001000s ]
INFO: [ app_begin ] --START--
INFO: Run Behavior\ReadHtmlCacheBehavior [ RunTime:0.001000s ]
INFO: [ app_begin ] --END-- [ RunTime:0.001000s ]
SQL: SHOW COLUMNS FROM `gp_admins_msg` [ RunTime:0.0020s ]
SQL: SHOW COLUMNS FROM `gp_admins_msg_read` [ RunTime:0.0020s ]
SQL: SELECT COUNT(*) AS tp_count FROM `gp_admins_msg_read` WHERE `userid` = 1 AND `read` = 1 LIMIT 1   [ RunTime:0.0010s ]
SQL: SHOW COLUMNS FROM `gp_master` [ RunTime:0.0020s ]
NOTIC: [8] Use of undefined constant id - assumed 'id' E:\wamp\www\520you\Application\Admin\Model\AdminsModel.class.php 第 21 行.
NOTIC: [8] Use of undefined constant username - assumed 'username' E:\wamp\www\520you\Application\Admin\Model\AdminsModel.class.php 第 21 行.
NOTIC: [8] Use of undefined constant groupname - assumed 'groupname' E:\wamp\www\520you\Application\Admin\Model\AdminsModel.class.php 第 21 行.
NOTIC: [8] Use of undefined constant createdate - assumed 'createdate' E:\wamp\www\520you\Application\Admin\Model\AdminsModel.class.php 第 21 行.
SQL: SELECT `id`,`username`,`groupname`,`createdate` FROM `gp_master` INNER JOIN gp_groupmanager On gp_groupmanager.groupid=gp_master.groupid  WHERE `status` = 1 ORDER BY groupname desc  [ RunTime:0.0010s ]
INFO: [ view_parse ] --START--
INFO: [ template_filter ] --START--
INFO: Run Behavior\ContentReplaceBehavior [ RunTime:0.000000s ]
INFO: [ template_filter ] --END-- [ RunTime:0.001000s ]
INFO: Run Behavior\ParseTemplateBehavior [ RunTime:0.015001s ]
INFO: [ view_parse ] --END-- [ RunTime:0.015001s ]
INFO: [ view_filter ] --START--
INFO: Run Behavior\WriteHtmlCacheBehavior [ RunTime:0.001000s ]
INFO: [ view_filter ] --END-- [ RunTime:0.001000s ]
INFO: [ app_end ] --START--
INFO: Run Behavior\ShowPageTraceBehavior [ RunTime:0.001000s ]
INFO: [ app_end ] --END-- [ RunTime:0.001000s ]

[ 2016-06-07T14:49:01+08:00 ] ::1 /520you/Admin/Admins/index.html
INFO: [ app_init ] --START--
INFO: Run Behavior\BuildLiteBehavior [ RunTime:0.000000s ]
INFO: [ app_init ] --END-- [ RunTime:0.000000s ]
INFO: [ app_begin ] --START--
INFO: Run Behavior\ReadHtmlCacheBehavior [ RunTime:0.001000s ]
INFO: [ app_begin ] --END-- [ RunTime:0.001000s ]
SQL: SHOW COLUMNS FROM `gp_admins_msg` [ RunTime:0.0030s ]
SQL: SHOW COLUMNS FROM `gp_admins_msg_read` [ RunTime:0.0020s ]
SQL: SELECT COUNT(*) AS tp_count FROM `gp_admins_msg_read` WHERE `userid` = 1 AND `read` = 1 LIMIT 1   [ RunTime:0.0000s ]
SQL: SHOW COLUMNS FROM `gp_master` [ RunTime:0.0030s ]
NOTIC: [8] Use of undefined constant id - assumed 'id' E:\wamp\www\520you\Application\Admin\Model\AdminsModel.class.php 第 21 行.
NOTIC: [8] Use of undefined constant username - assumed 'username' E:\wamp\www\520you\Application\Admin\Model\AdminsModel.class.php 第 21 行.
NOTIC: [8] Use of undefined constant groupname - assumed 'groupname' E:\wamp\www\520you\Application\Admin\Model\AdminsModel.class.php 第 21 行.
NOTIC: [8] Use of undefined constant createdate - assumed 'createdate' E:\wamp\www\520you\Application\Admin\Model\AdminsModel.class.php 第 21 行.
SQL: SELECT `id`,`username`,`groupname`,`createdate` FROM `gp_master` INNER JOIN gp_groupmanager On gp_groupmanager.groupid=gp_master.groupid  WHERE `status` = 1 ORDER BY groupname desc  [ RunTime:0.0000s ]
INFO: [ view_parse ] --START--
INFO: [ template_filter ] --START--
INFO: Run Behavior\ContentReplaceBehavior [ RunTime:0.000000s ]
INFO: [ template_filter ] --END-- [ RunTime:0.000000s ]
INFO: Run Behavior\ParseTemplateBehavior [ RunTime:0.015001s ]
INFO: [ view_parse ] --END-- [ RunTime:0.015001s ]
INFO: [ view_filter ] --START--
INFO: Run Behavior\WriteHtmlCacheBehavior [ RunTime:0.001000s ]
INFO: [ view_filter ] --END-- [ RunTime:0.001000s ]
INFO: [ app_end ] --START--
INFO: Run Behavior\ShowPageTraceBehavior [ RunTime:0.001000s ]
INFO: [ app_end ] --END-- [ RunTime:0.001000s ]

[ 2016-06-07T14:49:01+08:00 ] ::1 /520you/Admin/Admins/index.html
INFO: [ app_init ] --START--
INFO: Run Behavior\BuildLiteBehavior [ RunTime:0.000000s ]
INFO: [ app_init ] --END-- [ RunTime:0.000000s ]
INFO: [ app_begin ] --START--
INFO: Run Behavior\ReadHtmlCacheBehavior [ RunTime:0.001001s ]
INFO: [ app_begin ] --END-- [ RunTime:0.001001s ]
SQL: SHOW COLUMNS FROM `gp_admins_msg` [ RunTime:0.0030s ]
SQL: SHOW COLUMNS FROM `gp_admins_msg_read` [ RunTime:0.0030s ]
SQL: SELECT COUNT(*) AS tp_count FROM `gp_admins_msg_read` WHERE `userid` = 1 AND `read` = 1 LIMIT 1   [ RunTime:0.0000s ]
SQL: SHOW COLUMNS FROM `gp_master` [ RunTime:0.0030s ]
NOTIC: [8] Use of undefined constant id - assumed 'id' E:\wamp\www\520you\Application\Admin\Model\AdminsModel.class.php 第 21 行.
NOTIC: [8] Use of undefined constant username - assumed 'username' E:\wamp\www\520you\Application\Admin\Model\AdminsModel.class.php 第 21 行.
NOTIC: [8] Use of undefined constant groupname - assumed 'groupname' E:\wamp\www\520you\Application\Admin\Model\AdminsModel.class.php 第 21 行.
NOTIC: [8] Use of undefined constant createdate - assumed 'createdate' E:\wamp\www\520you\Application\Admin\Model\AdminsModel.class.php 第 21 行.
SQL: SELECT `id`,`username`,`groupname`,`createdate` FROM `gp_master` INNER JOIN gp_groupmanager On gp_groupmanager.groupid=gp_master.groupid  WHERE `status` = 1 ORDER BY groupname desc  [ RunTime:0.0000s ]
INFO: [ view_parse ] --START--
INFO: [ template_filter ] --START--
INFO: Run Behavior\ContentReplaceBehavior [ RunTime:0.001000s ]
INFO: [ template_filter ] --END-- [ RunTime:0.001000s ]
INFO: Run Behavior\ParseTemplateBehavior [ RunTime:0.014001s ]
INFO: [ view_parse ] --END-- [ RunTime:0.014001s ]
INFO: [ view_filter ] --START--
INFO: Run Behavior\WriteHtmlCacheBehavior [ RunTime:0.001000s ]
INFO: [ view_filter ] --END-- [ RunTime:0.001000s ]
INFO: [ app_end ] --START--
INFO: Run Behavior\ShowPageTraceBehavior [ RunTime:0.001000s ]
INFO: [ app_end ] --END-- [ RunTime:0.001000s ]

[ 2016-06-07T14:49:14+08:00 ] ::1 /520you/Admin/Admins/index.html
INFO: [ app_init ] --START--
INFO: Run Behavior\BuildLiteBehavior [ RunTime:0.000000s ]
INFO: [ app_init ] --END-- [ RunTime:0.001000s ]
INFO: [ app_begin ] --START--
INFO: Run Behavior\ReadHtmlCacheBehavior [ RunTime:0.001000s ]
INFO: [ app_begin ] --END-- [ RunTime:0.001000s ]
SQL: SHOW COLUMNS FROM `gp_admins_msg` [ RunTime:0.0040s ]
SQL: SHOW COLUMNS FROM `gp_admins_msg_read` [ RunTime:0.0040s ]
SQL: SELECT COUNT(*) AS tp_count FROM `gp_admins_msg_read` WHERE `userid` = 1 AND `read` = 1 LIMIT 1   [ RunTime:0.0010s ]
SQL: SHOW COLUMNS FROM `gp_master` [ RunTime:0.0040s ]
NOTIC: [8] Use of undefined constant id - assumed 'id' E:\wamp\www\520you\Application\Admin\Model\AdminsModel.class.php 第 21 行.
NOTIC: [8] Use of undefined constant username - assumed 'username' E:\wamp\www\520you\Application\Admin\Model\AdminsModel.class.php 第 21 行.
NOTIC: [8] Use of undefined constant groupname - assumed 'groupname' E:\wamp\www\520you\Application\Admin\Model\AdminsModel.class.php 第 21 行.
NOTIC: [8] Use of undefined constant createdate - assumed 'createdate' E:\wamp\www\520you\Application\Admin\Model\AdminsModel.class.php 第 21 行.
SQL: SELECT `id`,`username`,`groupname`,`createdate` FROM `gp_master` INNER JOIN gp_groupmanager On gp_groupmanager.groupid=gp_master.groupid  WHERE `status` = 1 ORDER BY groupname desc  [ RunTime:0.0000s ]
INFO: [ view_parse ] --START--
INFO: [ template_filter ] --START--
INFO: Run Behavior\ContentReplaceBehavior [ RunTime:0.000000s ]
INFO: [ template_filter ] --END-- [ RunTime:0.000000s ]
INFO: Run Behavior\ParseTemplateBehavior [ RunTime:0.017001s ]
INFO: [ view_parse ] --END-- [ RunTime:0.017001s ]
INFO: [ view_filter ] --START--
INFO: Run Behavior\WriteHtmlCacheBehavior [ RunTime:0.000000s ]
INFO: [ view_filter ] --END-- [ RunTime:0.000000s ]
INFO: [ app_end ] --START--
INFO: Run Behavior\ShowPageTraceBehavior [ RunTime:0.001000s ]
INFO: [ app_end ] --END-- [ RunTime:0.001000s ]

[ 2016-06-07T14:49:15+08:00 ] ::1 /520you/Admin/Admins/index.html
INFO: [ app_init ] --START--
INFO: Run Behavior\BuildLiteBehavior [ RunTime:0.000000s ]
INFO: [ app_init ] --END-- [ RunTime:0.001000s ]
INFO: [ app_begin ] --START--
INFO: Run Behavior\ReadHtmlCacheBehavior [ RunTime:0.001000s ]
INFO: [ app_begin ] --END-- [ RunTime:0.001000s ]
SQL: SHOW COLUMNS FROM `gp_admins_msg` [ RunTime:0.0040s ]
SQL: SHOW COLUMNS FROM `gp_admins_msg_read` [ RunTime:0.0030s ]
SQL: SELECT COUNT(*) AS tp_count FROM `gp_admins_msg_read` WHERE `userid` = 1 AND `read` = 1 LIMIT 1   [ RunTime:0.0010s ]
SQL: SHOW COLUMNS FROM `gp_master` [ RunTime:0.0040s ]
NOTIC: [8] Use of undefined constant id - assumed 'id' E:\wamp\www\520you\Application\Admin\Model\AdminsModel.class.php 第 21 行.
NOTIC: [8] Use of undefined constant username - assumed 'username' E:\wamp\www\520you\Application\Admin\Model\AdminsModel.class.php 第 21 行.
NOTIC: [8] Use of undefined constant groupname - assumed 'groupname' E:\wamp\www\520you\Application\Admin\Model\AdminsModel.class.php 第 21 行.
NOTIC: [8] Use of undefined constant createdate - assumed 'createdate' E:\wamp\www\520you\Application\Admin\Model\AdminsModel.class.php 第 21 行.
SQL: SELECT `id`,`username`,`groupname`,`createdate` FROM `gp_master` INNER JOIN gp_groupmanager On gp_groupmanager.groupid=gp_master.groupid  WHERE `status` = 1 ORDER BY groupname desc  [ RunTime:0.0010s ]
INFO: [ view_parse ] --START--
INFO: [ template_filter ] --START--
INFO: Run Behavior\ContentReplaceBehavior [ RunTime:0.001000s ]
INFO: [ template_filter ] --END-- [ RunTime:0.001000s ]
INFO: Run Behavior\ParseTemplateBehavior [ RunTime:0.018001s ]
INFO: [ view_parse ] --END-- [ RunTime:0.019001s ]
INFO: [ view_filter ] --START--
INFO: Run Behavior\WriteHtmlCacheBehavior [ RunTime:0.000000s ]
INFO: [ view_filter ] --END-- [ RunTime:0.000000s ]
INFO: [ app_end ] --START--
INFO: Run Behavior\ShowPageTraceBehavior [ RunTime:0.001000s ]
INFO: [ app_end ] --END-- [ RunTime:0.001000s ]

[ 2016-06-07T14:49:15+08:00 ] ::1 /520you/Admin/Admins/index.html
INFO: [ app_init ] --START--
INFO: Run Behavior\BuildLiteBehavior [ RunTime:0.000000s ]
INFO: [ app_init ] --END-- [ RunTime:0.001000s ]
INFO: [ app_begin ] --START--
INFO: Run Behavior\ReadHtmlCacheBehavior [ RunTime:0.000000s ]
INFO: [ app_begin ] --END-- [ RunTime:0.001000s ]
SQL: SHOW COLUMNS FROM `gp_admins_msg` [ RunTime:0.0030s ]
SQL: SHOW COLUMNS FROM `gp_admins_msg_read` [ RunTime:0.0030s ]
SQL: SELECT COUNT(*) AS tp_count FROM `gp_admins_msg_read` WHERE `userid` = 1 AND `read` = 1 LIMIT 1   [ RunTime:0.0000s ]
SQL: SHOW COLUMNS FROM `gp_master` [ RunTime:0.0030s ]
NOTIC: [8] Use of undefined constant id - assumed 'id' E:\wamp\www\520you\Application\Admin\Model\AdminsModel.class.php 第 21 行.
NOTIC: [8] Use of undefined constant username - assumed 'username' E:\wamp\www\520you\Application\Admin\Model\AdminsModel.class.php 第 21 行.
NOTIC: [8] Use of undefined constant groupname - assumed 'groupname' E:\wamp\www\520you\Application\Admin\Model\AdminsModel.class.php 第 21 行.
NOTIC: [8] Use of undefined constant createdate - assumed 'createdate' E:\wamp\www\520you\Application\Admin\Model\AdminsModel.class.php 第 21 行.
SQL: SELECT `id`,`username`,`groupname`,`createdate` FROM `gp_master` INNER JOIN gp_groupmanager On gp_groupmanager.groupid=gp_master.groupid  WHERE `status` = 1 ORDER BY groupname desc  [ RunTime:0.0000s ]
INFO: [ view_parse ] --START--
INFO: [ template_filter ] --START--
INFO: Run Behavior\ContentReplaceBehavior [ RunTime:0.000000s ]
INFO: [ template_filter ] --END-- [ RunTime:0.000000s ]
INFO: Run Behavior\ParseTemplateBehavior [ RunTime:0.013001s ]
INFO: [ view_parse ] --END-- [ RunTime:0.013001s ]
INFO: [ view_filter ] --START--
INFO: Run Behavior\WriteHtmlCacheBehavior [ RunTime:0.000000s ]
INFO: [ view_filter ] --END-- [ RunTime:0.001000s ]
INFO: [ app_end ] --START--
INFO: Run Behavior\ShowPageTraceBehavior [ RunTime:0.001000s ]
INFO: [ app_end ] --END-- [ RunTime:0.001000s ]

[ 2016-06-07T14:49:15+08:00 ] ::1 /520you/Admin/Admins/index.html
INFO: [ app_init ] --START--
INFO: Run Behavior\BuildLiteBehavior [ RunTime:0.000000s ]
INFO: [ app_init ] --END-- [ RunTime:0.001000s ]
INFO: [ app_begin ] --START--
INFO: Run Behavior\ReadHtmlCacheBehavior [ RunTime:0.000000s ]
INFO: [ app_begin ] --END-- [ RunTime:0.001000s ]
SQL: SHOW COLUMNS FROM `gp_admins_msg` [ RunTime:0.0030s ]
SQL: SHOW COLUMNS FROM `gp_admins_msg_read` [ RunTime:0.0020s ]
SQL: SELECT COUNT(*) AS tp_count FROM `gp_admins_msg_read` WHERE `userid` = 1 AND `read` = 1 LIMIT 1   [ RunTime:0.0000s ]
SQL: SHOW COLUMNS FROM `gp_master` [ RunTime:0.0030s ]
NOTIC: [8] Use of undefined constant id - assumed 'id' E:\wamp\www\520you\Application\Admin\Model\AdminsModel.class.php 第 21 行.
NOTIC: [8] Use of undefined constant username - assumed 'username' E:\wamp\www\520you\Application\Admin\Model\AdminsModel.class.php 第 21 行.
NOTIC: [8] Use of undefined constant groupname - assumed 'groupname' E:\wamp\www\520you\Application\Admin\Model\AdminsModel.class.php 第 21 行.
NOTIC: [8] Use of undefined constant createdate - assumed 'createdate' E:\wamp\www\520you\Application\Admin\Model\AdminsModel.class.php 第 21 行.
SQL: SELECT `id`,`username`,`groupname`,`createdate` FROM `gp_master` INNER JOIN gp_groupmanager On gp_groupmanager.groupid=gp_master.groupid  WHERE `status` = 1 ORDER BY groupname desc  [ RunTime:0.0000s ]
INFO: [ view_parse ] --START--
INFO: [ template_filter ] --START--
INFO: Run Behavior\ContentReplaceBehavior [ RunTime:0.000000s ]
INFO: [ template_filter ] --END-- [ RunTime:0.001000s ]
INFO: Run Behavior\ParseTemplateBehavior [ RunTime:0.012001s ]
INFO: [ view_parse ] --END-- [ RunTime:0.012001s ]
INFO: [ view_filter ] --START--
INFO: Run Behavior\WriteHtmlCacheBehavior [ RunTime:0.001000s ]
INFO: [ view_filter ] --END-- [ RunTime:0.001000s ]
INFO: [ app_end ] --START--
INFO: Run Behavior\ShowPageTraceBehavior [ RunTime:0.001000s ]
INFO: [ app_end ] --END-- [ RunTime:0.001000s ]

[ 2016-06-07T14:49:15+08:00 ] ::1 /520you/Admin/Admins/index.html
INFO: [ app_init ] --START--
INFO: Run Behavior\BuildLiteBehavior [ RunTime:0.000000s ]
INFO: [ app_init ] --END-- [ RunTime:0.001000s ]
INFO: [ app_begin ] --START--
INFO: Run Behavior\ReadHtmlCacheBehavior [ RunTime:0.001000s ]
INFO: [ app_begin ] --END-- [ RunTime:0.001000s ]
SQL: SHOW COLUMNS FROM `gp_admins_msg` [ RunTime:0.0030s ]
SQL: SHOW COLUMNS FROM `gp_admins_msg_read` [ RunTime:0.0040s ]
SQL: SELECT COUNT(*) AS tp_count FROM `gp_admins_msg_read` WHERE `userid` = 1 AND `read` = 1 LIMIT 1   [ RunTime:0.0010s ]
SQL: SHOW COLUMNS FROM `gp_master` [ RunTime:0.0030s ]
NOTIC: [8] Use of undefined constant id - assumed 'id' E:\wamp\www\520you\Application\Admin\Model\AdminsModel.class.php 第 21 行.
NOTIC: [8] Use of undefined constant username - assumed 'username' E:\wamp\www\520you\Application\Admin\Model\AdminsModel.class.php 第 21 行.
NOTIC: [8] Use of undefined constant groupname - assumed 'groupname' E:\wamp\www\520you\Application\Admin\Model\AdminsModel.class.php 第 21 行.
NOTIC: [8] Use of undefined constant createdate - assumed 'createdate' E:\wamp\www\520you\Application\Admin\Model\AdminsModel.class.php 第 21 行.
SQL: SELECT `id`,`username`,`groupname`,`createdate` FROM `gp_master` INNER JOIN gp_groupmanager On gp_groupmanager.groupid=gp_master.groupid  WHERE `status` = 1 ORDER BY groupname desc  [ RunTime:0.0010s ]
INFO: [ view_parse ] --START--
INFO: [ template_filter ] --START--
INFO: Run Behavior\ContentReplaceBehavior [ RunTime:0.000000s ]
INFO: [ template_filter ] --END-- [ RunTime:0.000000s ]
INFO: Run Behavior\ParseTemplateBehavior [ RunTime:0.015001s ]
INFO: [ view_parse ] --END-- [ RunTime:0.015001s ]
INFO: [ view_filter ] --START--
INFO: Run Behavior\WriteHtmlCacheBehavior [ RunTime:0.000000s ]
INFO: [ view_filter ] --END-- [ RunTime:0.000000s ]
INFO: [ app_end ] --START--
INFO: Run Behavior\ShowPageTraceBehavior [ RunTime:0.000000s ]
INFO: [ app_end ] --END-- [ RunTime:0.000000s ]

[ 2016-06-07T14:49:15+08:00 ] ::1 /520you/Admin/Admins/index.html
INFO: [ app_init ] --START--
INFO: Run Behavior\BuildLiteBehavior [ RunTime:0.000000s ]
INFO: [ app_init ] --END-- [ RunTime:0.000000s ]
INFO: [ app_begin ] --START--
INFO: Run Behavior\ReadHtmlCacheBehavior [ RunTime:0.001000s ]
INFO: [ app_begin ] --END-- [ RunTime:0.001000s ]
SQL: SHOW COLUMNS FROM `gp_admins_msg` [ RunTime:0.0020s ]
SQL: SHOW COLUMNS FROM `gp_admins_msg_read` [ RunTime:0.0020s ]
SQL: SELECT COUNT(*) AS tp_count FROM `gp_admins_msg_read` WHERE `userid` = 1 AND `read` = 1 LIMIT 1   [ RunTime:0.0000s ]
SQL: SHOW COLUMNS FROM `gp_master` [ RunTime:0.0030s ]
NOTIC: [8] Use of undefined constant id - assumed 'id' E:\wamp\www\520you\Application\Admin\Model\AdminsModel.class.php 第 21 行.
NOTIC: [8] Use of undefined constant username - assumed 'username' E:\wamp\www\520you\Application\Admin\Model\AdminsModel.class.php 第 21 行.
NOTIC: [8] Use of undefined constant groupname - assumed 'groupname' E:\wamp\www\520you\Application\Admin\Model\AdminsModel.class.php 第 21 行.
NOTIC: [8] Use of undefined constant createdate - assumed 'createdate' E:\wamp\www\520you\Application\Admin\Model\AdminsModel.class.php 第 21 行.
SQL: SELECT `id`,`username`,`groupname`,`createdate` FROM `gp_master` INNER JOIN gp_groupmanager On gp_groupmanager.groupid=gp_master.groupid  WHERE `status` = 1 ORDER BY groupname desc  [ RunTime:0.0010s ]
INFO: [ view_parse ] --START--
INFO: [ template_filter ] --START--
INFO: Run Behavior\ContentReplaceBehavior [ RunTime:0.000000s ]
INFO: [ template_filter ] --END-- [ RunTime:0.000000s ]
INFO: Run Behavior\ParseTemplateBehavior [ RunTime:0.015001s ]
INFO: [ view_parse ] --END-- [ RunTime:0.015001s ]
INFO: [ view_filter ] --START--
INFO: Run Behavior\WriteHtmlCacheBehavior [ RunTime:0.000000s ]
INFO: [ view_filter ] --END-- [ RunTime:0.001000s ]
INFO: [ app_end ] --START--
INFO: Run Behavior\ShowPageTraceBehavior [ RunTime:0.000000s ]
INFO: [ app_end ] --END-- [ RunTime:0.001000s ]

[ 2016-06-07T14:49:16+08:00 ] ::1 /520you/Admin/Admins/index.html
INFO: [ app_init ] --START--
INFO: Run Behavior\BuildLiteBehavior [ RunTime:0.000000s ]
INFO: [ app_init ] --END-- [ RunTime:0.001000s ]
INFO: [ app_begin ] --START--
INFO: Run Behavior\ReadHtmlCacheBehavior [ RunTime:0.001000s ]
INFO: [ app_begin ] --END-- [ RunTime:0.001000s ]
SQL: SHOW COLUMNS FROM `gp_admins_msg` [ RunTime:0.0040s ]
SQL: SHOW COLUMNS FROM `gp_admins_msg_read` [ RunTime:0.0040s ]
SQL: SELECT COUNT(*) AS tp_count FROM `gp_admins_msg_read` WHERE `userid` = 1 AND `read` = 1 LIMIT 1   [ RunTime:0.0000s ]
SQL: SHOW COLUMNS FROM `gp_master` [ RunTime:0.0030s ]
NOTIC: [8] Use of undefined constant id - assumed 'id' E:\wamp\www\520you\Application\Admin\Model\AdminsModel.class.php 第 21 行.
NOTIC: [8] Use of undefined constant username - assumed 'username' E:\wamp\www\520you\Application\Admin\Model\AdminsModel.class.php 第 21 行.
NOTIC: [8] Use of undefined constant groupname - assumed 'groupname' E:\wamp\www\520you\Application\Admin\Model\AdminsModel.class.php 第 21 行.
NOTIC: [8] Use of undefined constant createdate - assumed 'createdate' E:\wamp\www\520you\Application\Admin\Model\AdminsModel.class.php 第 21 行.
SQL: SELECT `id`,`username`,`groupname`,`createdate` FROM `gp_master` INNER JOIN gp_groupmanager On gp_groupmanager.groupid=gp_master.groupid  WHERE `status` = 1 ORDER BY groupname desc  [ RunTime:0.0030s ]
INFO: [ view_parse ] --START--
INFO: [ template_filter ] --START--
INFO: Run Behavior\ContentReplaceBehavior [ RunTime:0.001000s ]
INFO: [ template_filter ] --END-- [ RunTime:0.001000s ]
INFO: Run Behavior\ParseTemplateBehavior [ RunTime:0.015001s ]
INFO: [ view_parse ] --END-- [ RunTime:0.015001s ]
INFO: [ view_filter ] --START--
INFO: Run Behavior\WriteHtmlCacheBehavior [ RunTime:0.000000s ]
INFO: [ view_filter ] --END-- [ RunTime:0.001000s ]
INFO: [ app_end ] --START--
INFO: Run Behavior\ShowPageTraceBehavior [ RunTime:0.001000s ]
INFO: [ app_end ] --END-- [ RunTime:0.001000s ]

[ 2016-06-07T14:49:16+08:00 ] ::1 /520you/Admin/Admins/index.html
INFO: [ app_init ] --START--
INFO: Run Behavior\BuildLiteBehavior [ RunTime:0.000000s ]
INFO: [ app_init ] --END-- [ RunTime:0.000000s ]
INFO: [ app_begin ] --START--
INFO: Run Behavior\ReadHtmlCacheBehavior [ RunTime:0.001000s ]
INFO: [ app_begin ] --END-- [ RunTime:0.001000s ]
SQL: SHOW COLUMNS FROM `gp_admins_msg` [ RunTime:0.0030s ]
SQL: SHOW COLUMNS FROM `gp_admins_msg_read` [ RunTime:0.0020s ]
SQL: SELECT COUNT(*) AS tp_count FROM `gp_admins_msg_read` WHERE `userid` = 1 AND `read` = 1 LIMIT 1   [ RunTime:0.0000s ]
SQL: SHOW COLUMNS FROM `gp_master` [ RunTime:0.0030s ]
NOTIC: [8] Use of undefined constant id - assumed 'id' E:\wamp\www\520you\Application\Admin\Model\AdminsModel.class.php 第 21 行.
NOTIC: [8] Use of undefined constant username - assumed 'username' E:\wamp\www\520you\Application\Admin\Model\AdminsModel.class.php 第 21 行.
NOTIC: [8] Use of undefined constant groupname - assumed 'groupname' E:\wamp\www\520you\Application\Admin\Model\AdminsModel.class.php 第 21 行.
NOTIC: [8] Use of undefined constant createdate - assumed 'createdate' E:\wamp\www\520you\Application\Admin\Model\AdminsModel.class.php 第 21 行.
SQL: SELECT `id`,`username`,`groupname`,`createdate` FROM `gp_master` INNER JOIN gp_groupmanager On gp_groupmanager.groupid=gp_master.groupid  WHERE `status` = 1 ORDER BY groupname desc  [ RunTime:0.0010s ]
INFO: [ view_parse ] --START--
INFO: [ template_filter ] --START--
INFO: Run Behavior\ContentReplaceBehavior [ RunTime:0.000000s ]
INFO: [ template_filter ] --END-- [ RunTime:0.000000s ]
INFO: Run Behavior\ParseTemplateBehavior [ RunTime:0.013000s ]
INFO: [ view_parse ] --END-- [ RunTime:0.013000s ]
INFO: [ view_filter ] --START--
INFO: Run Behavior\WriteHtmlCacheBehavior [ RunTime:0.000000s ]
INFO: [ view_filter ] --END-- [ RunTime:0.000000s ]
INFO: [ app_end ] --START--
INFO: Run Behavior\ShowPageTraceBehavior [ RunTime:0.000000s ]
INFO: [ app_end ] --END-- [ RunTime:0.000000s ]

[ 2016-06-07T14:49:16+08:00 ] ::1 /520you/Admin/Admins/index.html
INFO: [ app_init ] --START--
INFO: Run Behavior\BuildLiteBehavior [ RunTime:0.000000s ]
INFO: [ app_init ] --END-- [ RunTime:0.000000s ]
INFO: [ app_begin ] --START--
INFO: Run Behavior\ReadHtmlCacheBehavior [ RunTime:0.001000s ]
INFO: [ app_begin ] --END-- [ RunTime:0.001000s ]
SQL: SHOW COLUMNS FROM `gp_admins_msg` [ RunTime:0.0030s ]
SQL: SHOW COLUMNS FROM `gp_admins_msg_read` [ RunTime:0.0020s ]
SQL: SELECT COUNT(*) AS tp_count FROM `gp_admins_msg_read` WHERE `userid` = 1 AND `read` = 1 LIMIT 1   [ RunTime:0.0000s ]
SQL: SHOW COLUMNS FROM `gp_master` [ RunTime:0.0030s ]
NOTIC: [8] Use of undefined constant id - assumed 'id' E:\wamp\www\520you\Application\Admin\Model\AdminsModel.class.php 第 21 行.
NOTIC: [8] Use of undefined constant username - assumed 'username' E:\wamp\www\520you\Application\Admin\Model\AdminsModel.class.php 第 21 行.
NOTIC: [8] Use of undefined constant groupname - assumed 'groupname' E:\wamp\www\520you\Application\Admin\Model\AdminsModel.class.php 第 21 行.
NOTIC: [8] Use of undefined constant createdate - assumed 'createdate' E:\wamp\www\520you\Application\Admin\Model\AdminsModel.class.php 第 21 行.
SQL: SELECT `id`,`username`,`groupname`,`createdate` FROM `gp_master` INNER JOIN gp_groupmanager On gp_groupmanager.groupid=gp_master.groupid  WHERE `status` = 1 ORDER BY groupname desc  [ RunTime:0.0000s ]
INFO: [ view_parse ] --START--
INFO: [ template_filter ] --START--
INFO: Run Behavior\ContentReplaceBehavior [ RunTime:0.000000s ]
INFO: [ template_filter ] --END-- [ RunTime:0.000000s ]
INFO: Run Behavior\ParseTemplateBehavior [ RunTime:0.012000s ]
INFO: [ view_parse ] --END-- [ RunTime:0.012000s ]
INFO: [ view_filter ] --START--
INFO: Run Behavior\WriteHtmlCacheBehavior [ RunTime:0.000000s ]
INFO: [ view_filter ] --END-- [ RunTime:0.000000s ]
INFO: [ app_end ] --START--
INFO: Run Behavior\ShowPageTraceBehavior [ RunTime:0.001000s ]
INFO: [ app_end ] --END-- [ RunTime:0.002000s ]

[ 2016-06-07T14:49:22+08:00 ] ::1 /520you/Admin/Admins/index.html
INFO: [ app_init ] --START--
INFO: Run Behavior\BuildLiteBehavior [ RunTime:0.000000s ]
INFO: [ app_init ] --END-- [ RunTime:0.000000s ]
INFO: [ app_begin ] --START--
INFO: Run Behavior\ReadHtmlCacheBehavior [ RunTime:0.000000s ]
INFO: [ app_begin ] --END-- [ RunTime:0.001001s ]
SQL: SHOW COLUMNS FROM `gp_admins_msg` [ RunTime:0.0040s ]
SQL: SHOW COLUMNS FROM `gp_admins_msg_read` [ RunTime:0.0030s ]
SQL: SELECT COUNT(*) AS tp_count FROM `gp_admins_msg_read` WHERE `userid` = 1 AND `read` = 1 LIMIT 1   [ RunTime:0.0000s ]
SQL: SHOW COLUMNS FROM `gp_master` [ RunTime:0.0030s ]
NOTIC: [8] Use of undefined constant id - assumed 'id' E:\wamp\www\520you\Application\Admin\Model\AdminsModel.class.php 第 21 行.
NOTIC: [8] Use of undefined constant username - assumed 'username' E:\wamp\www\520you\Application\Admin\Model\AdminsModel.class.php 第 21 行.
NOTIC: [8] Use of undefined constant groupname - assumed 'groupname' E:\wamp\www\520you\Application\Admin\Model\AdminsModel.class.php 第 21 行.
NOTIC: [8] Use of undefined constant createdate - assumed 'createdate' E:\wamp\www\520you\Application\Admin\Model\AdminsModel.class.php 第 21 行.
SQL: SELECT `id`,`username`,`groupname`,`createdate` FROM `gp_master` INNER JOIN gp_groupmanager On gp_groupmanager.groupid=gp_master.groupid  WHERE `status` = 1 ORDER BY groupname desc  [ RunTime:0.0010s ]
INFO: [ view_parse ] --START--
INFO: [ template_filter ] --START--
INFO: Run Behavior\ContentReplaceBehavior [ RunTime:0.000000s ]
INFO: [ template_filter ] --END-- [ RunTime:0.000000s ]
INFO: Run Behavior\ParseTemplateBehavior [ RunTime:0.013001s ]
INFO: [ view_parse ] --END-- [ RunTime:0.013001s ]
INFO: [ view_filter ] --START--
INFO: Run Behavior\WriteHtmlCacheBehavior [ RunTime:0.000000s ]
INFO: [ view_filter ] --END-- [ RunTime:0.000000s ]
INFO: [ app_end ] --START--
INFO: Run Behavior\ShowPageTraceBehavior [ RunTime:0.000000s ]
INFO: [ app_end ] --END-- [ RunTime:0.000000s ]

[ 2016-06-07T14:50:20+08:00 ] ::1 /520you/Admin/Admins/index.html
INFO: [ app_init ] --START--
INFO: Run Behavior\BuildLiteBehavior [ RunTime:0.000000s ]
INFO: [ app_init ] --END-- [ RunTime:0.001000s ]
INFO: [ app_begin ] --START--
INFO: Run Behavior\ReadHtmlCacheBehavior [ RunTime:0.000000s ]
INFO: [ app_begin ] --END-- [ RunTime:0.001000s ]
SQL: SHOW COLUMNS FROM `gp_admins_msg` [ RunTime:0.0020s ]
SQL: SHOW COLUMNS FROM `gp_admins_msg_read` [ RunTime:0.0020s ]
SQL: SELECT COUNT(*) AS tp_count FROM `gp_admins_msg_read` WHERE `userid` = 1 AND `read` = 1 LIMIT 1   [ RunTime:0.0010s ]
SQL: SHOW COLUMNS FROM `gp_master` [ RunTime:0.0020s ]
NOTIC: [8] Use of undefined constant id - assumed 'id' E:\wamp\www\520you\Application\Admin\Model\AdminsModel.class.php 第 21 行.
NOTIC: [8] Use of undefined constant username - assumed 'username' E:\wamp\www\520you\Application\Admin\Model\AdminsModel.class.php 第 21 行.
NOTIC: [8] Use of undefined constant groupname - assumed 'groupname' E:\wamp\www\520you\Application\Admin\Model\AdminsModel.class.php 第 21 行.
NOTIC: [8] Use of undefined constant createdate - assumed 'createdate' E:\wamp\www\520you\Application\Admin\Model\AdminsModel.class.php 第 21 行.
SQL: SELECT `id`,`username`,`groupname`,`createdate` FROM `gp_master` INNER JOIN gp_groupmanager On gp_groupmanager.groupid=gp_master.groupid  WHERE `status` = 1 ORDER BY groupname desc  [ RunTime:0.0000s ]
INFO: [ view_parse ] --START--
INFO: [ template_filter ] --START--
INFO: Run Behavior\ContentReplaceBehavior [ RunTime:0.000000s ]
INFO: [ template_filter ] --END-- [ RunTime:0.000000s ]
INFO: Run Behavior\ParseTemplateBehavior [ RunTime:0.013000s ]
INFO: [ view_parse ] --END-- [ RunTime:0.013000s ]
INFO: [ view_filter ] --START--
INFO: Run Behavior\WriteHtmlCacheBehavior [ RunTime:0.001000s ]
INFO: [ view_filter ] --END-- [ RunTime:0.001000s ]
INFO: [ app_end ] --START--
INFO: Run Behavior\ShowPageTraceBehavior [ RunTime:0.001000s ]
INFO: [ app_end ] --END-- [ RunTime:0.001000s ]

[ 2016-06-07T14:50:49+08:00 ] ::1 /520you/Admin/Admins/index.html
INFO: [ app_init ] --START--
INFO: Run Behavior\BuildLiteBehavior [ RunTime:0.000000s ]
INFO: [ app_init ] --END-- [ RunTime:0.000000s ]
INFO: [ app_begin ] --START--
INFO: Run Behavior\ReadHtmlCacheBehavior [ RunTime:0.001000s ]
INFO: [ app_begin ] --END-- [ RunTime:0.001000s ]
SQL: SHOW COLUMNS FROM `gp_admins_msg` [ RunTime:0.0030s ]
SQL: SHOW COLUMNS FROM `gp_admins_msg_read` [ RunTime:0.0030s ]
SQL: SELECT COUNT(*) AS tp_count FROM `gp_admins_msg_read` WHERE `userid` = 1 AND `read` = 1 LIMIT 1   [ RunTime:0.0010s ]
SQL: SHOW COLUMNS FROM `gp_master` [ RunTime:0.0030s ]
NOTIC: [8] Use of undefined constant id - assumed 'id' E:\wamp\www\520you\Application\Admin\Model\AdminsModel.class.php 第 21 行.
NOTIC: [8] Use of undefined constant username - assumed 'username' E:\wamp\www\520you\Application\Admin\Model\AdminsModel.class.php 第 21 行.
NOTIC: [8] Use of undefined constant groupname - assumed 'groupname' E:\wamp\www\520you\Application\Admin\Model\AdminsModel.class.php 第 21 行.
NOTIC: [8] Use of undefined constant createdate - assumed 'createdate' E:\wamp\www\520you\Application\Admin\Model\AdminsModel.class.php 第 21 行.
SQL: SELECT `id`,`username`,`groupname`,`createdate` FROM `gp_master` INNER JOIN gp_groupmanager On gp_groupmanager.groupid=gp_master.groupid  WHERE `status` = 1 ORDER BY groupname desc  [ RunTime:0.0000s ]
INFO: [ view_parse ] --START--
INFO: [ template_filter ] --START--
INFO: Run Behavior\ContentReplaceBehavior [ RunTime:0.000000s ]
INFO: [ template_filter ] --END-- [ RunTime:0.001000s ]

[ 2016-06-07T14:51:05+08:00 ] ::1 /520you/Admin/Admins/index.html
INFO: [ app_init ] --START--
INFO: Run Behavior\BuildLiteBehavior [ RunTime:0.000000s ]
INFO: [ app_init ] --END-- [ RunTime:0.001000s ]
INFO: [ app_begin ] --START--
INFO: Run Behavior\ReadHtmlCacheBehavior [ RunTime:0.001000s ]
INFO: [ app_begin ] --END-- [ RunTime:0.001000s ]
SQL: SHOW COLUMNS FROM `gp_admins_msg` [ RunTime:0.0030s ]
SQL: SHOW COLUMNS FROM `gp_admins_msg_read` [ RunTime:0.0020s ]
SQL: SELECT COUNT(*) AS tp_count FROM `gp_admins_msg_read` WHERE `userid` = 1 AND `read` = 1 LIMIT 1   [ RunTime:0.0010s ]
SQL: SHOW COLUMNS FROM `gp_master` [ RunTime:0.0030s ]
NOTIC: [8] Use of undefined constant id - assumed 'id' E:\wamp\www\520you\Application\Admin\Model\AdminsModel.class.php 第 21 行.
NOTIC: [8] Use of undefined constant username - assumed 'username' E:\wamp\www\520you\Application\Admin\Model\AdminsModel.class.php 第 21 行.
NOTIC: [8] Use of undefined constant groupname - assumed 'groupname' E:\wamp\www\520you\Application\Admin\Model\AdminsModel.class.php 第 21 行.
NOTIC: [8] Use of undefined constant createdate - assumed 'createdate' E:\wamp\www\520you\Application\Admin\Model\AdminsModel.class.php 第 21 行.
SQL: SELECT `id`,`username`,`groupname`,`createdate` FROM `gp_master` INNER JOIN gp_groupmanager On gp_groupmanager.groupid=gp_master.groupid  WHERE `status` = 1 ORDER BY groupname desc  [ RunTime:0.0000s ]
INFO: [ view_parse ] --START--
INFO: [ template_filter ] --START--
INFO: Run Behavior\ContentReplaceBehavior [ RunTime:0.000000s ]
INFO: [ template_filter ] --END-- [ RunTime:0.000000s ]

[ 2016-06-07T14:51:22+08:00 ] ::1 /520you/Admin/Admins/index.html
INFO: [ app_init ] --START--
INFO: Run Behavior\BuildLiteBehavior [ RunTime:0.000000s ]
INFO: [ app_init ] --END-- [ RunTime:0.001000s ]
INFO: [ app_begin ] --START--
INFO: Run Behavior\ReadHtmlCacheBehavior [ RunTime:0.001000s ]
INFO: [ app_begin ] --END-- [ RunTime:0.001000s ]
SQL: SHOW COLUMNS FROM `gp_admins_msg` [ RunTime:0.0030s ]
SQL: SHOW COLUMNS FROM `gp_admins_msg_read` [ RunTime:0.0020s ]
SQL: SELECT COUNT(*) AS tp_count FROM `gp_admins_msg_read` WHERE `userid` = 1 AND `read` = 1 LIMIT 1   [ RunTime:0.0000s ]
SQL: SHOW COLUMNS FROM `gp_master` [ RunTime:0.0020s ]
NOTIC: [8] Use of undefined constant id - assumed 'id' E:\wamp\www\520you\Application\Admin\Model\AdminsModel.class.php 第 21 行.
NOTIC: [8] Use of undefined constant username - assumed 'username' E:\wamp\www\520you\Application\Admin\Model\AdminsModel.class.php 第 21 行.
NOTIC: [8] Use of undefined constant groupname - assumed 'groupname' E:\wamp\www\520you\Application\Admin\Model\AdminsModel.class.php 第 21 行.
NOTIC: [8] Use of undefined constant createdate - assumed 'createdate' E:\wamp\www\520you\Application\Admin\Model\AdminsModel.class.php 第 21 行.
SQL: SELECT `id`,`username`,`groupname`,`createdate` FROM `gp_master` INNER JOIN gp_groupmanager On gp_groupmanager.groupid=gp_master.groupid  WHERE `status` = 1 ORDER BY groupname desc  [ RunTime:0.0000s ]
INFO: [ view_parse ] --START--
INFO: [ template_filter ] --START--
INFO: Run Behavior\ContentReplaceBehavior [ RunTime:0.000000s ]
INFO: [ template_filter ] --END-- [ RunTime:0.000000s ]

[ 2016-06-07T14:51:39+08:00 ] ::1 /520you/Admin/Admins/index.html
INFO: [ app_init ] --START--
INFO: Run Behavior\BuildLiteBehavior [ RunTime:0.000000s ]
INFO: [ app_init ] --END-- [ RunTime:0.001000s ]
INFO: [ app_begin ] --START--
INFO: Run Behavior\ReadHtmlCacheBehavior [ RunTime:0.002000s ]
INFO: [ app_begin ] --END-- [ RunTime:0.002000s ]
SQL: SHOW COLUMNS FROM `gp_admins_msg` [ RunTime:0.0030s ]
SQL: SHOW COLUMNS FROM `gp_admins_msg_read` [ RunTime:0.0030s ]
SQL: SELECT COUNT(*) AS tp_count FROM `gp_admins_msg_read` WHERE `userid` = 1 AND `read` = 1 LIMIT 1   [ RunTime:0.0000s ]
SQL: SHOW COLUMNS FROM `gp_master` [ RunTime:0.0030s ]
NOTIC: [8] Use of undefined constant id - assumed 'id' E:\wamp\www\520you\Application\Admin\Model\AdminsModel.class.php 第 21 行.
NOTIC: [8] Use of undefined constant username - assumed 'username' E:\wamp\www\520you\Application\Admin\Model\AdminsModel.class.php 第 21 行.
NOTIC: [8] Use of undefined constant groupname - assumed 'groupname' E:\wamp\www\520you\Application\Admin\Model\AdminsModel.class.php 第 21 行.
NOTIC: [8] Use of undefined constant createdate - assumed 'createdate' E:\wamp\www\520you\Application\Admin\Model\AdminsModel.class.php 第 21 行.
SQL: SELECT `id`,`username`,`groupname`,`createdate` FROM `gp_master` INNER JOIN gp_groupmanager On gp_groupmanager.groupid=gp_master.groupid  WHERE `status` = 1 ORDER BY groupname desc  [ RunTime:0.0010s ]
INFO: [ view_parse ] --START--
INFO: [ template_filter ] --START--
INFO: Run Behavior\ContentReplaceBehavior [ RunTime:0.000000s ]
INFO: [ template_filter ] --END-- [ RunTime:0.001000s ]

[ 2016-06-07T14:51:39+08:00 ] ::1 /520you/Admin/Admins/index.html
INFO: [ app_init ] --START--
INFO: Run Behavior\BuildLiteBehavior [ RunTime:0.000000s ]
INFO: [ app_init ] --END-- [ RunTime:0.000000s ]
INFO: [ app_begin ] --START--
INFO: Run Behavior\ReadHtmlCacheBehavior [ RunTime:0.001000s ]
INFO: [ app_begin ] --END-- [ RunTime:0.001000s ]
SQL: SHOW COLUMNS FROM `gp_admins_msg` [ RunTime:0.0020s ]
SQL: SHOW COLUMNS FROM `gp_admins_msg_read` [ RunTime:0.0020s ]
SQL: SELECT COUNT(*) AS tp_count FROM `gp_admins_msg_read` WHERE `userid` = 1 AND `read` = 1 LIMIT 1   [ RunTime:0.0000s ]
SQL: SHOW COLUMNS FROM `gp_master` [ RunTime:0.0020s ]
NOTIC: [8] Use of undefined constant id - assumed 'id' E:\wamp\www\520you\Application\Admin\Model\AdminsModel.class.php 第 21 行.
NOTIC: [8] Use of undefined constant username - assumed 'username' E:\wamp\www\520you\Application\Admin\Model\AdminsModel.class.php 第 21 行.
NOTIC: [8] Use of undefined constant groupname - assumed 'groupname' E:\wamp\www\520you\Application\Admin\Model\AdminsModel.class.php 第 21 行.
NOTIC: [8] Use of undefined constant createdate - assumed 'createdate' E:\wamp\www\520you\Application\Admin\Model\AdminsModel.class.php 第 21 行.
SQL: SELECT `id`,`username`,`groupname`,`createdate` FROM `gp_master` INNER JOIN gp_groupmanager On gp_groupmanager.groupid=gp_master.groupid  WHERE `status` = 1 ORDER BY groupname desc  [ RunTime:0.0000s ]
INFO: [ view_parse ] --START--
INFO: [ template_filter ] --START--
INFO: Run Behavior\ContentReplaceBehavior [ RunTime:0.000000s ]
INFO: [ template_filter ] --END-- [ RunTime:0.000000s ]
INFO: Run Behavior\ParseTemplateBehavior [ RunTime:0.012001s ]
INFO: [ view_parse ] --END-- [ RunTime:0.012001s ]
INFO: [ view_filter ] --START--
INFO: Run Behavior\WriteHtmlCacheBehavior [ RunTime:0.001000s ]
INFO: [ view_filter ] --END-- [ RunTime:0.001000s ]
INFO: [ app_end ] --START--
INFO: Run Behavior\ShowPageTraceBehavior [ RunTime:0.001000s ]
INFO: [ app_end ] --END-- [ RunTime:0.001000s ]

[ 2016-06-07T14:51:39+08:00 ] ::1 /520you/Admin/Admins/index.html
INFO: [ app_init ] --START--
INFO: Run Behavior\BuildLiteBehavior [ RunTime:0.000000s ]
INFO: [ app_init ] --END-- [ RunTime:0.000000s ]
INFO: [ app_begin ] --START--
INFO: Run Behavior\ReadHtmlCacheBehavior [ RunTime:0.001001s ]
INFO: [ app_begin ] --END-- [ RunTime:0.001001s ]
SQL: SHOW COLUMNS FROM `gp_admins_msg` [ RunTime:0.0020s ]
SQL: SHOW COLUMNS FROM `gp_admins_msg_read` [ RunTime:0.0020s ]
SQL: SELECT COUNT(*) AS tp_count FROM `gp_admins_msg_read` WHERE `userid` = 1 AND `read` = 1 LIMIT 1   [ RunTime:0.0000s ]
SQL: SHOW COLUMNS FROM `gp_master` [ RunTime:0.0030s ]
NOTIC: [8] Use of undefined constant id - assumed 'id' E:\wamp\www\520you\Application\Admin\Model\AdminsModel.class.php 第 21 行.
NOTIC: [8] Use of undefined constant username - assumed 'username' E:\wamp\www\520you\Application\Admin\Model\AdminsModel.class.php 第 21 行.
NOTIC: [8] Use of undefined constant groupname - assumed 'groupname' E:\wamp\www\520you\Application\Admin\Model\AdminsModel.class.php 第 21 行.
NOTIC: [8] Use of undefined constant createdate - assumed 'createdate' E:\wamp\www\520you\Application\Admin\Model\AdminsModel.class.php 第 21 行.
SQL: SELECT `id`,`username`,`groupname`,`createdate` FROM `gp_master` INNER JOIN gp_groupmanager On gp_groupmanager.groupid=gp_master.groupid  WHERE `status` = 1 ORDER BY groupname desc  [ RunTime:0.0010s ]
INFO: [ view_parse ] --START--
INFO: [ template_filter ] --START--
INFO: Run Behavior\ContentReplaceBehavior [ RunTime:0.000000s ]
INFO: [ template_filter ] --END-- [ RunTime:0.001000s ]
INFO: Run Behavior\ParseTemplateBehavior [ RunTime:0.013001s ]
INFO: [ view_parse ] --END-- [ RunTime:0.013001s ]
INFO: [ view_filter ] --START--
INFO: Run Behavior\WriteHtmlCacheBehavior [ RunTime:0.001000s ]
INFO: [ view_filter ] --END-- [ RunTime:0.001000s ]
INFO: [ app_end ] --START--
INFO: Run Behavior\ShowPageTraceBehavior [ RunTime:0.000000s ]
INFO: [ app_end ] --END-- [ RunTime:0.000000s ]

[ 2016-06-07T14:51:39+08:00 ] ::1 /520you/Admin/Admins/index.html
INFO: [ app_init ] --START--
INFO: Run Behavior\BuildLiteBehavior [ RunTime:0.000000s ]
INFO: [ app_init ] --END-- [ RunTime:0.001000s ]
INFO: [ app_begin ] --START--
INFO: Run Behavior\ReadHtmlCacheBehavior [ RunTime:0.001000s ]
INFO: [ app_begin ] --END-- [ RunTime:0.001000s ]
SQL: SHOW COLUMNS FROM `gp_admins_msg` [ RunTime:0.0030s ]
SQL: SHOW COLUMNS FROM `gp_admins_msg_read` [ RunTime:0.0030s ]
SQL: SELECT COUNT(*) AS tp_count FROM `gp_admins_msg_read` WHERE `userid` = 1 AND `read` = 1 LIMIT 1   [ RunTime:0.0010s ]
SQL: SHOW COLUMNS FROM `gp_master` [ RunTime:0.0020s ]
NOTIC: [8] Use of undefined constant id - assumed 'id' E:\wamp\www\520you\Application\Admin\Model\AdminsModel.class.php 第 21 行.
NOTIC: [8] Use of undefined constant username - assumed 'username' E:\wamp\www\520you\Application\Admin\Model\AdminsModel.class.php 第 21 行.
NOTIC: [8] Use of undefined constant groupname - assumed 'groupname' E:\wamp\www\520you\Application\Admin\Model\AdminsModel.class.php 第 21 行.
NOTIC: [8] Use of undefined constant createdate - assumed 'createdate' E:\wamp\www\520you\Application\Admin\Model\AdminsModel.class.php 第 21 行.
SQL: SELECT `id`,`username`,`groupname`,`createdate` FROM `gp_master` INNER JOIN gp_groupmanager On gp_groupmanager.groupid=gp_master.groupid  WHERE `status` = 1 ORDER BY groupname desc  [ RunTime:0.0000s ]
INFO: [ view_parse ] --START--
INFO: [ template_filter ] --START--
INFO: Run Behavior\ContentReplaceBehavior [ RunTime:0.000000s ]
INFO: [ template_filter ] --END-- [ RunTime:0.000000s ]
INFO: Run Behavior\ParseTemplateBehavior [ RunTime:0.013001s ]
INFO: [ view_parse ] --END-- [ RunTime:0.013001s ]
INFO: [ view_filter ] --START--
INFO: Run Behavior\WriteHtmlCacheBehavior [ RunTime:0.001000s ]
INFO: [ view_filter ] --END-- [ RunTime:0.001000s ]
INFO: [ app_end ] --START--
INFO: Run Behavior\ShowPageTraceBehavior [ RunTime:0.001000s ]
INFO: [ app_end ] --END-- [ RunTime:0.001000s ]

[ 2016-06-07T14:51:39+08:00 ] ::1 /520you/Admin/Admins/index.html
INFO: [ app_init ] --START--
INFO: Run Behavior\BuildLiteBehavior [ RunTime:0.000000s ]
INFO: [ app_init ] --END-- [ RunTime:0.000000s ]
INFO: [ app_begin ] --START--
INFO: Run Behavior\ReadHtmlCacheBehavior [ RunTime:0.001001s ]
INFO: [ app_begin ] --END-- [ RunTime:0.001001s ]
SQL: SHOW COLUMNS FROM `gp_admins_msg` [ RunTime:0.0030s ]
SQL: SHOW COLUMNS FROM `gp_admins_msg_read` [ RunTime:0.0030s ]
SQL: SELECT COUNT(*) AS tp_count FROM `gp_admins_msg_read` WHERE `userid` = 1 AND `read` = 1 LIMIT 1   [ RunTime:0.0000s ]
SQL: SHOW COLUMNS FROM `gp_master` [ RunTime:0.0020s ]
NOTIC: [8] Use of undefined constant id - assumed 'id' E:\wamp\www\520you\Application\Admin\Model\AdminsModel.class.php 第 21 行.
NOTIC: [8] Use of undefined constant username - assumed 'username' E:\wamp\www\520you\Application\Admin\Model\AdminsModel.class.php 第 21 行.
NOTIC: [8] Use of undefined constant groupname - assumed 'groupname' E:\wamp\www\520you\Application\Admin\Model\AdminsModel.class.php 第 21 行.
NOTIC: [8] Use of undefined constant createdate - assumed 'createdate' E:\wamp\www\520you\Application\Admin\Model\AdminsModel.class.php 第 21 行.
SQL: SELECT `id`,`username`,`groupname`,`createdate` FROM `gp_master` INNER JOIN gp_groupmanager On gp_groupmanager.groupid=gp_master.groupid  WHERE `status` = 1 ORDER BY groupname desc  [ RunTime:0.0000s ]
INFO: [ view_parse ] --START--
INFO: [ template_filter ] --START--
INFO: Run Behavior\ContentReplaceBehavior [ RunTime:0.000000s ]
INFO: [ template_filter ] --END-- [ RunTime:0.000000s ]
INFO: Run Behavior\ParseTemplateBehavior [ RunTime:0.013000s ]
INFO: [ view_parse ] --END-- [ RunTime:0.013000s ]
INFO: [ view_filter ] --START--
INFO: Run Behavior\WriteHtmlCacheBehavior [ RunTime:0.000000s ]
INFO: [ view_filter ] --END-- [ RunTime:0.000000s ]
INFO: [ app_end ] --START--
INFO: Run Behavior\ShowPageTraceBehavior [ RunTime:0.000000s ]
INFO: [ app_end ] --END-- [ RunTime:0.000000s ]

[ 2016-06-07T14:51:39+08:00 ] ::1 /520you/Admin/Admins/index.html
INFO: [ app_init ] --START--
INFO: Run Behavior\BuildLiteBehavior [ RunTime:0.000000s ]
INFO: [ app_init ] --END-- [ RunTime:0.001000s ]
INFO: [ app_begin ] --START--
INFO: Run Behavior\ReadHtmlCacheBehavior [ RunTime:0.001000s ]
INFO: [ app_begin ] --END-- [ RunTime:0.001000s ]
SQL: SHOW COLUMNS FROM `gp_admins_msg` [ RunTime:0.0020s ]
SQL: SHOW COLUMNS FROM `gp_admins_msg_read` [ RunTime:0.0030s ]
SQL: SELECT COUNT(*) AS tp_count FROM `gp_admins_msg_read` WHERE `userid` = 1 AND `read` = 1 LIMIT 1   [ RunTime:0.0010s ]
SQL: SHOW COLUMNS FROM `gp_master` [ RunTime:0.0020s ]
NOTIC: [8] Use of undefined constant id - assumed 'id' E:\wamp\www\520you\Application\Admin\Model\AdminsModel.class.php 第 21 行.
NOTIC: [8] Use of undefined constant username - assumed 'username' E:\wamp\www\520you\Application\Admin\Model\AdminsModel.class.php 第 21 行.
NOTIC: [8] Use of undefined constant groupname - assumed 'groupname' E:\wamp\www\520you\Application\Admin\Model\AdminsModel.class.php 第 21 行.
NOTIC: [8] Use of undefined constant createdate - assumed 'createdate' E:\wamp\www\520you\Application\Admin\Model\AdminsModel.class.php 第 21 行.
SQL: SELECT `id`,`username`,`groupname`,`createdate` FROM `gp_master` INNER JOIN gp_groupmanager On gp_groupmanager.groupid=gp_master.groupid  WHERE `status` = 1 ORDER BY groupname desc  [ RunTime:0.0000s ]
INFO: [ view_parse ] --START--
INFO: [ template_filter ] --START--
INFO: Run Behavior\ContentReplaceBehavior [ RunTime:0.000000s ]
INFO: [ template_filter ] --END-- [ RunTime:0.000000s ]
INFO: Run Behavior\ParseTemplateBehavior [ RunTime:0.012000s ]
INFO: [ view_parse ] --END-- [ RunTime:0.012000s ]
INFO: [ view_filter ] --START--
INFO: Run Behavior\WriteHtmlCacheBehavior [ RunTime:0.001000s ]
INFO: [ view_filter ] --END-- [ RunTime:0.001000s ]
INFO: [ app_end ] --START--
INFO: Run Behavior\ShowPageTraceBehavior [ RunTime:0.001000s ]
INFO: [ app_end ] --END-- [ RunTime:0.001000s ]

[ 2016-06-07T14:51:39+08:00 ] ::1 /520you/Admin/Admins/index.html
INFO: [ app_init ] --START--
INFO: Run Behavior\BuildLiteBehavior [ RunTime:0.000000s ]
INFO: [ app_init ] --END-- [ RunTime:0.001000s ]
INFO: [ app_begin ] --START--
INFO: Run Behavior\ReadHtmlCacheBehavior [ RunTime:0.001000s ]
INFO: [ app_begin ] --END-- [ RunTime:0.001000s ]
SQL: SHOW COLUMNS FROM `gp_admins_msg` [ RunTime:0.0030s ]
SQL: SHOW COLUMNS FROM `gp_admins_msg_read` [ RunTime:0.0020s ]
SQL: SELECT COUNT(*) AS tp_count FROM `gp_admins_msg_read` WHERE `userid` = 1 AND `read` = 1 LIMIT 1   [ RunTime:0.0000s ]
SQL: SHOW COLUMNS FROM `gp_master` [ RunTime:0.0030s ]
NOTIC: [8] Use of undefined constant id - assumed 'id' E:\wamp\www\520you\Application\Admin\Model\AdminsModel.class.php 第 21 行.
NOTIC: [8] Use of undefined constant username - assumed 'username' E:\wamp\www\520you\Application\Admin\Model\AdminsModel.class.php 第 21 行.
NOTIC: [8] Use of undefined constant groupname - assumed 'groupname' E:\wamp\www\520you\Application\Admin\Model\AdminsModel.class.php 第 21 行.
NOTIC: [8] Use of undefined constant createdate - assumed 'createdate' E:\wamp\www\520you\Application\Admin\Model\AdminsModel.class.php 第 21 行.
SQL: SELECT `id`,`username`,`groupname`,`createdate` FROM `gp_master` INNER JOIN gp_groupmanager On gp_groupmanager.groupid=gp_master.groupid  WHERE `status` = 1 ORDER BY groupname desc  [ RunTime:0.0000s ]
INFO: [ view_parse ] --START--
INFO: [ template_filter ] --START--
INFO: Run Behavior\ContentReplaceBehavior [ RunTime:0.000000s ]
INFO: [ template_filter ] --END-- [ RunTime:0.001000s ]
INFO: Run Behavior\ParseTemplateBehavior [ RunTime:0.012000s ]
INFO: [ view_parse ] --END-- [ RunTime:0.012000s ]
INFO: [ view_filter ] --START--
INFO: Run Behavior\WriteHtmlCacheBehavior [ RunTime:0.000000s ]
INFO: [ view_filter ] --END-- [ RunTime:0.001000s ]
INFO: [ app_end ] --START--
INFO: Run Behavior\ShowPageTraceBehavior [ RunTime:0.000000s ]
INFO: [ app_end ] --END-- [ RunTime:0.001000s ]

[ 2016-06-07T14:51:39+08:00 ] ::1 /520you/Admin/Admins/index.html
INFO: [ app_init ] --START--
INFO: Run Behavior\BuildLiteBehavior [ RunTime:0.000000s ]
INFO: [ app_init ] --END-- [ RunTime:0.001000s ]
INFO: [ app_begin ] --START--
INFO: Run Behavior\ReadHtmlCacheBehavior [ RunTime:0.001000s ]
INFO: [ app_begin ] --END-- [ RunTime:0.001000s ]
SQL: SHOW COLUMNS FROM `gp_admins_msg` [ RunTime:0.0020s ]
SQL: SHOW COLUMNS FROM `gp_admins_msg_read` [ RunTime:0.0020s ]
SQL: SELECT COUNT(*) AS tp_count FROM `gp_admins_msg_read` WHERE `userid` = 1 AND `read` = 1 LIMIT 1   [ RunTime:0.0000s ]
SQL: SHOW COLUMNS FROM `gp_master` [ RunTime:0.0020s ]
NOTIC: [8] Use of undefined constant id - assumed 'id' E:\wamp\www\520you\Application\Admin\Model\AdminsModel.class.php 第 21 行.
NOTIC: [8] Use of undefined constant username - assumed 'username' E:\wamp\www\520you\Application\Admin\Model\AdminsModel.class.php 第 21 行.
NOTIC: [8] Use of undefined constant groupname - assumed 'groupname' E:\wamp\www\520you\Application\Admin\Model\AdminsModel.class.php 第 21 行.
NOTIC: [8] Use of undefined constant createdate - assumed 'createdate' E:\wamp\www\520you\Application\Admin\Model\AdminsModel.class.php 第 21 行.
SQL: SELECT `id`,`username`,`groupname`,`createdate` FROM `gp_master` INNER JOIN gp_groupmanager On gp_groupmanager.groupid=gp_master.groupid  WHERE `status` = 1 ORDER BY groupname desc  [ RunTime:0.0000s ]
INFO: [ view_parse ] --START--
INFO: [ template_filter ] --START--
INFO: Run Behavior\ContentReplaceBehavior [ RunTime:0.000000s ]
INFO: [ template_filter ] --END-- [ RunTime:0.000000s ]
INFO: Run Behavior\ParseTemplateBehavior [ RunTime:0.012001s ]
INFO: [ view_parse ] --END-- [ RunTime:0.013001s ]
INFO: [ view_filter ] --START--
INFO: Run Behavior\WriteHtmlCacheBehavior [ RunTime:0.000000s ]
INFO: [ view_filter ] --END-- [ RunTime:0.000000s ]
INFO: [ app_end ] --START--
INFO: Run Behavior\ShowPageTraceBehavior [ RunTime:0.001000s ]
INFO: [ app_end ] --END-- [ RunTime:0.001000s ]

[ 2016-06-07T14:51:39+08:00 ] ::1 /520you/Admin/Admins/index.html
INFO: [ app_init ] --START--
INFO: Run Behavior\BuildLiteBehavior [ RunTime:0.000000s ]
INFO: [ app_init ] --END-- [ RunTime:0.000000s ]
INFO: [ app_begin ] --START--
INFO: Run Behavior\ReadHtmlCacheBehavior [ RunTime:0.000000s ]
INFO: [ app_begin ] --END-- [ RunTime:0.000000s ]
SQL: SHOW COLUMNS FROM `gp_admins_msg` [ RunTime:0.0030s ]
SQL: SHOW COLUMNS FROM `gp_admins_msg_read` [ RunTime:0.0030s ]
SQL: SELECT COUNT(*) AS tp_count FROM `gp_admins_msg_read` WHERE `userid` = 1 AND `read` = 1 LIMIT 1   [ RunTime:0.0000s ]
SQL: SHOW COLUMNS FROM `gp_master` [ RunTime:0.0030s ]
NOTIC: [8] Use of undefined constant id - assumed 'id' E:\wamp\www\520you\Application\Admin\Model\AdminsModel.class.php 第 21 行.
NOTIC: [8] Use of undefined constant username - assumed 'username' E:\wamp\www\520you\Application\Admin\Model\AdminsModel.class.php 第 21 行.
NOTIC: [8] Use of undefined constant groupname - assumed 'groupname' E:\wamp\www\520you\Application\Admin\Model\AdminsModel.class.php 第 21 行.
NOTIC: [8] Use of undefined constant createdate - assumed 'createdate' E:\wamp\www\520you\Application\Admin\Model\AdminsModel.class.php 第 21 行.
SQL: SELECT `id`,`username`,`groupname`,`createdate` FROM `gp_master` INNER JOIN gp_groupmanager On gp_groupmanager.groupid=gp_master.groupid  WHERE `status` = 1 ORDER BY groupname desc  [ RunTime:0.0000s ]
INFO: [ view_parse ] --START--
INFO: [ template_filter ] --START--
INFO: Run Behavior\ContentReplaceBehavior [ RunTime:0.000000s ]
INFO: [ template_filter ] --END-- [ RunTime:0.000000s ]
INFO: Run Behavior\ParseTemplateBehavior [ RunTime:0.013000s ]
INFO: [ view_parse ] --END-- [ RunTime:0.013000s ]
INFO: [ view_filter ] --START--
INFO: Run Behavior\WriteHtmlCacheBehavior [ RunTime:0.000000s ]
INFO: [ view_filter ] --END-- [ RunTime:0.000000s ]
INFO: [ app_end ] --START--
INFO: Run Behavior\ShowPageTraceBehavior [ RunTime:0.000000s ]
INFO: [ app_end ] --END-- [ RunTime:0.000000s ]

[ 2016-06-07T14:51:39+08:00 ] ::1 /520you/Admin/Login/outlogin.html
INFO: [ app_init ] --START--
INFO: Run Behavior\BuildLiteBehavior [ RunTime:0.000000s ]
INFO: [ app_init ] --END-- [ RunTime:0.001000s ]
INFO: [ app_begin ] --START--
INFO: Run Behavior\ReadHtmlCacheBehavior [ RunTime:0.001000s ]
INFO: [ app_begin ] --END-- [ RunTime:0.001000s ]

[ 2016-06-07T14:51:39+08:00 ] ::1 /520you/Admin/Login/login.html
INFO: [ app_init ] --START--
INFO: Run Behavior\BuildLiteBehavior [ RunTime:0.000000s ]
INFO: [ app_init ] --END-- [ RunTime:0.000000s ]
INFO: [ app_begin ] --START--
INFO: Run Behavior\ReadHtmlCacheBehavior [ RunTime:0.000000s ]
INFO: [ app_begin ] --END-- [ RunTime:0.001000s ]
INFO: [ view_parse ] --START--
INFO: [ template_filter ] --START--
INFO: Run Behavior\ContentReplaceBehavior [ RunTime:0.000000s ]
INFO: [ template_filter ] --END-- [ RunTime:0.000000s ]
INFO: Run Behavior\ParseTemplateBehavior [ RunTime:0.005000s ]
INFO: [ view_parse ] --END-- [ RunTime:0.005000s ]
INFO: [ view_filter ] --START--
INFO: Run Behavior\WriteHtmlCacheBehavior [ RunTime:0.001000s ]
INFO: [ view_filter ] --END-- [ RunTime:0.001000s ]
INFO: [ app_end ] --START--
INFO: Run Behavior\ShowPageTraceBehavior [ RunTime:0.001000s ]
INFO: [ app_end ] --END-- [ RunTime:0.001000s ]

[ 2016-06-07T14:51:39+08:00 ] ::1 /520you/Admin/Login/login.html
INFO: [ app_init ] --START--
INFO: Run Behavior\BuildLiteBehavior [ RunTime:0.001000s ]
INFO: [ app_init ] --END-- [ RunTime:0.001000s ]
INFO: [ app_begin ] --START--
INFO: Run Behavior\ReadHtmlCacheBehavior [ RunTime:0.001000s ]
INFO: [ app_begin ] --END-- [ RunTime:0.001000s ]
INFO: [ view_parse ] --START--
INFO: [ template_filter ] --START--
INFO: Run Behavior\ContentReplaceBehavior [ RunTime:0.000000s ]
INFO: [ template_filter ] --END-- [ RunTime:0.000000s ]
INFO: Run Behavior\ParseTemplateBehavior [ RunTime:0.005001s ]
INFO: [ view_parse ] --END-- [ RunTime:0.005001s ]
INFO: [ view_filter ] --START--
INFO: Run Behavior\WriteHtmlCacheBehavior [ RunTime:0.000000s ]
INFO: [ view_filter ] --END-- [ RunTime:0.000000s ]
INFO: [ app_end ] --START--
INFO: Run Behavior\ShowPageTraceBehavior [ RunTime:0.001000s ]
INFO: [ app_end ] --END-- [ RunTime:0.001000s ]

[ 2016-06-07T14:51:39+08:00 ] ::1 /520you/Admin/Login/login.html
INFO: [ app_init ] --START--
INFO: Run Behavior\BuildLiteBehavior [ RunTime:0.000000s ]
INFO: [ app_init ] --END-- [ RunTime:0.001000s ]
INFO: [ app_begin ] --START--
INFO: Run Behavior\ReadHtmlCacheBehavior [ RunTime:0.001000s ]
INFO: [ app_begin ] --END-- [ RunTime:0.001000s ]
INFO: [ view_parse ] --START--
INFO: [ template_filter ] --START--
INFO: Run Behavior\ContentReplaceBehavior [ RunTime:0.000000s ]
INFO: [ template_filter ] --END-- [ RunTime:0.000000s ]
INFO: Run Behavior\ParseTemplateBehavior [ RunTime:0.005000s ]
INFO: [ view_parse ] --END-- [ RunTime:0.005000s ]
INFO: [ view_filter ] --START--
INFO: Run Behavior\WriteHtmlCacheBehavior [ RunTime:0.001000s ]
INFO: [ view_filter ] --END-- [ RunTime:0.001000s ]
INFO: [ app_end ] --START--
INFO: Run Behavior\ShowPageTraceBehavior [ RunTime:0.000000s ]
INFO: [ app_end ] --END-- [ RunTime:0.001000s ]

[ 2016-06-07T14:51:39+08:00 ] ::1 /520you/Admin/Login/login.html
INFO: [ app_init ] --START--
INFO: Run Behavior\BuildLiteBehavior [ RunTime:0.000000s ]
INFO: [ app_init ] --END-- [ RunTime:0.001000s ]
INFO: [ app_begin ] --START--
INFO: Run Behavior\ReadHtmlCacheBehavior [ RunTime:0.000000s ]
INFO: [ app_begin ] --END-- [ RunTime:0.000000s ]
INFO: [ view_parse ] --START--
INFO: [ template_filter ] --START--
INFO: Run Behavior\ContentReplaceBehavior [ RunTime:0.000000s ]
INFO: [ template_filter ] --END-- [ RunTime:0.000000s ]
INFO: Run Behavior\ParseTemplateBehavior [ RunTime:0.006001s ]
INFO: [ view_parse ] --END-- [ RunTime:0.006001s ]
INFO: [ view_filter ] --START--
INFO: Run Behavior\WriteHtmlCacheBehavior [ RunTime:0.000000s ]
INFO: [ view_filter ] --END-- [ RunTime:0.000000s ]
INFO: [ app_end ] --START--
INFO: Run Behavior\ShowPageTraceBehavior [ RunTime:0.001000s ]
INFO: [ app_end ] --END-- [ RunTime:0.001000s ]

[ 2016-06-07T14:51:41+08:00 ] ::1 /520you/Admin/Login/login.html
INFO: [ app_init ] --START--
INFO: Run Behavior\BuildLiteBehavior [ RunTime:0.000000s ]
INFO: [ app_init ] --END-- [ RunTime:0.001000s ]
INFO: [ app_begin ] --START--
INFO: Run Behavior\ReadHtmlCacheBehavior [ RunTime:0.000000s ]
INFO: [ app_begin ] --END-- [ RunTime:0.001000s ]
INFO: [ view_parse ] --START--
INFO: [ template_filter ] --START--
INFO: Run Behavior\ContentReplaceBehavior [ RunTime:0.000000s ]
INFO: [ template_filter ] --END-- [ RunTime:0.000000s ]
INFO: Run Behavior\ParseTemplateBehavior [ RunTime:0.005001s ]
INFO: [ view_parse ] --END-- [ RunTime:0.005001s ]
INFO: [ view_filter ] --START--
INFO: Run Behavior\WriteHtmlCacheBehavior [ RunTime:0.001000s ]
INFO: [ view_filter ] --END-- [ RunTime:0.001000s ]
INFO: [ app_end ] --START--
INFO: Run Behavior\ShowPageTraceBehavior [ RunTime:0.000000s ]
INFO: [ app_end ] --END-- [ RunTime:0.000000s ]

[ 2016-06-07T14:51:45+08:00 ] ::1 /520you/index.php/Admin/Login/dologin
INFO: [ app_init ] --START--
INFO: Run Behavior\BuildLiteBehavior [ RunTime:0.000000s ]
INFO: [ app_init ] --END-- [ RunTime:0.000000s ]
INFO: [ app_begin ] --START--
INFO: Run Behavior\ReadHtmlCacheBehavior [ RunTime:0.000000s ]
INFO: [ app_begin ] --END-- [ RunTime:0.000000s ]
SQL: SHOW COLUMNS FROM `gp_master` [ RunTime:0.0200s ]
NOTIC: [8] Undefined index: code E:\wamp\www\520you\Application\Admin\Controller\LoginController.class.php 第 19 行.
SQL: SELECT * FROM `gp_master` WHERE `username` = 'admin' AND `password` = '21232f297a57a5a743894a0e4a801fc3' AND `status` = 1 LIMIT 1   [ RunTime:0.0000s ]

[ 2016-06-07T14:51:45+08:00 ] ::1 /520you/index.php/Admin/Index/index
INFO: [ app_init ] --START--
INFO: Run Behavior\BuildLiteBehavior [ RunTime:0.000000s ]
INFO: [ app_init ] --END-- [ RunTime:0.001000s ]
INFO: [ app_begin ] --START--
INFO: Run Behavior\ReadHtmlCacheBehavior [ RunTime:0.001000s ]
INFO: [ app_begin ] --END-- [ RunTime:0.001000s ]
SQL: SHOW COLUMNS FROM `gp_admins_msg` [ RunTime:0.0030s ]
SQL: SHOW COLUMNS FROM `gp_admins_msg_read` [ RunTime:0.0030s ]
SQL: SELECT COUNT(*) AS tp_count FROM `gp_admins_msg_read` WHERE `userid` = 1 AND `read` = 1 LIMIT 1   [ RunTime:0.0010s ]
INFO: [ view_parse ] --START--
INFO: [ template_filter ] --START--
INFO: Run Behavior\ContentReplaceBehavior [ RunTime:0.000000s ]
INFO: [ template_filter ] --END-- [ RunTime:0.000000s ]
INFO: Run Behavior\ParseTemplateBehavior [ RunTime:0.010001s ]
INFO: [ view_parse ] --END-- [ RunTime:0.011001s ]
INFO: [ view_filter ] --START--
INFO: Run Behavior\WriteHtmlCacheBehavior [ RunTime:0.000000s ]
INFO: [ view_filter ] --END-- [ RunTime:0.000000s ]
INFO: [ app_end ] --START--
INFO: Run Behavior\ShowPageTraceBehavior [ RunTime:0.001000s ]
INFO: [ app_end ] --END-- [ RunTime:0.001000s ]

[ 2016-06-07T14:51:46+08:00 ] ::1 /520you/Admin/Admins/index.html
INFO: [ app_init ] --START--
INFO: Run Behavior\BuildLiteBehavior [ RunTime:0.000000s ]
INFO: [ app_init ] --END-- [ RunTime:0.001000s ]
INFO: [ app_begin ] --START--
INFO: Run Behavior\ReadHtmlCacheBehavior [ RunTime:0.000000s ]
INFO: [ app_begin ] --END-- [ RunTime:0.000000s ]
SQL: SHOW COLUMNS FROM `gp_admins_msg` [ RunTime:0.0040s ]
SQL: SHOW COLUMNS FROM `gp_admins_msg_read` [ RunTime:0.0030s ]
SQL: SELECT COUNT(*) AS tp_count FROM `gp_admins_msg_read` WHERE `userid` = 1 AND `read` = 1 LIMIT 1   [ RunTime:0.0000s ]
SQL: SHOW COLUMNS FROM `gp_master` [ RunTime:0.0030s ]
NOTIC: [8] Use of undefined constant id - assumed 'id' E:\wamp\www\520you\Application\Admin\Model\AdminsModel.class.php 第 21 行.
NOTIC: [8] Use of undefined constant username - assumed 'username' E:\wamp\www\520you\Application\Admin\Model\AdminsModel.class.php 第 21 行.
NOTIC: [8] Use of undefined constant groupname - assumed 'groupname' E:\wamp\www\520you\Application\Admin\Model\AdminsModel.class.php 第 21 行.
NOTIC: [8] Use of undefined constant createdate - assumed 'createdate' E:\wamp\www\520you\Application\Admin\Model\AdminsModel.class.php 第 21 行.
SQL: SELECT `id`,`username`,`groupname`,`createdate` FROM `gp_master` INNER JOIN gp_groupmanager On gp_groupmanager.groupid=gp_master.groupid  WHERE `status` = 1 ORDER BY groupname desc  [ RunTime:0.0010s ]
INFO: [ view_parse ] --START--
INFO: [ template_filter ] --START--
INFO: Run Behavior\ContentReplaceBehavior [ RunTime:0.000000s ]
INFO: [ template_filter ] --END-- [ RunTime:0.000000s ]
INFO: Run Behavior\ParseTemplateBehavior [ RunTime:0.013000s ]
INFO: [ view_parse ] --END-- [ RunTime:0.014000s ]
INFO: [ view_filter ] --START--
INFO: Run Behavior\WriteHtmlCacheBehavior [ RunTime:0.000000s ]
INFO: [ view_filter ] --END-- [ RunTime:0.000000s ]
INFO: [ app_end ] --START--
INFO: Run Behavior\ShowPageTraceBehavior [ RunTime:0.000000s ]
INFO: [ app_end ] --END-- [ RunTime:0.001001s ]

[ 2016-06-07T14:51:56+08:00 ] ::1 /520you/Admin/Admins/index.html
INFO: [ app_init ] --START--
INFO: Run Behavior\BuildLiteBehavior [ RunTime:0.000000s ]
INFO: [ app_init ] --END-- [ RunTime:0.000000s ]
INFO: [ app_begin ] --START--
INFO: Run Behavior\ReadHtmlCacheBehavior [ RunTime:0.001000s ]
INFO: [ app_begin ] --END-- [ RunTime:0.001000s ]
SQL: SHOW COLUMNS FROM `gp_admins_msg` [ RunTime:0.0020s ]
SQL: SHOW COLUMNS FROM `gp_admins_msg_read` [ RunTime:0.0030s ]
SQL: SELECT COUNT(*) AS tp_count FROM `gp_admins_msg_read` WHERE `userid` = 1 AND `read` = 1 LIMIT 1   [ RunTime:0.0010s ]
SQL: SHOW COLUMNS FROM `gp_master` [ RunTime:0.0020s ]
NOTIC: [8] Use of undefined constant id - assumed 'id' E:\wamp\www\520you\Application\Admin\Model\AdminsModel.class.php 第 21 行.
NOTIC: [8] Use of undefined constant username - assumed 'username' E:\wamp\www\520you\Application\Admin\Model\AdminsModel.class.php 第 21 行.
NOTIC: [8] Use of undefined constant groupname - assumed 'groupname' E:\wamp\www\520you\Application\Admin\Model\AdminsModel.class.php 第 21 行.
NOTIC: [8] Use of undefined constant createdate - assumed 'createdate' E:\wamp\www\520you\Application\Admin\Model\AdminsModel.class.php 第 21 行.
SQL: SELECT `id`,`username`,`groupname`,`createdate` FROM `gp_master` INNER JOIN gp_groupmanager On gp_groupmanager.groupid=gp_master.groupid  WHERE `status` = 1 ORDER BY groupname desc  [ RunTime:0.0000s ]
INFO: [ view_parse ] --START--
INFO: [ template_filter ] --START--
INFO: Run Behavior\ContentReplaceBehavior [ RunTime:0.001000s ]
INFO: [ template_filter ] --END-- [ RunTime:0.001000s ]
INFO: Run Behavior\ParseTemplateBehavior [ RunTime:0.013001s ]
INFO: [ view_parse ] --END-- [ RunTime:0.013001s ]
INFO: [ view_filter ] --START--
INFO: Run Behavior\WriteHtmlCacheBehavior [ RunTime:0.000000s ]
INFO: [ view_filter ] --END-- [ RunTime:0.000000s ]
INFO: [ app_end ] --START--
INFO: Run Behavior\ShowPageTraceBehavior [ RunTime:0.000000s ]
INFO: [ app_end ] --END-- [ RunTime:0.001000s ]

[ 2016-06-07T14:52:20+08:00 ] ::1 /520you/Admin/Admins/index.html
INFO: [ app_init ] --START--
INFO: Run Behavior\BuildLiteBehavior [ RunTime:0.000000s ]
INFO: [ app_init ] --END-- [ RunTime:0.000000s ]
INFO: [ app_begin ] --START--
INFO: Run Behavior\ReadHtmlCacheBehavior [ RunTime:0.000000s ]
INFO: [ app_begin ] --END-- [ RunTime:0.000000s ]
SQL: SHOW COLUMNS FROM `gp_admins_msg` [ RunTime:0.0020s ]
SQL: SHOW COLUMNS FROM `gp_admins_msg_read` [ RunTime:0.0030s ]
SQL: SELECT COUNT(*) AS tp_count FROM `gp_admins_msg_read` WHERE `userid` = 1 AND `read` = 1 LIMIT 1   [ RunTime:0.0010s ]
SQL: SHOW COLUMNS FROM `gp_master` [ RunTime:0.0020s ]
NOTIC: [8] Use of undefined constant id - assumed 'id' E:\wamp\www\520you\Application\Admin\Model\AdminsModel.class.php 第 21 行.
NOTIC: [8] Use of undefined constant username - assumed 'username' E:\wamp\www\520you\Application\Admin\Model\AdminsModel.class.php 第 21 行.
NOTIC: [8] Use of undefined constant groupname - assumed 'groupname' E:\wamp\www\520you\Application\Admin\Model\AdminsModel.class.php 第 21 行.
NOTIC: [8] Use of undefined constant createdate - assumed 'createdate' E:\wamp\www\520you\Application\Admin\Model\AdminsModel.class.php 第 21 行.
SQL: SELECT `id`,`username`,`groupname`,`createdate` FROM `gp_master` INNER JOIN gp_groupmanager On gp_groupmanager.groupid=gp_master.groupid  WHERE `status` = 1 ORDER BY groupname desc  [ RunTime:0.0010s ]
INFO: [ view_parse ] --START--
INFO: [ template_filter ] --START--
INFO: Run Behavior\ContentReplaceBehavior [ RunTime:0.000000s ]
INFO: [ template_filter ] --END-- [ RunTime:0.000000s ]

[ 2016-06-07T14:52:20+08:00 ] ::1 /520you/Admin/Admins/index.html
INFO: [ app_init ] --START--
INFO: Run Behavior\BuildLiteBehavior [ RunTime:0.000000s ]
INFO: [ app_init ] --END-- [ RunTime:0.000000s ]
INFO: [ app_begin ] --START--
INFO: Run Behavior\ReadHtmlCacheBehavior [ RunTime:0.001000s ]
INFO: [ app_begin ] --END-- [ RunTime:0.001000s ]
SQL: SHOW COLUMNS FROM `gp_admins_msg` [ RunTime:0.0030s ]
SQL: SHOW COLUMNS FROM `gp_admins_msg_read` [ RunTime:0.0020s ]
SQL: SELECT COUNT(*) AS tp_count FROM `gp_admins_msg_read` WHERE `userid` = 1 AND `read` = 1 LIMIT 1   [ RunTime:0.0000s ]
SQL: SHOW COLUMNS FROM `gp_master` [ RunTime:0.0020s ]
NOTIC: [8] Use of undefined constant id - assumed 'id' E:\wamp\www\520you\Application\Admin\Model\AdminsModel.class.php 第 21 行.
NOTIC: [8] Use of undefined constant username - assumed 'username' E:\wamp\www\520you\Application\Admin\Model\AdminsModel.class.php 第 21 行.
NOTIC: [8] Use of undefined constant groupname - assumed 'groupname' E:\wamp\www\520you\Application\Admin\Model\AdminsModel.class.php 第 21 行.
NOTIC: [8] Use of undefined constant createdate - assumed 'createdate' E:\wamp\www\520you\Application\Admin\Model\AdminsModel.class.php 第 21 行.
SQL: SELECT `id`,`username`,`groupname`,`createdate` FROM `gp_master` INNER JOIN gp_groupmanager On gp_groupmanager.groupid=gp_master.groupid  WHERE `status` = 1 ORDER BY groupname desc  [ RunTime:0.0010s ]
INFO: [ view_parse ] --START--
INFO: [ template_filter ] --START--
INFO: Run Behavior\ContentReplaceBehavior [ RunTime:0.000000s ]
INFO: [ template_filter ] --END-- [ RunTime:0.000000s ]
INFO: Run Behavior\ParseTemplateBehavior [ RunTime:0.013001s ]
INFO: [ view_parse ] --END-- [ RunTime:0.013001s ]
INFO: [ view_filter ] --START--
INFO: Run Behavior\WriteHtmlCacheBehavior [ RunTime:0.001000s ]
INFO: [ view_filter ] --END-- [ RunTime:0.001000s ]
INFO: [ app_end ] --START--
INFO: Run Behavior\ShowPageTraceBehavior [ RunTime:0.001000s ]
INFO: [ app_end ] --END-- [ RunTime:0.001000s ]

[ 2016-06-07T14:52:21+08:00 ] ::1 /520you/Admin/Admins/index.html
INFO: [ app_init ] --START--
INFO: Run Behavior\BuildLiteBehavior [ RunTime:0.000000s ]
INFO: [ app_init ] --END-- [ RunTime:0.000000s ]
INFO: [ app_begin ] --START--
INFO: Run Behavior\ReadHtmlCacheBehavior [ RunTime:0.000000s ]
INFO: [ app_begin ] --END-- [ RunTime:0.009001s ]
SQL: SHOW COLUMNS FROM `gp_admins_msg` [ RunTime:0.0020s ]
SQL: SHOW COLUMNS FROM `gp_admins_msg_read` [ RunTime:0.0020s ]
SQL: SELECT COUNT(*) AS tp_count FROM `gp_admins_msg_read` WHERE `userid` = 1 AND `read` = 1 LIMIT 1   [ RunTime:0.0010s ]
SQL: SHOW COLUMNS FROM `gp_master` [ RunTime:0.0020s ]
NOTIC: [8] Use of undefined constant id - assumed 'id' E:\wamp\www\520you\Application\Admin\Model\AdminsModel.class.php 第 21 行.
NOTIC: [8] Use of undefined constant username - assumed 'username' E:\wamp\www\520you\Application\Admin\Model\AdminsModel.class.php 第 21 行.
NOTIC: [8] Use of undefined constant groupname - assumed 'groupname' E:\wamp\www\520you\Application\Admin\Model\AdminsModel.class.php 第 21 行.
NOTIC: [8] Use of undefined constant createdate - assumed 'createdate' E:\wamp\www\520you\Application\Admin\Model\AdminsModel.class.php 第 21 行.
SQL: SELECT `id`,`username`,`groupname`,`createdate` FROM `gp_master` INNER JOIN gp_groupmanager On gp_groupmanager.groupid=gp_master.groupid  WHERE `status` = 1 ORDER BY groupname desc  [ RunTime:0.0000s ]
INFO: [ view_parse ] --START--
INFO: [ template_filter ] --START--
INFO: Run Behavior\ContentReplaceBehavior [ RunTime:0.001000s ]
INFO: [ template_filter ] --END-- [ RunTime:0.001000s ]
INFO: Run Behavior\ParseTemplateBehavior [ RunTime:0.013001s ]
INFO: [ view_parse ] --END-- [ RunTime:0.013001s ]
INFO: [ view_filter ] --START--
INFO: Run Behavior\WriteHtmlCacheBehavior [ RunTime:0.000000s ]
INFO: [ view_filter ] --END-- [ RunTime:0.001000s ]
INFO: [ app_end ] --START--
INFO: Run Behavior\ShowPageTraceBehavior [ RunTime:0.000000s ]
INFO: [ app_end ] --END-- [ RunTime:0.000000s ]

[ 2016-06-07T14:52:28+08:00 ] ::1 /520you/Admin/Admins/index.html
INFO: [ app_init ] --START--
INFO: Run Behavior\BuildLiteBehavior [ RunTime:0.000000s ]
INFO: [ app_init ] --END-- [ RunTime:0.000000s ]
INFO: [ app_begin ] --START--
INFO: Run Behavior\ReadHtmlCacheBehavior [ RunTime:0.001000s ]
INFO: [ app_begin ] --END-- [ RunTime:0.001000s ]
SQL: SHOW COLUMNS FROM `gp_admins_msg` [ RunTime:0.0040s ]
SQL: SHOW COLUMNS FROM `gp_admins_msg_read` [ RunTime:0.0040s ]
SQL: SELECT COUNT(*) AS tp_count FROM `gp_admins_msg_read` WHERE `userid` = 1 AND `read` = 1 LIMIT 1   [ RunTime:0.0000s ]
SQL: SHOW COLUMNS FROM `gp_master` [ RunTime:0.0040s ]
NOTIC: [8] Use of undefined constant id - assumed 'id' E:\wamp\www\520you\Application\Admin\Model\AdminsModel.class.php 第 21 行.
NOTIC: [8] Use of undefined constant username - assumed 'username' E:\wamp\www\520you\Application\Admin\Model\AdminsModel.class.php 第 21 行.
NOTIC: [8] Use of undefined constant groupname - assumed 'groupname' E:\wamp\www\520you\Application\Admin\Model\AdminsModel.class.php 第 21 行.
NOTIC: [8] Use of undefined constant createdate - assumed 'createdate' E:\wamp\www\520you\Application\Admin\Model\AdminsModel.class.php 第 21 行.
SQL: SELECT `id`,`username`,`groupname`,`createdate` FROM `gp_master` INNER JOIN gp_groupmanager On gp_groupmanager.groupid=gp_master.groupid  WHERE `status` = 1 ORDER BY groupname desc  [ RunTime:0.0000s ]
INFO: [ view_parse ] --START--
INFO: [ template_filter ] --START--
INFO: Run Behavior\ContentReplaceBehavior [ RunTime:0.001000s ]
INFO: [ template_filter ] --END-- [ RunTime:0.001000s ]
INFO: Run Behavior\ParseTemplateBehavior [ RunTime:0.018001s ]
INFO: [ view_parse ] --END-- [ RunTime:0.018001s ]
INFO: [ view_filter ] --START--
INFO: Run Behavior\WriteHtmlCacheBehavior [ RunTime:0.000000s ]
INFO: [ view_filter ] --END-- [ RunTime:0.000000s ]
INFO: [ app_end ] --START--
INFO: Run Behavior\ShowPageTraceBehavior [ RunTime:0.001000s ]
INFO: [ app_end ] --END-- [ RunTime:0.001000s ]

[ 2016-06-07T14:54:49+08:00 ] ::1 /520you/Admin/Admins/index.html
INFO: [ app_init ] --START--
INFO: Run Behavior\BuildLiteBehavior [ RunTime:0.000000s ]
INFO: [ app_init ] --END-- [ RunTime:0.000000s ]
INFO: [ app_begin ] --START--
INFO: Run Behavior\ReadHtmlCacheBehavior [ RunTime:0.001001s ]
INFO: [ app_begin ] --END-- [ RunTime:0.001001s ]
SQL: SHOW COLUMNS FROM `gp_admins_msg` [ RunTime:0.0030s ]
SQL: SHOW COLUMNS FROM `gp_admins_msg_read` [ RunTime:0.0030s ]
SQL: SELECT COUNT(*) AS tp_count FROM `gp_admins_msg_read` WHERE `userid` = 1 AND `read` = 1 LIMIT 1   [ RunTime:0.0000s ]
SQL: SHOW COLUMNS FROM `gp_master` [ RunTime:0.0030s ]
NOTIC: [8] Use of undefined constant id - assumed 'id' E:\wamp\www\520you\Application\Admin\Model\AdminsModel.class.php 第 21 行.
NOTIC: [8] Use of undefined constant username - assumed 'username' E:\wamp\www\520you\Application\Admin\Model\AdminsModel.class.php 第 21 行.
NOTIC: [8] Use of undefined constant groupname - assumed 'groupname' E:\wamp\www\520you\Application\Admin\Model\AdminsModel.class.php 第 21 行.
NOTIC: [8] Use of undefined constant createdate - assumed 'createdate' E:\wamp\www\520you\Application\Admin\Model\AdminsModel.class.php 第 21 行.
SQL: SELECT `id`,`username`,`groupname`,`createdate` FROM `gp_master` INNER JOIN gp_groupmanager On gp_groupmanager.groupid=gp_master.groupid  WHERE `status` = 1 ORDER BY groupname desc  [ RunTime:0.0010s ]
INFO: [ view_parse ] --START--
INFO: [ template_filter ] --START--
INFO: Run Behavior\ContentReplaceBehavior [ RunTime:0.001000s ]
INFO: [ template_filter ] --END-- [ RunTime:0.001000s ]
INFO: Run Behavior\ParseTemplateBehavior [ RunTime:0.013001s ]
INFO: [ view_parse ] --END-- [ RunTime:0.013001s ]
INFO: [ view_filter ] --START--
INFO: Run Behavior\WriteHtmlCacheBehavior [ RunTime:0.000000s ]
INFO: [ view_filter ] --END-- [ RunTime:0.000000s ]
INFO: [ app_end ] --START--
INFO: Run Behavior\ShowPageTraceBehavior [ RunTime:0.001000s ]
INFO: [ app_end ] --END-- [ RunTime:0.001000s ]

